(---------------------------------------------------------------------)
(                                                                     )
(    DBDOCTOR                                                         )
(                                                                     )
(    Drawing          : PMOD2BNC_V1_0_2.brd                           )
(    Software Version : 23.1P001                                      )
(    Date/Time        : Thu Dec 21 22:05:50 2023                      )
(                                                                     )
(---------------------------------------------------------------------)



WARNING:   WARNING(SPMHDB-42): Run batch DRC to regenerate DRC errs.

1 warnings, 0 errors detected, 0 errors  fixed.

Saved drawing C:/Jeonghyun/GIT/PMOD2BNC/23_1/PMOD2BNC/PMOD2BNC.brd.
(---------------------------------------------------------------------)
(                                                                     )
(    DBDOCTOR                                                         )
(                                                                     )
(    Drawing          : PMOD2BNC_V1_0_2.brd                           )
(    Software Version : 23.1P001                                      )
(    Date/Time        : Thu Dec 21 22:05:56 2023                      )
(                                                                     )
(---------------------------------------------------------------------)



Regenerating DRC
  Original DRC errors:   0
  Updated DRC errors:    0
  DRC elapsed time:      00:00:01

0 warnings, 0 errors detected, 0 errors  fixed.

Saved drawing C:/Jeonghyun/GIT/PMOD2BNC/23_1/PMOD2BNC/PMOD2BNC.brd.


<<< Design Uprev Warnings >>>

Thu Dec 21 22:05:56 2023				Page     1


Performing DRC...
No DRC errors detected.
