(---------------------------------------------------------------------)
(                                                                     )
(    QUICKPLACE LOG                                                   )
(                                                                     )
(    Drawing          : PMOD2BNC_V1_0.brd                             )
(    Software Version : 16.6P004                                      )
(    Date/Time        : Tue Jun 27 17:08:50 2023                      )
(                                                                     )
(---------------------------------------------------------------------)


State: Placing on layer TOP

         Placed symbol:  J5 / 71764_0114_717640112_71764_0114 / 717640112 at (2.5753 8.5977)
         Placed symbol:  IC1 / PESD4USB5B_TBRX_PESD4USB5BTBRX_ / PESD4USB5BTBRX at (2.6503 8.2524)
         Placed symbol:  IC25 / PESD4USB5B_TBRX_PESD4USB5BTBRX_ / PESD4USB5BTBRX at (2.6503 7.8781)
         Placed symbol:  D1 / PESD4USB3B_TBSX_PESD4USB3BTBSX_ / PESD4USB3BTBSX at (2.6503 7.5038)
         Placed symbol:  D2 / PESD4USB3B_TBSX_PESD4USB3BTBSX_ / PESD4USB3BTBSX at (2.6503 7.1295)
         Placed symbol:  IC11 / SI8620BC_B_IS_SOIC127P600X175-8 / SOIC127P600X175-8N at (2.7953 6.6542)
         Placed symbol:  IC19 / SI8620BC_B_IS_SOIC127P600X175-8 / SOIC127P600X175-8N at (2.7953 6.0779)
         Placed symbol:  IC31 / TLP7920_D4_TP1_F_DIP762W60P254L / DIP762W60P254L966H485Q8N at (2.5213 5.6366)
         Placed symbol:  IC26 / FDS8958B_SOIC127P600X175-8N_FDS / SOIC127P600X175-8N at (2.7953 4.4333)
         Placed symbol:  IC28 / FDS8958B_SOIC127P600X175-8N_FDS / SOIC127P600X175-8N at (2.7953 3.8570)
         Placed symbol:  IC29 / DS04_254_2_04BK_SMT_SOP254P990X / SOP254P990X430-8N at (2.9953 2.9577)
         Placed symbol:  IC34 / DS04_254_2_04BK_SMT_SOP254P990X / SOP254P990X430-8N at (2.9953 1.7354)
         Placed symbol:  IC9 / 74LVCH2T45DC_Q100H_74LVCH2T45DC / 74LVCH2T45DCQ100H at (2.6253 0.8341)
         Placed symbol:  IC33 / TLP7920_D4_TP1_F_DIP762W60P254L / DIP762W60P254L966H485Q8N at (4.3756 9.8367)
         Placed symbol:  IC2 / FDS8958B_SOIC127P600X175-8N_FDS / SOIC127P600X175-8N at (4.6496 8.6334)
         Placed symbol:  IC38 / 74LVCH2T45DC_Q100H_74LVCH2T45DC / 74LVCH2T45DCQ100H at (4.4796 8.0551)
         Placed symbol:  IC32 / TLP7920_D4_TP1_F_DIP762W60P254L / DIP762W60P254L966H485Q8N at (4.3756 7.6118)
         Placed symbol:  IC14 / 74LVCH2T45DC_Q100H_74LVCH2T45DC / 74LVCH2T45DCQ100H at (4.4796 6.4065)
         Placed symbol:  IC8 / SI8620BC_B_IS_SOIC127P600X175-8 / SOIC127P600X175-8N at (4.6496 5.8282)
         Placed symbol:  IC40 / SI8620BC_B_IS_SOIC127P600X175-8 / SOIC127P600X175-8N at (4.6496 5.2519)
         Placed symbol:  IC37 / SI8620BC_B_IS_SOIC127P600X175-8 / SOIC127P600X175-8N at (4.6496 4.6756)
         Placed symbol:  IC22 / SI8620BC_B_IS_SOIC127P600X175-8 / SOIC127P600X175-8N at (4.6496 4.0993)
         Placed symbol:  IC30 / TLP7920_D4_TP1_F_DIP762W60P254L / DIP762W60P254L966H485Q8N at (4.3756 3.6580)
         Placed symbol:  IC16 / SI8620BC_B_IS_SOIC127P600X175-8 / SOIC127P600X175-8N at (4.6496 2.4547)
         Placed symbol:  IC13 / SI8620BC_B_IS_SOIC127P600X175-8 / SOIC127P600X175-8N at (4.6496 1.8784)
         Placed symbol:  IC20 / 74LVCH2T45DC_Q100H_74LVCH2T45DC / 74LVCH2T45DCQ100H at (4.4796 1.3001)
         Placed symbol:  IC39 / 74LVC1G3157GW_125_74LVC1G3157GW / 74LVC1G3157GW125 at (4.4996 0.7898)
         Placed symbol:  IC36 / 74LVC1G3157GW_125_74LVC1G3157GW / 74LVC1G3157GW125 at (4.4996 0.3495)
         Placed symbol:  Q4 / NTGD4167CT1G_SOT95P275X110-6N_N / SOT95P275X110-6N at (5.4739 9.7967)
         Placed symbol:  IC21 / 74LVC1G3157GW_125_74LVC1G3157GW / 74LVC1G3157GW125 at (5.4839 9.3834)
         Placed symbol:  IC18 / 74LVC1G3157GW_125_74LVC1G3157GW / 74LVC1G3157GW125 at (5.4839 8.9431)
         Placed symbol:  IC15 / 74LVC1G3157GW_125_74LVC1G3157GW / 74LVC1G3157GW125 at (5.4839 8.5028)
         Placed symbol:  IC12 / 74LVC1G3157GW_125_74LVC1G3157GW / 74LVC1G3157GW125 at (5.4839 8.0625)
         Placed symbol:  IC10 / 74LVC1G3157GW_125_74LVC1G3157GW / 74LVC1G3157GW125 at (5.4839 7.6222)
         Placed symbol:  Q7 / NTGD4167CT1G_SOT95P275X110-6N_N / SOT95P275X110-6N at (5.4739 7.2089)
         Placed symbol:  Q8 / NTGD4167CT1G_SOT95P275X110-6N_N / SOT95P275X110-6N at (5.4739 6.8226)
         Placed symbol:  Q6 / NTGD4167CT1G_SOT95P275X110-6N_N / SOT95P275X110-6N at (5.4739 6.4363)
         Placed symbol:  Q5 / NTGD4167CT1G_SOT95P275X110-6N_N / SOT95P275X110-6N at (5.4739 6.0500)
         Placed symbol:  J1 / 031_6576_0316576_031_6576 / 0316576 at (5.4689 5.2757)
         Placed symbol:  J2 / 031_6576_0316576_031_6576 / 0316576 at (5.4689 3.6054)
         Placed symbol:  J3 / 031_6576_0316576_031_6576 / 0316576 at (5.4689 1.9351)
         Placed symbol:  J4 / 031_6576_0316576_031_6576 / 0316576 at (9.3192 9.4087)
         Placed symbol:  Q3 / NTGD4167CT1G_SOT95P275X110-6N_N / SOT95P275X110-6N at (9.3242 8.1264)
         Placed symbol:  IC7 / 74LVC1G3157GW_125_74LVC1G3157GW / 74LVC1G3157GW125 at (9.3342 7.7131)
         Placed symbol:  Q14 / NTGD4167CT1G_SOT95P275X110-6N_N / SOT95P275X110-6N at (9.3242 7.2998)
         Placed symbol:  Q9 / NTGD4167CT1G_SOT95P275X110-6N_N / SOT95P275X110-6N at (9.3242 6.9135)
         Placed symbol:  IC6 / NLVHC1G14DFT1G_SOT65P210X110-5N / SOT65P210X110-5N at (9.2842 6.5722)
         Placed symbol:  IC5 / NLVHC1G14DFT1G_SOT65P210X110-5N / SOT65P210X110-5N at (9.2842 6.2759)
         Placed symbol:  IC4 / NLVHC1G14DFT1G_SOT65P210X110-5N / SOT65P210X110-5N at (9.2842 5.9796)
         Placed symbol:  IC3 / NLVHC1G14DFT1G_SOT65P210X110-5N / SOT65P210X110-5N at (9.2842 5.6833)
         Placed symbol:  IC27 / LD29150PTR_LD29150PTR_LD29150PT / LD29150PTR at (9.5492 4.9550)
         Placed symbol:  IC24 / NLVHC1G14DFT1G_SOT65P210X110-5N / SOT65P210X110-5N at (9.2842 4.0067)
         Placed symbol:  IC23 / NLVHC1G14DFT1G_SOT65P210X110-5N / SOT65P210X110-5N at (9.2842 3.7104)
         Placed symbol:  IC17 / NLVHC1G14DFT1G_SOT65P210X110-5N / SOT65P210X110-5N at (9.2842 3.4141)
         Placed symbol:  IC35 / NLVHC1G14DFT1G_SOT65P210X110-5N / SOT65P210X110-5N at (9.2842 3.1178)
         Placed symbol:  J6 / 46207_1104_46207-YY_2_04_46207_ / 46207-YY_2_04 at (9.9692 2.0695)
         Placed symbol:  Q12 / NVR4501NT1G_SOT96P237X111-3N_NV / SOT96P237X111-3N at (9.3042 1.3992)
         Placed symbol:  Q13 / NVR4501NT1G_SOT96P237X111-3N_NV / SOT96P237X111-3N at (9.3042 1.0189)
         Placed symbol:  Q11 / NVR4501NT1G_SOT96P237X111-3N_NV / SOT96P237X111-3N at (9.3042 0.6386)
         Placed symbol:  Q10 / NVR4501NT1G_SOT96P237X111-3N_NV / SOT96P237X111-3N at (9.3042 0.2583)
         Placed symbol:  Q1 / NVR4501NT1G_SOT96P237X111-3N_NV / SOT96P237X111-3N at (13.1545 9.7997)
         Placed symbol:  Q2 / NVR4501NT1G_SOT96P237X111-3N_NV / SOT96P237X111-3N at (13.1545 9.4194)
         Placed symbol:  C7 / 100NCAP_100NCAP_MAASL063SB7103M / 100NCAP at (12.9918 9.1441)
         Placed symbol:  C5 / MAL215375109E3_CAPAE450X450N_MA / CAPAE450X450N at (13.3145 8.7708)
         Placed symbol:  C6 / 100NCAP_100NCAP_MAASL063SB7103M / 100NCAP at (12.9918 8.3975)
         Placed symbol:  LED1 / 5988260107F_LEDC3216X78N_598826 / LEDC3216X78N at (13.2075 8.1672)
         Placed symbol:  LED2 / 5988260107F_LEDC3216X78N_598826 / LEDC3216X78N at (13.2075 7.8769)
         Placed symbol:  LED11 / 5988260107F_LEDC3216X78N_598826 / LEDC3216X78N at (13.2075 7.5866)
         Placed symbol:  LED4 / 5988260107F_LEDC3216X78N_598826 / LEDC3216X78N at (13.2075 7.2963)
         Placed symbol:  LED5 / 5988260107F_LEDC3216X78N_598826 / LEDC3216X78N at (13.2075 7.0060)
         Placed symbol:  LED6 / 5988260107F_LEDC3216X78N_598826 / LEDC3216X78N at (13.2075 6.7157)
         Placed symbol:  C4 / 08053D334KAT2A_CAPC2012X140N_08 / CAPC2012X140N at (13.1095 6.4684)
         Placed symbol:  LED8 / 5988260107F_LEDC3216X78N_598826 / LEDC3216X78N at (13.2075 6.2211)
         Placed symbol:  LED9 / 5988260107F_LEDC3216X78N_598826 / LEDC3216X78N at (13.2075 5.9308)
         Placed symbol:  C8 / 100NCAP_100NCAP_MAASL063SB7103M / 100NCAP at (12.9918 5.7005)
         Placed symbol:  C9 / 100NCAP_100NCAP_MAASL063SB7103M / 100NCAP at (12.9918 5.5302)
         Placed symbol:  C3 / KAM03CT70J105KH_1U_KAM03CT70J10 / KAM03CT70J105KH_1U at (12.9958 5.3841)
         Placed symbol:  LED3 / 5988260107F_LEDC3216X78N_598826 / LEDC3216X78N at (13.2075 5.1888)
         Placed symbol:  FB1 / BLM18PG121SN1D_BLM18EG121SH1D_B / BLM18EG121SH1D at (13.1105 4.9555)
         Placed symbol:  LED7 / 5988260107F_LEDC3216X78N_598826 / LEDC3216X78N at (13.2075 4.7222)
         Placed symbol:  C2 / 100NCAP_100NCAP_MAASL063SB7103M / 100NCAP at (12.9918 4.4919)
         Placed symbol:  C14 / 100NCAP_100NCAP_MAASL063SB7103M / 100NCAP at (12.9918 4.3216)
         Placed symbol:  C13 / 100NCAP_100NCAP_MAASL063SB7103M / 100NCAP at (12.9918 4.1513)
         Placed symbol:  C12 / 100NCAP_100NCAP_MAASL063SB7103M / 100NCAP at (12.9918 3.9810)
         Placed symbol:  C11 / 100NCAP_100NCAP_MAASL063SB7103M / 100NCAP at (12.9918 3.8107)
         Placed symbol:  C10 / 100NCAP_100NCAP_MAASL063SB7103M / 100NCAP at (12.9918 3.6404)
         Placed symbol:  C1 / MSRLJ103SB5104MFNA01_100N_MSRLJ / MSRLJ103SB5104MFNA01_100N at (12.9918 3.4701)
         Placed symbol:  LED10 / 5988260107F_LEDC3216X78N_598826 / LEDC3216X78N at (13.2075 3.2398)
         Placed symbol:  R1 / ERA_8AEB1580V_RESC3216X70N_ERA_ / RESC3216X70N at (13.1955 2.9715)
         Placed symbol:  R11 / ERA_8AEB1580V_RESC3216X70N_ERA_ / RESC3216X70N at (13.1955 2.7252)
         Placed symbol:  R13 / ERA_8AEB1580V_RESC3216X70N_ERA_ / RESC3216X70N at (13.1955 2.4789)
         Placed symbol:  R3 / ERA_8AEB1580V_RESC3216X70N_ERA_ / RESC3216X70N at (13.1955 2.2326)
         Placed symbol:  R38 / ERA_8AEB1580V_RESC3216X70N_ERA_ / RESC3216X70N at (13.1955 1.9863)
         Placed symbol:  R5 / ERA_8AEB1580V_RESC3216X70N_ERA_ / RESC3216X70N at (13.1955 1.7400)
         Placed symbol:  R7 / ERA_8AEB1580V_RESC3216X70N_ERA_ / RESC3216X70N at (13.1955 1.4937)
         Placed symbol:  R9 / ERA_8AEB1580V_RESC3216X70N_ERA_ / RESC3216X70N at (13.1955 1.2474)
         Placed symbol:  R10 / RP73PF2A73R2BTDF_RESC2012X65N_R / RESC2012X65N at (13.1325 1.0111)
         Placed symbol:  R12 / RP73PF2A73R2BTDF_RESC2012X65N_R / RESC2012X65N at (13.1325 0.7848)
         Placed symbol:  R14 / RP73PF2A73R2BTDF_RESC2012X65N_R / RESC2012X65N at (13.1325 0.5585)
         Placed symbol:  R2 / RP73PF2A73R2BTDF_RESC2012X65N_R / RESC2012X65N at (13.1325 0.3322)
         Placed symbol:  R39 / RP73PF2A73R2BTDF_RESC2012X65N_R / RESC2012X65N at (13.1325 0.1059)
         Placed symbol:  R4 / RP73PF2A73R2BTDF_RESC2012X65N_R / RESC2012X65N at (13.8628 9.8767)
         Placed symbol:  R6 / RP73PF2A73R2BTDF_RESC2012X65N_R / RESC2012X65N at (13.8628 9.6504)
         Placed symbol:  R8 / RP73PF2A73R2BTDF_RESC2012X65N_R / RESC2012X65N at (13.8628 9.4241)
         Placed symbol:  R15 / RNCP1206FTD10K0_RESC3115X60N_RN / RESC3115X60N at (13.9208 9.1878)
         Placed symbol:  R20 / RNCP1206FTD10K0_RESC3115X60N_RN / RESC3115X60N at (13.9208 8.9415)
         Placed symbol:  R21 / RNCP1206FTD10K0_RESC3115X60N_RN / RESC3115X60N at (13.9208 8.6952)
         Placed symbol:  R22 / RNCP1206FTD10K0_RESC3115X60N_RN / RESC3115X60N at (13.9208 8.4489)
         Placed symbol:  R23 / RNCP1206FTD10K0_RESC3115X60N_RN / RESC3115X60N at (13.9208 8.2026)
         Placed symbol:  R24 / RNCP1206FTD10K0_RESC3115X60N_RN / RESC3115X60N at (13.9208 7.9563)
         Placed symbol:  R25 / RNCP1206FTD10K0_RESC3115X60N_RN / RESC3115X60N at (13.9208 7.7100)
         Placed symbol:  R30 / RNCP1206FTD10K0_RESC3115X60N_RN / RESC3115X60N at (13.9208 7.4637)
         Placed symbol:  R31 / RNCP1206FTD10K0_RESC3115X60N_RN / RESC3115X60N at (13.9208 7.2174)
         Placed symbol:  R32 / RNCP1206FTD10K0_RESC3115X60N_RN / RESC3115X60N at (13.9208 6.9711)
         Placed symbol:  R33 / RNCP1206FTD10K0_RESC3115X60N_RN / RESC3115X60N at (13.9208 6.7248)
         Placed symbol:  R16 / TNPU04021K00BZEP00_RESC1005X40N / RESC1005X40N at (13.8088 6.5335)
         Placed symbol:  R17 / TNPU04021K00BZEP00_RESC1005X40N / RESC1005X40N at (13.8088 6.3972)
         Placed symbol:  R26 / TNPU04021K00BZEP00_RESC1005X40N / RESC1005X40N at (13.8088 6.2609)
         Placed symbol:  R27 / TNPU04021K00BZEP00_RESC1005X40N / RESC1005X40N at (13.8088 6.1246)
         Placed symbol:  R28 / TNPU04021K00BZEP00_RESC1005X40N / RESC1005X40N at (13.8088 5.9883)
         Placed symbol:  R29 / TNPU04021K00BZEP00_RESC1005X40N / RESC1005X40N at (13.8088 5.8520)
         Placed symbol:  R34 / TNPU04021K00BZEP00_RESC1005X40N / RESC1005X40N at (13.8088 5.7157)
         Placed symbol:  R35 / TNPU04021K00BZEP00_RESC1005X40N / RESC1005X40N at (13.8088 5.5794)
         Placed symbol:  R36 / TNPU04021K00BZEP00_RESC1005X40N / RESC1005X40N at (13.8088 5.4431)
         Placed symbol:  R37 / TNPU04021K00BZEP00_RESC1005X40N / RESC1005X40N at (13.8088 5.3068)
         Placed symbol:  R18 / ERA_3VEB5900V_ERA3KV__0603__ERA / ERA3KV__0603_ at (13.9608 5.0655)
         Placed symbol:  R19 / ERA_3VEB3240V_ERA3KV__0603__ERA / ERA3KV__0603_ at (13.9608 4.7192)
         Placed symbol:  S1 / DS04_254_2_01BK_SMT_TR_DS042542 / DS04254201BKSMTTR at (13.9718 3.9109)


Placed 128 of 128 applicable (128 total) symbols.

-----------------------------------------------------------------------

