
RUNNING IBISCHK COMMAND: ibischk6 "C:\Jeonghyun\GIT\PMOD2BNC\IBIS\PSPICE\spartan7.ibs"
IBISCHK6 V6.1.2

Checking C:\Jeonghyun\GIT\PMOD2BNC\IBIS\PSPICE\spartan7.ibs for IBIS 4.2 Compatibility...

Errors  : 0

File Passed

END OF IBISCHK COMMAND OUTPUT

READING IBIS FILE C:\Jeonghyun\GIT\PMOD2BNC\IBIS\PSPICE\spartan7.ibs

INFO @line 31 --- Completed PackagedDevice SPARTAN7
INFO @line 634 --- Completed IbisIOCell SPARTAN7_rterm_dt_hr
INFO @line 650 --- Completed IbisIOCell SPARTAN7_HSTL_I_F_HR
INFO @line 1415 --- Completed IbisIOCell SPARTAN7_HSTL_I_F_HR_IN40
INFO @line 2185 --- Completed IbisIOCell SPARTAN7_HSTL_I_F_HR_IN50
INFO @line 2955 --- Completed IbisIOCell SPARTAN7_HSTL_I_F_HR_IN60
INFO @line 3725 --- Completed IbisIOCell SPARTAN7_HSTL_II_F_HR
INFO @line 4473 --- Completed IbisIOCell SPARTAN7_HSTL_II_F_HR_IN40
INFO @line 5226 --- Completed IbisIOCell SPARTAN7_HSTL_II_F_HR_IN50
INFO @line 5979 --- Completed IbisIOCell SPARTAN7_HSTL_II_F_HR_IN60
INFO @line 6732 --- Completed IbisIOCell SPARTAN7_HSTL_II_S_HR
INFO @line 7465 --- Completed IbisIOCell SPARTAN7_HSTL_II_S_HR_IN40
INFO @line 8203 --- Completed IbisIOCell SPARTAN7_HSTL_II_S_HR_IN50
INFO @line 8941 --- Completed IbisIOCell SPARTAN7_HSTL_II_S_HR_IN60
INFO @line 9679 --- Completed IbisIOCell SPARTAN7_HSTL_I_S_HR
INFO @line 10461 --- Completed IbisIOCell SPARTAN7_HSTL_I_S_HR_IN40
INFO @line 11248 --- Completed IbisIOCell SPARTAN7_HSTL_I_S_HR_IN50
INFO @line 12035 --- Completed IbisIOCell SPARTAN7_HSTL_I_S_HR_IN60
INFO @line 12822 --- Completed IbisIOCell SPARTAN7_HSUL_12_F_HR
INFO @line 13558 --- Completed IbisIOCell SPARTAN7_HSUL_12_S_HR
INFO @line 14334 --- Completed IbisIOCell SPARTAN7_LVCMOS12_F_4_HR
INFO @line 15115 --- Completed IbisIOCell SPARTAN7_LVCMOS12_S_4_HR
INFO @line 15900 --- Completed IbisIOCell SPARTAN7_LVCMOS12_F_8_HR
INFO @line 16691 --- Completed IbisIOCell SPARTAN7_LVCMOS12_S_8_HR
INFO @line 17441 --- Completed IbisIOCell SPARTAN7_LVCMOS12_F_12_HR
INFO @line 18203 --- Completed IbisIOCell SPARTAN7_LVCMOS12_S_12_HR
INFO @line 18981 --- Completed IbisIOCell SPARTAN7_LVCMOS15_F_4_HR
INFO @line 19692 --- Completed IbisIOCell SPARTAN7_LVCMOS15_S_4_HR
INFO @line 20407 --- Completed IbisIOCell SPARTAN7_LVCMOS15_F_8_HR
INFO @line 21157 --- Completed IbisIOCell SPARTAN7_LVCMOS15_S_8_HR
INFO @line 21916 --- Completed IbisIOCell SPARTAN7_LVCMOS15_F_12_HR
INFO @line 22645 --- Completed IbisIOCell SPARTAN7_LVCMOS15_S_12_HR
INFO @line 23396 --- Completed IbisIOCell SPARTAN7_LVCMOS15_F_16_HR
INFO @line 24089 --- Completed IbisIOCell SPARTAN7_LVCMOS15_S_16_HR
INFO @line 24816 --- Completed IbisIOCell SPARTAN7_LVCMOS18_F_4_HR
INFO @line 25592 --- Completed IbisIOCell SPARTAN7_LVCMOS18_S_4_HR
INFO @line 26371 --- Completed IbisIOCell SPARTAN7_LVCMOS18_F_16_HR
INFO @line 27120 --- Completed IbisIOCell SPARTAN7_LVCMOS18_S_16_HR
INFO @line 27896 --- Completed IbisIOCell SPARTAN7_LVCMOS18_F_24_HR
INFO @line 28621 --- Completed IbisIOCell SPARTAN7_LVCMOS18_S_24_HR
INFO @line 29381 --- Completed IbisIOCell SPARTAN7_LVCMOS25_F_4_HR
INFO @line 30073 --- Completed IbisIOCell SPARTAN7_LVCMOS25_S_4_HR
INFO @line 30966 --- Completed IbisIOCell SPARTAN7_LVTTL_F_4_HR
INFO @line 31870 --- Completed IbisIOCell SPARTAN7_LVTTL_S_4_HR
INFO @line 32777 --- Completed IbisIOCell SPARTAN7_LVTTL_F_16_HR
INFO @line 33749 --- Completed IbisIOCell SPARTAN7_LVTTL_S_16_HR
INFO @line 34660 --- Completed IbisIOCell SPARTAN7_LVTTL_F_24_HR
INFO @line 35573 --- Completed IbisIOCell SPARTAN7_LVTTL_S_24_HR
INFO @line 36531 --- Completed IbisIOCell SPARTAN7_MOBILE_DDR_F_HR
INFO @line 37309 --- Completed IbisIOCell SPARTAN7_MOBILE_DDR_S_HR
INFO @line 38103 --- Completed IbisIOCell SPARTAN7_SSTL135_F_HR
INFO @line 38873 --- Completed IbisIOCell SPARTAN7_SSTL135_F_HR_IN40
INFO @line 39648 --- Completed IbisIOCell SPARTAN7_SSTL135_F_HR_IN50
INFO @line 40423 --- Completed IbisIOCell SPARTAN7_SSTL135_F_HR_IN60
INFO @line 41198 --- Completed IbisIOCell SPARTAN7_SSTL135_R_F_HR
INFO @line 41957 --- Completed IbisIOCell SPARTAN7_SSTL135_R_F_HR_IN40
INFO @line 42722 --- Completed IbisIOCell SPARTAN7_SSTL135_R_F_HR_IN50
INFO @line 43487 --- Completed IbisIOCell SPARTAN7_SSTL135_R_F_HR_IN60
INFO @line 44252 --- Completed IbisIOCell SPARTAN7_SSTL135_R_S_HR
INFO @line 45042 --- Completed IbisIOCell SPARTAN7_SSTL135_R_S_HR_IN40
INFO @line 45837 --- Completed IbisIOCell SPARTAN7_SSTL135_R_S_HR_IN50
INFO @line 46632 --- Completed IbisIOCell SPARTAN7_SSTL135_R_S_HR_IN60
INFO @line 47427 --- Completed IbisIOCell SPARTAN7_SSTL135_S_HR
INFO @line 48388 --- Completed IbisIOCell SPARTAN7_SSTL135_S_HR_IN40
INFO @line 49354 --- Completed IbisIOCell SPARTAN7_SSTL135_S_HR_IN50
INFO @line 50320 --- Completed IbisIOCell SPARTAN7_SSTL135_S_HR_IN60
INFO @line 51285 --- Completed IbisIOCell SPARTAN7_SSTL15_R_F_HR
INFO @line 52050 --- Completed IbisIOCell SPARTAN7_SSTL15_R_F_HR_IN40
INFO @line 52820 --- Completed IbisIOCell SPARTAN7_SSTL15_R_F_HR_IN50
INFO @line 53590 --- Completed IbisIOCell SPARTAN7_SSTL15_R_F_HR_IN60
INFO @line 54360 --- Completed IbisIOCell SPARTAN7_SSTL15_R_S_HR
INFO @line 55128 --- Completed IbisIOCell SPARTAN7_SSTL15_R_S_HR_IN40
INFO @line 55901 --- Completed IbisIOCell SPARTAN7_SSTL15_R_S_HR_IN50
INFO @line 56674 --- Completed IbisIOCell SPARTAN7_SSTL15_R_S_HR_IN60
INFO @line 57447 --- Completed IbisIOCell SPARTAN7_SSTL18_I_F_HR
INFO @line 58257 --- Completed IbisIOCell SPARTAN7_SSTL18_I_F_HR_IN40
INFO @line 59072 --- Completed IbisIOCell SPARTAN7_SSTL18_I_F_HR_IN50
INFO @line 59887 --- Completed IbisIOCell SPARTAN7_SSTL18_I_F_HR_IN60
INFO @line 60702 --- Completed IbisIOCell SPARTAN7_SSTL18_II_F_HR
INFO @line 61501 --- Completed IbisIOCell SPARTAN7_SSTL18_II_F_HR_IN40
INFO @line 62305 --- Completed IbisIOCell SPARTAN7_SSTL18_II_F_HR_IN50
INFO @line 63109 --- Completed IbisIOCell SPARTAN7_SSTL18_II_F_HR_IN60
INFO @line 63913 --- Completed IbisIOCell SPARTAN7_SSTL18_II_S_HR
INFO @line 64920 --- Completed IbisIOCell SPARTAN7_SSTL18_II_S_HR_IN40
INFO @line 65932 --- Completed IbisIOCell SPARTAN7_SSTL18_II_S_HR_IN50
INFO @line 66944 --- Completed IbisIOCell SPARTAN7_SSTL18_II_S_HR_IN60
INFO @line 67956 --- Completed IbisIOCell SPARTAN7_SSTL18_I_S_HR
INFO @line 68762 --- Completed IbisIOCell SPARTAN7_SSTL18_I_S_HR_IN40
INFO @line 69573 --- Completed IbisIOCell SPARTAN7_SSTL18_I_S_HR_IN50
INFO @line 70384 --- Completed IbisIOCell SPARTAN7_SSTL18_I_S_HR_IN60
INFO @line 71195 --- Completed IbisIOCell SPARTAN7_LVCMOS18_F_8_HR
INFO @line 71972 --- Completed IbisIOCell SPARTAN7_LVCMOS18_S_8_HR
INFO @line 72761 --- Completed IbisIOCell SPARTAN7_LVCMOS18_F_12_HR
INFO @line 73538 --- Completed IbisIOCell SPARTAN7_LVCMOS18_S_12_HR
INFO @line 74327 --- Completed IbisIOCell SPARTAN7_LVCMOS25_F_8_HR
INFO @line 75248 --- Completed IbisIOCell SPARTAN7_LVCMOS25_S_8_HR
INFO @line 75988 --- Completed IbisIOCell SPARTAN7_LVCMOS25_F_12_HR
INFO @line 76938 --- Completed IbisIOCell SPARTAN7_LVCMOS25_S_12_HR
INFO @line 77704 --- Completed IbisIOCell SPARTAN7_LVCMOS25_F_16_HR
INFO @line 78588 --- Completed IbisIOCell SPARTAN7_LVCMOS25_S_16_HR
INFO @line 79561 --- Completed IbisIOCell SPARTAN7_LVTTL_F_8_HR
INFO @line 80275 --- Completed IbisIOCell SPARTAN7_LVTTL_S_8_HR
INFO @line 81189 --- Completed IbisIOCell SPARTAN7_LVTTL_F_12_HR
INFO @line 82101 --- Completed IbisIOCell SPARTAN7_LVTTL_S_12_HR
INFO @line 83016 --- Completed IbisIOCell SPARTAN7_HSTL_II_18_F_HR
INFO @line 83806 --- Completed IbisIOCell SPARTAN7_HSTL_II_18_F_HR_IN40
INFO @line 84601 --- Completed IbisIOCell SPARTAN7_HSTL_II_18_F_HR_IN50
INFO @line 85396 --- Completed IbisIOCell SPARTAN7_HSTL_II_18_F_HR_IN60
INFO @line 86191 --- Completed IbisIOCell SPARTAN7_HSTL_II_18_S_HR
INFO @line 87001 --- Completed IbisIOCell SPARTAN7_HSTL_II_18_S_HR_IN40
INFO @line 87816 --- Completed IbisIOCell SPARTAN7_HSTL_II_18_S_HR_IN50
INFO @line 88631 --- Completed IbisIOCell SPARTAN7_HSTL_II_18_S_HR_IN60
INFO @line 89446 --- Completed IbisIOCell SPARTAN7_HSTL_I_18_F_HR
INFO @line 90243 --- Completed IbisIOCell SPARTAN7_HSTL_I_18_F_HR_IN40
INFO @line 91045 --- Completed IbisIOCell SPARTAN7_HSTL_I_18_F_HR_IN50
INFO @line 91847 --- Completed IbisIOCell SPARTAN7_HSTL_I_18_F_HR_IN60
INFO @line 92649 --- Completed IbisIOCell SPARTAN7_HSTL_I_18_S_HR
INFO @line 93651 --- Completed IbisIOCell SPARTAN7_HSTL_I_18_S_HR_IN40
INFO @line 94661 --- Completed IbisIOCell SPARTAN7_HSTL_I_18_S_HR_IN50
INFO @line 95671 --- Completed IbisIOCell SPARTAN7_HSTL_I_18_S_HR_IN60
INFO @line 96681 --- Completed IbisIOCell SPARTAN7_SSTL15_F_HR
INFO @line 97433 --- Completed IbisIOCell SPARTAN7_SSTL15_F_HR_IN40
INFO @line 98191 --- Completed IbisIOCell SPARTAN7_SSTL15_F_HR_IN50
INFO @line 98949 --- Completed IbisIOCell SPARTAN7_SSTL15_F_HR_IN60
INFO @line 99705 --- Completed IbisIOCell SPARTAN7_SSTL15_S_HR
INFO @line 100496 --- Completed IbisIOCell SPARTAN7_SSTL15_S_HR_IN40
INFO @line 101292 --- Completed IbisIOCell SPARTAN7_SSTL15_S_HR_IN50
INFO @line 102088 --- Completed IbisIOCell SPARTAN7_SSTL15_S_HR_IN60
INFO @line 102884 --- Completed IbisIOCell SPARTAN7_LVDS_25_HR_O
INFO @line 103873 --- Completed IbisIOCell SPARTAN7_LVCMOS33_F_4_HR
INFO @line 104777 --- Completed IbisIOCell SPARTAN7_LVCMOS33_S_4_HR
INFO @line 105684 --- Completed IbisIOCell SPARTAN7_LVCMOS33_F_8_HR
INFO @line 106399 --- Completed IbisIOCell SPARTAN7_LVCMOS33_S_8_HR
INFO @line 107314 --- Completed IbisIOCell SPARTAN7_LVCMOS33_F_12_HR
INFO @line 108047 --- Completed IbisIOCell SPARTAN7_LVCMOS33_S_12_HR
INFO @line 108957 --- Completed IbisIOCell SPARTAN7_LVCMOS33_F_16_HR
INFO @line 109883 --- Completed IbisIOCell SPARTAN7_LVCMOS33_S_16_HR
INFO @line 110851 --- Completed IbisIOCell SPARTAN7_PCI33_3_HR
INFO @line 111787 --- Completed IbisIOCell SPARTAN7_BLVDS_25_HR
INFO @line 112596 --- Completed IbisIOCell SPARTAN7_MINI_LVDS_25_HR_O
INFO @line 113585 --- Completed IbisIOCell SPARTAN7_PPDS_25_HR_O
INFO @line 114406 --- Completed IbisIOCell SPARTAN7_RSDS_25_HR_O
INFO @line 115398 --- Completed IbisIOCell SPARTAN7_TMDS_33_HR_O
INFO @line 115712 --- Completed IbisIOCell SPARTAN7_LVDS_25_DT_HR_I
INFO @line 115906 --- Completed IbisIOCell SPARTAN7_PPDS_25_DT_HR_I
INFO @line 116101 --- Completed IbisIOCell SPARTAN7_RSDS_25_DT_HR_I
INFO @line 116296 --- Completed IbisIOCell SPARTAN7_MINI_LVDS_25_DT_HR_I
INFO @line 116491 --- Completed IbisIOCell SPARTAN7_IN40_1V8
INFO @line 116692 --- Completed IbisIOCell SPARTAN7_IN50_1V8
INFO @line 116893 --- Completed IbisIOCell SPARTAN7_IN60_1V8
INFO @line 117094 --- Completed IbisIOCell SPARTAN7_IN40_1V5
INFO @line 117265 --- Completed IbisIOCell SPARTAN7_IN50_1V5
INFO @line 117436 --- Completed IbisIOCell SPARTAN7_IN60_1V5
INFO @line 117607 --- Completed IbisIOCell SPARTAN7_IN40_1V35
INFO @line 117790 --- Completed IbisIOCell SPARTAN7_IN50_1V35
INFO @line 117973 --- Completed IbisIOCell SPARTAN7_IN60_1V35
INFO @line 118156 --- Completed IbisIOCell SPARTAN7_LVDS_25_HR_I
INFO @line 118348 --- Completed IbisIOCell SPARTAN7_MINI_LVDS_25_HR_I
INFO @line 118539 --- Completed IbisIOCell SPARTAN7_PPDS_25_HR_I
INFO @line 118731 --- Completed IbisIOCell SPARTAN7_RSDS_25_HR_I
INFO @line 118922 --- Completed IbisIOCell SPARTAN7_TMDS_33_HR_I
INFO @line 31 --- PackageModel 'SPARTAN7_PKG' generated for IbisDevice 'SPARTAN7'
INFO @line 0 --- ESpiceDevice 'SPARTAN7_rterm_dt_hr' generated for Series model 'SPARTAN7_rterm_dt_hr'

SKIPPING DMLCHECK

Output saved as C:\Jeonghyun\GIT\PMOD2BNC\IBIS\PSPICE\spartan7.dml

Generating model for SPARTAN7

Generating model for SPARTAN7_BLVDS_25_HR

Printing Pullup Rising coefficients for Model SPARTAN7_BLVDS_25_HR: VFix=0.000000, RFix=0.000000
Printing Pullup Falling coefficients for Model SPARTAN7_BLVDS_25_HR: VFix=0.000000, RFix=0.000000
Printing Pulldown Rising coefficients for Model SPARTAN7_BLVDS_25_HR: VFix=0.000000, RFix=0.000000
Printing Pulldown Falling coefficients for Model SPARTAN7_BLVDS_25_HR: VFix=0.000000, RFix=0.000000
Generating model for SPARTAN7_HSTL_II_18_F_HR

Printing Pullup Rising coefficients for Model SPARTAN7_HSTL_II_18_F_HR: VFix=0.000000, RFix=0.000000
Printing Pullup Falling coefficients for Model SPARTAN7_HSTL_II_18_F_HR: VFix=0.000000, RFix=0.000000
Printing Pulldown Rising coefficients for Model SPARTAN7_HSTL_II_18_F_HR: VFix=0.000000, RFix=0.000000
Printing Pulldown Falling coefficients for Model SPARTAN7_HSTL_II_18_F_HR: VFix=0.000000, RFix=0.000000
Generating model for SPARTAN7_HSTL_II_18_F_HR_IN40

Printing Pullup Rising coefficients for Model SPARTAN7_HSTL_II_18_F_HR_IN40: VFix=0.000000, RFix=0.000000
Printing Pullup Falling coefficients for Model SPARTAN7_HSTL_II_18_F_HR_IN40: VFix=0.000000, RFix=0.000000
Printing Pulldown Rising coefficients for Model SPARTAN7_HSTL_II_18_F_HR_IN40: VFix=0.000000, RFix=0.000000
Printing Pulldown Falling coefficients for Model SPARTAN7_HSTL_II_18_F_HR_IN40: VFix=0.000000, RFix=0.000000
Generating model for SPARTAN7_HSTL_II_18_F_HR_IN50

Printing Pullup Rising coefficients for Model SPARTAN7_HSTL_II_18_F_HR_IN50: VFix=0.000000, RFix=0.000000
Printing Pullup Falling coefficients for Model SPARTAN7_HSTL_II_18_F_HR_IN50: VFix=0.000000, RFix=0.000000
Printing Pulldown Rising coefficients for Model SPARTAN7_HSTL_II_18_F_HR_IN50: VFix=0.000000, RFix=0.000000
Printing Pulldown Falling coefficients for Model SPARTAN7_HSTL_II_18_F_HR_IN50: VFix=0.000000, RFix=0.000000
Generating model for SPARTAN7_HSTL_II_18_F_HR_IN60

Printing Pullup Rising coefficients for Model SPARTAN7_HSTL_II_18_F_HR_IN60: VFix=0.000000, RFix=0.000000
Printing Pullup Falling coefficients for Model SPARTAN7_HSTL_II_18_F_HR_IN60: VFix=0.000000, RFix=0.000000
Printing Pulldown Rising coefficients for Model SPARTAN7_HSTL_II_18_F_HR_IN60: VFix=0.000000, RFix=0.000000
Printing Pulldown Falling coefficients for Model SPARTAN7_HSTL_II_18_F_HR_IN60: VFix=0.000000, RFix=0.000000
Generating model for SPARTAN7_HSTL_II_18_S_HR

Printing Pullup Rising coefficients for Model SPARTAN7_HSTL_II_18_S_HR: VFix=0.000000, RFix=0.000000
Printing Pullup Falling coefficients for Model SPARTAN7_HSTL_II_18_S_HR: VFix=0.000000, RFix=0.000000
Printing Pulldown Rising coefficients for Model SPARTAN7_HSTL_II_18_S_HR: VFix=0.000000, RFix=0.000000
Printing Pulldown Falling coefficients for Model SPARTAN7_HSTL_II_18_S_HR: VFix=0.000000, RFix=0.000000
Generating model for SPARTAN7_HSTL_II_18_S_HR_IN40

Printing Pullup Rising coefficients for Model SPARTAN7_HSTL_II_18_S_HR_IN40: VFix=0.000000, RFix=0.000000
Printing Pullup Falling coefficients for Model SPARTAN7_HSTL_II_18_S_HR_IN40: VFix=0.000000, RFix=0.000000
Printing Pulldown Rising coefficients for Model SPARTAN7_HSTL_II_18_S_HR_IN40: VFix=0.000000, RFix=0.000000
Printing Pulldown Falling coefficients for Model SPARTAN7_HSTL_II_18_S_HR_IN40: VFix=0.000000, RFix=0.000000
Generating model for SPARTAN7_HSTL_II_18_S_HR_IN50

Printing Pullup Rising coefficients for Model SPARTAN7_HSTL_II_18_S_HR_IN50: VFix=0.000000, RFix=0.000000
Printing Pullup Falling coefficients for Model SPARTAN7_HSTL_II_18_S_HR_IN50: VFix=0.000000, RFix=0.000000
Printing Pulldown Rising coefficients for Model SPARTAN7_HSTL_II_18_S_HR_IN50: VFix=0.000000, RFix=0.000000
Printing Pulldown Falling coefficients for Model SPARTAN7_HSTL_II_18_S_HR_IN50: VFix=0.000000, RFix=0.000000
Generating model for SPARTAN7_HSTL_II_18_S_HR_IN60

Printing Pullup Rising coefficients for Model SPARTAN7_HSTL_II_18_S_HR_IN60: VFix=0.000000, RFix=0.000000
Printing Pullup Falling coefficients for Model SPARTAN7_HSTL_II_18_S_HR_IN60: VFix=0.000000, RFix=0.000000
Printing Pulldown Rising coefficients for Model SPARTAN7_HSTL_II_18_S_HR_IN60: VFix=0.000000, RFix=0.000000
Printing Pulldown Falling coefficients for Model SPARTAN7_HSTL_II_18_S_HR_IN60: VFix=0.000000, RFix=0.000000
Generating model for SPARTAN7_HSTL_II_F_HR

Printing Pullup Rising coefficients for Model SPARTAN7_HSTL_II_F_HR: VFix=0.000000, RFix=0.000000
Printing Pullup Falling coefficients for Model SPARTAN7_HSTL_II_F_HR: VFix=0.000000, RFix=0.000000
Printing Pulldown Rising coefficients for Model SPARTAN7_HSTL_II_F_HR: VFix=0.000000, RFix=0.000000
Printing Pulldown Falling coefficients for Model SPARTAN7_HSTL_II_F_HR: VFix=0.000000, RFix=0.000000
Generating model for SPARTAN7_HSTL_II_F_HR_IN40

Printing Pullup Rising coefficients for Model SPARTAN7_HSTL_II_F_HR_IN40: VFix=0.000000, RFix=0.000000
Printing Pullup Falling coefficients for Model SPARTAN7_HSTL_II_F_HR_IN40: VFix=0.000000, RFix=0.000000
Printing Pulldown Rising coefficients for Model SPARTAN7_HSTL_II_F_HR_IN40: VFix=0.000000, RFix=0.000000
Printing Pulldown Falling coefficients for Model SPARTAN7_HSTL_II_F_HR_IN40: VFix=0.000000, RFix=0.000000
Generating model for SPARTAN7_HSTL_II_F_HR_IN50

Printing Pullup Rising coefficients for Model SPARTAN7_HSTL_II_F_HR_IN50: VFix=0.000000, RFix=0.000000
Printing Pullup Falling coefficients for Model SPARTAN7_HSTL_II_F_HR_IN50: VFix=0.000000, RFix=0.000000
Printing Pulldown Rising coefficients for Model SPARTAN7_HSTL_II_F_HR_IN50: VFix=0.000000, RFix=0.000000
Printing Pulldown Falling coefficients for Model SPARTAN7_HSTL_II_F_HR_IN50: VFix=0.000000, RFix=0.000000
Generating model for SPARTAN7_HSTL_II_F_HR_IN60

Printing Pullup Rising coefficients for Model SPARTAN7_HSTL_II_F_HR_IN60: VFix=0.000000, RFix=0.000000
Printing Pullup Falling coefficients for Model SPARTAN7_HSTL_II_F_HR_IN60: VFix=0.000000, RFix=0.000000
Printing Pulldown Rising coefficients for Model SPARTAN7_HSTL_II_F_HR_IN60: VFix=0.000000, RFix=0.000000
Printing Pulldown Falling coefficients for Model SPARTAN7_HSTL_II_F_HR_IN60: VFix=0.000000, RFix=0.000000
Generating model for SPARTAN7_HSTL_II_S_HR

Printing Pullup Rising coefficients for Model SPARTAN7_HSTL_II_S_HR: VFix=0.000000, RFix=0.000000
Printing Pullup Falling coefficients for Model SPARTAN7_HSTL_II_S_HR: VFix=0.000000, RFix=0.000000
Printing Pulldown Rising coefficients for Model SPARTAN7_HSTL_II_S_HR: VFix=0.000000, RFix=0.000000
Printing Pulldown Falling coefficients for Model SPARTAN7_HSTL_II_S_HR: VFix=0.000000, RFix=0.000000
Generating model for SPARTAN7_HSTL_II_S_HR_IN40

Printing Pullup Rising coefficients for Model SPARTAN7_HSTL_II_S_HR_IN40: VFix=0.000000, RFix=0.000000
Printing Pullup Falling coefficients for Model SPARTAN7_HSTL_II_S_HR_IN40: VFix=0.000000, RFix=0.000000
Printing Pulldown Rising coefficients for Model SPARTAN7_HSTL_II_S_HR_IN40: VFix=0.000000, RFix=0.000000
Printing Pulldown Falling coefficients for Model SPARTAN7_HSTL_II_S_HR_IN40: VFix=0.000000, RFix=0.000000
Generating model for SPARTAN7_HSTL_II_S_HR_IN50

Printing Pullup Rising coefficients for Model SPARTAN7_HSTL_II_S_HR_IN50: VFix=0.000000, RFix=0.000000
Printing Pullup Falling coefficients for Model SPARTAN7_HSTL_II_S_HR_IN50: VFix=0.000000, RFix=0.000000
Printing Pulldown Rising coefficients for Model SPARTAN7_HSTL_II_S_HR_IN50: VFix=0.000000, RFix=0.000000
Printing Pulldown Falling coefficients for Model SPARTAN7_HSTL_II_S_HR_IN50: VFix=0.000000, RFix=0.000000
Generating model for SPARTAN7_HSTL_II_S_HR_IN60

Printing Pullup Rising coefficients for Model SPARTAN7_HSTL_II_S_HR_IN60: VFix=0.000000, RFix=0.000000
Printing Pullup Falling coefficients for Model SPARTAN7_HSTL_II_S_HR_IN60: VFix=0.000000, RFix=0.000000
Printing Pulldown Rising coefficients for Model SPARTAN7_HSTL_II_S_HR_IN60: VFix=0.000000, RFix=0.000000
Printing Pulldown Falling coefficients for Model SPARTAN7_HSTL_II_S_HR_IN60: VFix=0.000000, RFix=0.000000
Generating model for SPARTAN7_HSTL_I_18_F_HR

Printing Pullup Rising coefficients for Model SPARTAN7_HSTL_I_18_F_HR: VFix=0.000000, RFix=0.000000
Printing Pullup Falling coefficients for Model SPARTAN7_HSTL_I_18_F_HR: VFix=0.000000, RFix=0.000000
Printing Pulldown Rising coefficients for Model SPARTAN7_HSTL_I_18_F_HR: VFix=0.000000, RFix=0.000000
Printing Pulldown Falling coefficients for Model SPARTAN7_HSTL_I_18_F_HR: VFix=0.000000, RFix=0.000000
Generating model for SPARTAN7_HSTL_I_18_F_HR_IN40

Printing Pullup Rising coefficients for Model SPARTAN7_HSTL_I_18_F_HR_IN40: VFix=0.000000, RFix=0.000000
Printing Pullup Falling coefficients for Model SPARTAN7_HSTL_I_18_F_HR_IN40: VFix=0.000000, RFix=0.000000
Printing Pulldown Rising coefficients for Model SPARTAN7_HSTL_I_18_F_HR_IN40: VFix=0.000000, RFix=0.000000
Printing Pulldown Falling coefficients for Model SPARTAN7_HSTL_I_18_F_HR_IN40: VFix=0.000000, RFix=0.000000
Generating model for SPARTAN7_HSTL_I_18_F_HR_IN50

Printing Pullup Rising coefficients for Model SPARTAN7_HSTL_I_18_F_HR_IN50: VFix=0.000000, RFix=0.000000
Printing Pullup Falling coefficients for Model SPARTAN7_HSTL_I_18_F_HR_IN50: VFix=0.000000, RFix=0.000000
Printing Pulldown Rising coefficients for Model SPARTAN7_HSTL_I_18_F_HR_IN50: VFix=0.000000, RFix=0.000000
Printing Pulldown Falling coefficients for Model SPARTAN7_HSTL_I_18_F_HR_IN50: VFix=0.000000, RFix=0.000000
Generating model for SPARTAN7_HSTL_I_18_F_HR_IN60

Printing Pullup Rising coefficients for Model SPARTAN7_HSTL_I_18_F_HR_IN60: VFix=0.000000, RFix=0.000000
Printing Pullup Falling coefficients for Model SPARTAN7_HSTL_I_18_F_HR_IN60: VFix=0.000000, RFix=0.000000
Printing Pulldown Rising coefficients for Model SPARTAN7_HSTL_I_18_F_HR_IN60: VFix=0.000000, RFix=0.000000
Printing Pulldown Falling coefficients for Model SPARTAN7_HSTL_I_18_F_HR_IN60: VFix=0.000000, RFix=0.000000
Generating model for SPARTAN7_HSTL_I_18_S_HR

Printing Pullup Rising coefficients for Model SPARTAN7_HSTL_I_18_S_HR: VFix=0.000000, RFix=0.000000
Printing Pullup Falling coefficients for Model SPARTAN7_HSTL_I_18_S_HR: VFix=0.000000, RFix=0.000000
Printing Pulldown Rising coefficients for Model SPARTAN7_HSTL_I_18_S_HR: VFix=0.000000, RFix=0.000000
Printing Pulldown Falling coefficients for Model SPARTAN7_HSTL_I_18_S_HR: VFix=0.000000, RFix=0.000000
Generating model for SPARTAN7_HSTL_I_18_S_HR_IN40

Printing Pullup Rising coefficients for Model SPARTAN7_HSTL_I_18_S_HR_IN40: VFix=0.000000, RFix=0.000000
Printing Pullup Falling coefficients for Model SPARTAN7_HSTL_I_18_S_HR_IN40: VFix=0.000000, RFix=0.000000
Printing Pulldown Rising coefficients for Model SPARTAN7_HSTL_I_18_S_HR_IN40: VFix=0.000000, RFix=0.000000
Printing Pulldown Falling coefficients for Model SPARTAN7_HSTL_I_18_S_HR_IN40: VFix=0.000000, RFix=0.000000
Generating model for SPARTAN7_HSTL_I_18_S_HR_IN50

Printing Pullup Rising coefficients for Model SPARTAN7_HSTL_I_18_S_HR_IN50: VFix=0.000000, RFix=0.000000
Printing Pullup Falling coefficients for Model SPARTAN7_HSTL_I_18_S_HR_IN50: VFix=0.000000, RFix=0.000000
Printing Pulldown Rising coefficients for Model SPARTAN7_HSTL_I_18_S_HR_IN50: VFix=0.000000, RFix=0.000000
Printing Pulldown Falling coefficients for Model SPARTAN7_HSTL_I_18_S_HR_IN50: VFix=0.000000, RFix=0.000000
Generating model for SPARTAN7_HSTL_I_18_S_HR_IN60

Printing Pullup Rising coefficients for Model SPARTAN7_HSTL_I_18_S_HR_IN60: VFix=0.000000, RFix=0.000000
Printing Pullup Falling coefficients for Model SPARTAN7_HSTL_I_18_S_HR_IN60: VFix=0.000000, RFix=0.000000
Printing Pulldown Rising coefficients for Model SPARTAN7_HSTL_I_18_S_HR_IN60: VFix=0.000000, RFix=0.000000
Printing Pulldown Falling coefficients for Model SPARTAN7_HSTL_I_18_S_HR_IN60: VFix=0.000000, RFix=0.000000
Generating model for SPARTAN7_HSTL_I_F_HR

Printing Pullup Rising coefficients for Model SPARTAN7_HSTL_I_F_HR: VFix=0.000000, RFix=0.000000
Printing Pullup Falling coefficients for Model SPARTAN7_HSTL_I_F_HR: VFix=0.000000, RFix=0.000000
Printing Pulldown Rising coefficients for Model SPARTAN7_HSTL_I_F_HR: VFix=0.000000, RFix=0.000000
Printing Pulldown Falling coefficients for Model SPARTAN7_HSTL_I_F_HR: VFix=0.000000, RFix=0.000000
Generating model for SPARTAN7_HSTL_I_F_HR_IN40

Printing Pullup Rising coefficients for Model SPARTAN7_HSTL_I_F_HR_IN40: VFix=0.000000, RFix=0.000000
Printing Pullup Falling coefficients for Model SPARTAN7_HSTL_I_F_HR_IN40: VFix=0.000000, RFix=0.000000
Printing Pulldown Rising coefficients for Model SPARTAN7_HSTL_I_F_HR_IN40: VFix=0.000000, RFix=0.000000
Printing Pulldown Falling coefficients for Model SPARTAN7_HSTL_I_F_HR_IN40: VFix=0.000000, RFix=0.000000
Generating model for SPARTAN7_HSTL_I_F_HR_IN50

Printing Pullup Rising coefficients for Model SPARTAN7_HSTL_I_F_HR_IN50: VFix=0.000000, RFix=0.000000
Printing Pullup Falling coefficients for Model SPARTAN7_HSTL_I_F_HR_IN50: VFix=0.000000, RFix=0.000000
Printing Pulldown Rising coefficients for Model SPARTAN7_HSTL_I_F_HR_IN50: VFix=0.000000, RFix=0.000000
Printing Pulldown Falling coefficients for Model SPARTAN7_HSTL_I_F_HR_IN50: VFix=0.000000, RFix=0.000000
Generating model for SPARTAN7_HSTL_I_F_HR_IN60

Printing Pullup Rising coefficients for Model SPARTAN7_HSTL_I_F_HR_IN60: VFix=0.000000, RFix=0.000000
Printing Pullup Falling coefficients for Model SPARTAN7_HSTL_I_F_HR_IN60: VFix=0.000000, RFix=0.000000
Printing Pulldown Rising coefficients for Model SPARTAN7_HSTL_I_F_HR_IN60: VFix=0.000000, RFix=0.000000
Printing Pulldown Falling coefficients for Model SPARTAN7_HSTL_I_F_HR_IN60: VFix=0.000000, RFix=0.000000
Generating model for SPARTAN7_HSTL_I_S_HR

Printing Pullup Rising coefficients for Model SPARTAN7_HSTL_I_S_HR: VFix=0.000000, RFix=0.000000
Printing Pullup Falling coefficients for Model SPARTAN7_HSTL_I_S_HR: VFix=0.000000, RFix=0.000000
Printing Pulldown Rising coefficients for Model SPARTAN7_HSTL_I_S_HR: VFix=0.000000, RFix=0.000000
Printing Pulldown Falling coefficients for Model SPARTAN7_HSTL_I_S_HR: VFix=0.000000, RFix=0.000000
Generating model for SPARTAN7_HSTL_I_S_HR_IN40

Printing Pullup Rising coefficients for Model SPARTAN7_HSTL_I_S_HR_IN40: VFix=0.000000, RFix=0.000000
Printing Pullup Falling coefficients for Model SPARTAN7_HSTL_I_S_HR_IN40: VFix=0.000000, RFix=0.000000
Printing Pulldown Rising coefficients for Model SPARTAN7_HSTL_I_S_HR_IN40: VFix=0.000000, RFix=0.000000
Printing Pulldown Falling coefficients for Model SPARTAN7_HSTL_I_S_HR_IN40: VFix=0.000000, RFix=0.000000
Generating model for SPARTAN7_HSTL_I_S_HR_IN50

Printing Pullup Rising coefficients for Model SPARTAN7_HSTL_I_S_HR_IN50: VFix=0.000000, RFix=0.000000
Printing Pullup Falling coefficients for Model SPARTAN7_HSTL_I_S_HR_IN50: VFix=0.000000, RFix=0.000000
Printing Pulldown Rising coefficients for Model SPARTAN7_HSTL_I_S_HR_IN50: VFix=0.000000, RFix=0.000000
Printing Pulldown Falling coefficients for Model SPARTAN7_HSTL_I_S_HR_IN50: VFix=0.000000, RFix=0.000000
Generating model for SPARTAN7_HSTL_I_S_HR_IN60

Printing Pullup Rising coefficients for Model SPARTAN7_HSTL_I_S_HR_IN60: VFix=0.000000, RFix=0.000000
Printing Pullup Falling coefficients for Model SPARTAN7_HSTL_I_S_HR_IN60: VFix=0.000000, RFix=0.000000
Printing Pulldown Rising coefficients for Model SPARTAN7_HSTL_I_S_HR_IN60: VFix=0.000000, RFix=0.000000
Printing Pulldown Falling coefficients for Model SPARTAN7_HSTL_I_S_HR_IN60: VFix=0.000000, RFix=0.000000
Generating model for SPARTAN7_HSUL_12_F_HR

Printing Pullup Rising coefficients for Model SPARTAN7_HSUL_12_F_HR: VFix=0.000000, RFix=0.000000
Printing Pullup Falling coefficients for Model SPARTAN7_HSUL_12_F_HR: VFix=0.000000, RFix=0.000000
Printing Pulldown Rising coefficients for Model SPARTAN7_HSUL_12_F_HR: VFix=0.000000, RFix=0.000000
Printing Pulldown Falling coefficients for Model SPARTAN7_HSUL_12_F_HR: VFix=0.000000, RFix=0.000000
Generating model for SPARTAN7_HSUL_12_S_HR

Printing Pullup Rising coefficients for Model SPARTAN7_HSUL_12_S_HR: VFix=0.000000, RFix=0.000000
Printing Pullup Falling coefficients for Model SPARTAN7_HSUL_12_S_HR: VFix=0.000000, RFix=0.000000
Printing Pulldown Rising coefficients for Model SPARTAN7_HSUL_12_S_HR: VFix=0.000000, RFix=0.000000
Printing Pulldown Falling coefficients for Model SPARTAN7_HSUL_12_S_HR: VFix=0.000000, RFix=0.000000
Generating model for SPARTAN7_IN40_1V35

Generating model for SPARTAN7_IN40_1V5

Generating model for SPARTAN7_IN40_1V8

Generating model for SPARTAN7_IN50_1V35

Generating model for SPARTAN7_IN50_1V5

Generating model for SPARTAN7_IN50_1V8

Generating model for SPARTAN7_IN60_1V35

Generating model for SPARTAN7_IN60_1V5

Generating model for SPARTAN7_IN60_1V8

Generating model for SPARTAN7_LVCMOS12_F_12_HR

Printing Pullup Rising coefficients for Model SPARTAN7_LVCMOS12_F_12_HR: VFix=0.000000, RFix=0.000000
Printing Pullup Falling coefficients for Model SPARTAN7_LVCMOS12_F_12_HR: VFix=0.000000, RFix=0.000000
Printing Pulldown Rising coefficients for Model SPARTAN7_LVCMOS12_F_12_HR: VFix=0.000000, RFix=0.000000
Printing Pulldown Falling coefficients for Model SPARTAN7_LVCMOS12_F_12_HR: VFix=0.000000, RFix=0.000000
Generating model for SPARTAN7_LVCMOS12_F_4_HR

Printing Pullup Rising coefficients for Model SPARTAN7_LVCMOS12_F_4_HR: VFix=0.000000, RFix=0.000000
Printing Pullup Falling coefficients for Model SPARTAN7_LVCMOS12_F_4_HR: VFix=0.000000, RFix=0.000000
Printing Pulldown Rising coefficients for Model SPARTAN7_LVCMOS12_F_4_HR: VFix=0.000000, RFix=0.000000
Printing Pulldown Falling coefficients for Model SPARTAN7_LVCMOS12_F_4_HR: VFix=0.000000, RFix=0.000000
Generating model for SPARTAN7_LVCMOS12_F_8_HR

Printing Pullup Rising coefficients for Model SPARTAN7_LVCMOS12_F_8_HR: VFix=0.000000, RFix=0.000000
Printing Pullup Falling coefficients for Model SPARTAN7_LVCMOS12_F_8_HR: VFix=0.000000, RFix=0.000000
Printing Pulldown Rising coefficients for Model SPARTAN7_LVCMOS12_F_8_HR: VFix=0.000000, RFix=0.000000
Printing Pulldown Falling coefficients for Model SPARTAN7_LVCMOS12_F_8_HR: VFix=0.000000, RFix=0.000000
Generating model for SPARTAN7_LVCMOS12_S_12_HR

Printing Pullup Rising coefficients for Model SPARTAN7_LVCMOS12_S_12_HR: VFix=0.000000, RFix=0.000000
Printing Pullup Falling coefficients for Model SPARTAN7_LVCMOS12_S_12_HR: VFix=0.000000, RFix=0.000000
Printing Pulldown Rising coefficients for Model SPARTAN7_LVCMOS12_S_12_HR: VFix=0.000000, RFix=0.000000
Printing Pulldown Falling coefficients for Model SPARTAN7_LVCMOS12_S_12_HR: VFix=0.000000, RFix=0.000000
Generating model for SPARTAN7_LVCMOS12_S_4_HR

Printing Pullup Rising coefficients for Model SPARTAN7_LVCMOS12_S_4_HR: VFix=0.000000, RFix=0.000000
Printing Pullup Falling coefficients for Model SPARTAN7_LVCMOS12_S_4_HR: VFix=0.000000, RFix=0.000000
Printing Pulldown Rising coefficients for Model SPARTAN7_LVCMOS12_S_4_HR: VFix=0.000000, RFix=0.000000
Printing Pulldown Falling coefficients for Model SPARTAN7_LVCMOS12_S_4_HR: VFix=0.000000, RFix=0.000000
Generating model for SPARTAN7_LVCMOS12_S_8_HR

Printing Pullup Rising coefficients for Model SPARTAN7_LVCMOS12_S_8_HR: VFix=0.000000, RFix=0.000000
Printing Pullup Falling coefficients for Model SPARTAN7_LVCMOS12_S_8_HR: VFix=0.000000, RFix=0.000000
Printing Pulldown Rising coefficients for Model SPARTAN7_LVCMOS12_S_8_HR: VFix=0.000000, RFix=0.000000
Printing Pulldown Falling coefficients for Model SPARTAN7_LVCMOS12_S_8_HR: VFix=0.000000, RFix=0.000000
Generating model for SPARTAN7_LVCMOS15_F_12_HR

Printing Pullup Rising coefficients for Model SPARTAN7_LVCMOS15_F_12_HR: VFix=0.000000, RFix=0.000000
Printing Pullup Falling coefficients for Model SPARTAN7_LVCMOS15_F_12_HR: VFix=0.000000, RFix=0.000000
Printing Pulldown Rising coefficients for Model SPARTAN7_LVCMOS15_F_12_HR: VFix=0.000000, RFix=0.000000
Printing Pulldown Falling coefficients for Model SPARTAN7_LVCMOS15_F_12_HR: VFix=0.000000, RFix=0.000000
Generating model for SPARTAN7_LVCMOS15_F_16_HR

Printing Pullup Rising coefficients for Model SPARTAN7_LVCMOS15_F_16_HR: VFix=0.000000, RFix=0.000000
Printing Pullup Falling coefficients for Model SPARTAN7_LVCMOS15_F_16_HR: VFix=0.000000, RFix=0.000000
Printing Pulldown Rising coefficients for Model SPARTAN7_LVCMOS15_F_16_HR: VFix=0.000000, RFix=0.000000
Printing Pulldown Falling coefficients for Model SPARTAN7_LVCMOS15_F_16_HR: VFix=0.000000, RFix=0.000000
Generating model for SPARTAN7_LVCMOS15_F_4_HR

Printing Pullup Rising coefficients for Model SPARTAN7_LVCMOS15_F_4_HR: VFix=0.000000, RFix=0.000000
Printing Pullup Falling coefficients for Model SPARTAN7_LVCMOS15_F_4_HR: VFix=0.000000, RFix=0.000000
Printing Pulldown Rising coefficients for Model SPARTAN7_LVCMOS15_F_4_HR: VFix=0.000000, RFix=0.000000
Printing Pulldown Falling coefficients for Model SPARTAN7_LVCMOS15_F_4_HR: VFix=0.000000, RFix=0.000000
Generating model for SPARTAN7_LVCMOS15_F_8_HR

Printing Pullup Rising coefficients for Model SPARTAN7_LVCMOS15_F_8_HR: VFix=0.000000, RFix=0.000000
Printing Pullup Falling coefficients for Model SPARTAN7_LVCMOS15_F_8_HR: VFix=0.000000, RFix=0.000000
Printing Pulldown Rising coefficients for Model SPARTAN7_LVCMOS15_F_8_HR: VFix=0.000000, RFix=0.000000
Printing Pulldown Falling coefficients for Model SPARTAN7_LVCMOS15_F_8_HR: VFix=0.000000, RFix=0.000000
Generating model for SPARTAN7_LVCMOS15_S_12_HR

Printing Pullup Rising coefficients for Model SPARTAN7_LVCMOS15_S_12_HR: VFix=0.000000, RFix=0.000000
Printing Pullup Falling coefficients for Model SPARTAN7_LVCMOS15_S_12_HR: VFix=0.000000, RFix=0.000000
Printing Pulldown Rising coefficients for Model SPARTAN7_LVCMOS15_S_12_HR: VFix=0.000000, RFix=0.000000
Printing Pulldown Falling coefficients for Model SPARTAN7_LVCMOS15_S_12_HR: VFix=0.000000, RFix=0.000000
Generating model for SPARTAN7_LVCMOS15_S_16_HR

Printing Pullup Rising coefficients for Model SPARTAN7_LVCMOS15_S_16_HR: VFix=0.000000, RFix=0.000000
Printing Pullup Falling coefficients for Model SPARTAN7_LVCMOS15_S_16_HR: VFix=0.000000, RFix=0.000000
Printing Pulldown Rising coefficients for Model SPARTAN7_LVCMOS15_S_16_HR: VFix=0.000000, RFix=0.000000
Printing Pulldown Falling coefficients for Model SPARTAN7_LVCMOS15_S_16_HR: VFix=0.000000, RFix=0.000000
Generating model for SPARTAN7_LVCMOS15_S_4_HR

Printing Pullup Rising coefficients for Model SPARTAN7_LVCMOS15_S_4_HR: VFix=0.000000, RFix=0.000000
Printing Pullup Falling coefficients for Model SPARTAN7_LVCMOS15_S_4_HR: VFix=0.000000, RFix=0.000000
Printing Pulldown Rising coefficients for Model SPARTAN7_LVCMOS15_S_4_HR: VFix=0.000000, RFix=0.000000
Printing Pulldown Falling coefficients for Model SPARTAN7_LVCMOS15_S_4_HR: VFix=0.000000, RFix=0.000000
Generating model for SPARTAN7_LVCMOS15_S_8_HR

Printing Pullup Rising coefficients for Model SPARTAN7_LVCMOS15_S_8_HR: VFix=0.000000, RFix=0.000000
Printing Pullup Falling coefficients for Model SPARTAN7_LVCMOS15_S_8_HR: VFix=0.000000, RFix=0.000000
Printing Pulldown Rising coefficients for Model SPARTAN7_LVCMOS15_S_8_HR: VFix=0.000000, RFix=0.000000
Printing Pulldown Falling coefficients for Model SPARTAN7_LVCMOS15_S_8_HR: VFix=0.000000, RFix=0.000000
Generating model for SPARTAN7_LVCMOS18_F_12_HR

Printing Pullup Rising coefficients for Model SPARTAN7_LVCMOS18_F_12_HR: VFix=0.000000, RFix=0.000000
Printing Pullup Falling coefficients for Model SPARTAN7_LVCMOS18_F_12_HR: VFix=0.000000, RFix=0.000000
Printing Pulldown Rising coefficients for Model SPARTAN7_LVCMOS18_F_12_HR: VFix=0.000000, RFix=0.000000
Printing Pulldown Falling coefficients for Model SPARTAN7_LVCMOS18_F_12_HR: VFix=0.000000, RFix=0.000000
Generating model for SPARTAN7_LVCMOS18_F_16_HR

Printing Pullup Rising coefficients for Model SPARTAN7_LVCMOS18_F_16_HR: VFix=0.000000, RFix=0.000000
Printing Pullup Falling coefficients for Model SPARTAN7_LVCMOS18_F_16_HR: VFix=0.000000, RFix=0.000000
Printing Pulldown Rising coefficients for Model SPARTAN7_LVCMOS18_F_16_HR: VFix=0.000000, RFix=0.000000
Printing Pulldown Falling coefficients for Model SPARTAN7_LVCMOS18_F_16_HR: VFix=0.000000, RFix=0.000000
Generating model for SPARTAN7_LVCMOS18_F_24_HR

Printing Pullup Rising coefficients for Model SPARTAN7_LVCMOS18_F_24_HR: VFix=0.000000, RFix=0.000000
Printing Pullup Falling coefficients for Model SPARTAN7_LVCMOS18_F_24_HR: VFix=0.000000, RFix=0.000000
Printing Pulldown Rising coefficients for Model SPARTAN7_LVCMOS18_F_24_HR: VFix=0.000000, RFix=0.000000
Printing Pulldown Falling coefficients for Model SPARTAN7_LVCMOS18_F_24_HR: VFix=0.000000, RFix=0.000000
Generating model for SPARTAN7_LVCMOS18_F_4_HR

Printing Pullup Rising coefficients for Model SPARTAN7_LVCMOS18_F_4_HR: VFix=0.000000, RFix=0.000000
Printing Pullup Falling coefficients for Model SPARTAN7_LVCMOS18_F_4_HR: VFix=0.000000, RFix=0.000000
Printing Pulldown Rising coefficients for Model SPARTAN7_LVCMOS18_F_4_HR: VFix=0.000000, RFix=0.000000
Printing Pulldown Falling coefficients for Model SPARTAN7_LVCMOS18_F_4_HR: VFix=0.000000, RFix=0.000000
Generating model for SPARTAN7_LVCMOS18_F_8_HR

Printing Pullup Rising coefficients for Model SPARTAN7_LVCMOS18_F_8_HR: VFix=0.000000, RFix=0.000000
Printing Pullup Falling coefficients for Model SPARTAN7_LVCMOS18_F_8_HR: VFix=0.000000, RFix=0.000000
Printing Pulldown Rising coefficients for Model SPARTAN7_LVCMOS18_F_8_HR: VFix=0.000000, RFix=0.000000
Printing Pulldown Falling coefficients for Model SPARTAN7_LVCMOS18_F_8_HR: VFix=0.000000, RFix=0.000000
Generating model for SPARTAN7_LVCMOS18_S_12_HR

Printing Pullup Rising coefficients for Model SPARTAN7_LVCMOS18_S_12_HR: VFix=0.000000, RFix=0.000000
Printing Pullup Falling coefficients for Model SPARTAN7_LVCMOS18_S_12_HR: VFix=0.000000, RFix=0.000000
Printing Pulldown Rising coefficients for Model SPARTAN7_LVCMOS18_S_12_HR: VFix=0.000000, RFix=0.000000
Printing Pulldown Falling coefficients for Model SPARTAN7_LVCMOS18_S_12_HR: VFix=0.000000, RFix=0.000000
Generating model for SPARTAN7_LVCMOS18_S_16_HR

Printing Pullup Rising coefficients for Model SPARTAN7_LVCMOS18_S_16_HR: VFix=0.000000, RFix=0.000000
Printing Pullup Falling coefficients for Model SPARTAN7_LVCMOS18_S_16_HR: VFix=0.000000, RFix=0.000000
Printing Pulldown Rising coefficients for Model SPARTAN7_LVCMOS18_S_16_HR: VFix=0.000000, RFix=0.000000
Printing Pulldown Falling coefficients for Model SPARTAN7_LVCMOS18_S_16_HR: VFix=0.000000, RFix=0.000000
Generating model for SPARTAN7_LVCMOS18_S_24_HR

Printing Pullup Rising coefficients for Model SPARTAN7_LVCMOS18_S_24_HR: VFix=0.000000, RFix=0.000000
Printing Pullup Falling coefficients for Model SPARTAN7_LVCMOS18_S_24_HR: VFix=0.000000, RFix=0.000000
Printing Pulldown Rising coefficients for Model SPARTAN7_LVCMOS18_S_24_HR: VFix=0.000000, RFix=0.000000
Printing Pulldown Falling coefficients for Model SPARTAN7_LVCMOS18_S_24_HR: VFix=0.000000, RFix=0.000000
Generating model for SPARTAN7_LVCMOS18_S_4_HR

Printing Pullup Rising coefficients for Model SPARTAN7_LVCMOS18_S_4_HR: VFix=0.000000, RFix=0.000000
Printing Pullup Falling coefficients for Model SPARTAN7_LVCMOS18_S_4_HR: VFix=0.000000, RFix=0.000000
Printing Pulldown Rising coefficients for Model SPARTAN7_LVCMOS18_S_4_HR: VFix=0.000000, RFix=0.000000
Printing Pulldown Falling coefficients for Model SPARTAN7_LVCMOS18_S_4_HR: VFix=0.000000, RFix=0.000000
Generating model for SPARTAN7_LVCMOS18_S_8_HR

Printing Pullup Rising coefficients for Model SPARTAN7_LVCMOS18_S_8_HR: VFix=0.000000, RFix=0.000000
Printing Pullup Falling coefficients for Model SPARTAN7_LVCMOS18_S_8_HR: VFix=0.000000, RFix=0.000000
Printing Pulldown Rising coefficients for Model SPARTAN7_LVCMOS18_S_8_HR: VFix=0.000000, RFix=0.000000
Printing Pulldown Falling coefficients for Model SPARTAN7_LVCMOS18_S_8_HR: VFix=0.000000, RFix=0.000000
Generating model for SPARTAN7_LVCMOS25_F_12_HR

Printing Pullup Rising coefficients for Model SPARTAN7_LVCMOS25_F_12_HR: VFix=0.000000, RFix=0.000000
Printing Pullup Falling coefficients for Model SPARTAN7_LVCMOS25_F_12_HR: VFix=0.000000, RFix=0.000000
Printing Pulldown Rising coefficients for Model SPARTAN7_LVCMOS25_F_12_HR: VFix=0.000000, RFix=0.000000
Printing Pulldown Falling coefficients for Model SPARTAN7_LVCMOS25_F_12_HR: VFix=0.000000, RFix=0.000000
Generating model for SPARTAN7_LVCMOS25_F_16_HR

Printing Pullup Rising coefficients for Model SPARTAN7_LVCMOS25_F_16_HR: VFix=0.000000, RFix=0.000000
Printing Pullup Falling coefficients for Model SPARTAN7_LVCMOS25_F_16_HR: VFix=0.000000, RFix=0.000000
Printing Pulldown Rising coefficients for Model SPARTAN7_LVCMOS25_F_16_HR: VFix=0.000000, RFix=0.000000
Printing Pulldown Falling coefficients for Model SPARTAN7_LVCMOS25_F_16_HR: VFix=0.000000, RFix=0.000000
Generating model for SPARTAN7_LVCMOS25_F_4_HR

Printing Pullup Rising coefficients for Model SPARTAN7_LVCMOS25_F_4_HR: VFix=0.000000, RFix=0.000000
Printing Pullup Falling coefficients for Model SPARTAN7_LVCMOS25_F_4_HR: VFix=0.000000, RFix=0.000000
Printing Pulldown Rising coefficients for Model SPARTAN7_LVCMOS25_F_4_HR: VFix=0.000000, RFix=0.000000
Printing Pulldown Falling coefficients for Model SPARTAN7_LVCMOS25_F_4_HR: VFix=0.000000, RFix=0.000000
Generating model for SPARTAN7_LVCMOS25_F_8_HR

Printing Pullup Rising coefficients for Model SPARTAN7_LVCMOS25_F_8_HR: VFix=0.000000, RFix=0.000000
Printing Pullup Falling coefficients for Model SPARTAN7_LVCMOS25_F_8_HR: VFix=0.000000, RFix=0.000000
Printing Pulldown Rising coefficients for Model SPARTAN7_LVCMOS25_F_8_HR: VFix=0.000000, RFix=0.000000
Printing Pulldown Falling coefficients for Model SPARTAN7_LVCMOS25_F_8_HR: VFix=0.000000, RFix=0.000000
Generating model for SPARTAN7_LVCMOS25_S_12_HR

Printing Pullup Rising coefficients for Model SPARTAN7_LVCMOS25_S_12_HR: VFix=0.000000, RFix=0.000000
Printing Pullup Falling coefficients for Model SPARTAN7_LVCMOS25_S_12_HR: VFix=0.000000, RFix=0.000000
Printing Pulldown Rising coefficients for Model SPARTAN7_LVCMOS25_S_12_HR: VFix=0.000000, RFix=0.000000
Printing Pulldown Falling coefficients for Model SPARTAN7_LVCMOS25_S_12_HR: VFix=0.000000, RFix=0.000000
Generating model for SPARTAN7_LVCMOS25_S_16_HR

Printing Pullup Rising coefficients for Model SPARTAN7_LVCMOS25_S_16_HR: VFix=0.000000, RFix=0.000000
Printing Pullup Falling coefficients for Model SPARTAN7_LVCMOS25_S_16_HR: VFix=0.000000, RFix=0.000000
Printing Pulldown Rising coefficients for Model SPARTAN7_LVCMOS25_S_16_HR: VFix=0.000000, RFix=0.000000
Printing Pulldown Falling coefficients for Model SPARTAN7_LVCMOS25_S_16_HR: VFix=0.000000, RFix=0.000000
Generating model for SPARTAN7_LVCMOS25_S_4_HR

Printing Pullup Rising coefficients for Model SPARTAN7_LVCMOS25_S_4_HR: VFix=0.000000, RFix=0.000000
Printing Pullup Falling coefficients for Model SPARTAN7_LVCMOS25_S_4_HR: VFix=0.000000, RFix=0.000000
Printing Pulldown Rising coefficients for Model SPARTAN7_LVCMOS25_S_4_HR: VFix=0.000000, RFix=0.000000
Printing Pulldown Falling coefficients for Model SPARTAN7_LVCMOS25_S_4_HR: VFix=0.000000, RFix=0.000000
Generating model for SPARTAN7_LVCMOS25_S_8_HR

Printing Pullup Rising coefficients for Model SPARTAN7_LVCMOS25_S_8_HR: VFix=0.000000, RFix=0.000000
Printing Pullup Falling coefficients for Model SPARTAN7_LVCMOS25_S_8_HR: VFix=0.000000, RFix=0.000000
Printing Pulldown Rising coefficients for Model SPARTAN7_LVCMOS25_S_8_HR: VFix=0.000000, RFix=0.000000
Printing Pulldown Falling coefficients for Model SPARTAN7_LVCMOS25_S_8_HR: VFix=0.000000, RFix=0.000000
Generating model for SPARTAN7_LVCMOS33_F_12_HR

Printing Pullup Rising coefficients for Model SPARTAN7_LVCMOS33_F_12_HR: VFix=0.000000, RFix=0.000000
Printing Pullup Falling coefficients for Model SPARTAN7_LVCMOS33_F_12_HR: VFix=0.000000, RFix=0.000000
Printing Pulldown Rising coefficients for Model SPARTAN7_LVCMOS33_F_12_HR: VFix=0.000000, RFix=0.000000
Printing Pulldown Falling coefficients for Model SPARTAN7_LVCMOS33_F_12_HR: VFix=0.000000, RFix=0.000000
Generating model for SPARTAN7_LVCMOS33_F_16_HR

Printing Pullup Rising coefficients for Model SPARTAN7_LVCMOS33_F_16_HR: VFix=0.000000, RFix=0.000000
Printing Pullup Falling coefficients for Model SPARTAN7_LVCMOS33_F_16_HR: VFix=0.000000, RFix=0.000000
Printing Pulldown Rising coefficients for Model SPARTAN7_LVCMOS33_F_16_HR: VFix=0.000000, RFix=0.000000
Printing Pulldown Falling coefficients for Model SPARTAN7_LVCMOS33_F_16_HR: VFix=0.000000, RFix=0.000000
Generating model for SPARTAN7_LVCMOS33_F_4_HR

Printing Pullup Rising coefficients for Model SPARTAN7_LVCMOS33_F_4_HR: VFix=0.000000, RFix=0.000000
Printing Pullup Falling coefficients for Model SPARTAN7_LVCMOS33_F_4_HR: VFix=0.000000, RFix=0.000000
Printing Pulldown Rising coefficients for Model SPARTAN7_LVCMOS33_F_4_HR: VFix=0.000000, RFix=0.000000
Printing Pulldown Falling coefficients for Model SPARTAN7_LVCMOS33_F_4_HR: VFix=0.000000, RFix=0.000000
Generating model for SPARTAN7_LVCMOS33_F_8_HR

Printing Pullup Rising coefficients for Model SPARTAN7_LVCMOS33_F_8_HR: VFix=0.000000, RFix=0.000000
Printing Pullup Falling coefficients for Model SPARTAN7_LVCMOS33_F_8_HR: VFix=0.000000, RFix=0.000000
Printing Pulldown Rising coefficients for Model SPARTAN7_LVCMOS33_F_8_HR: VFix=0.000000, RFix=0.000000
Printing Pulldown Falling coefficients for Model SPARTAN7_LVCMOS33_F_8_HR: VFix=0.000000, RFix=0.000000
Generating model for SPARTAN7_LVCMOS33_S_12_HR

Printing Pullup Rising coefficients for Model SPARTAN7_LVCMOS33_S_12_HR: VFix=0.000000, RFix=0.000000
Printing Pullup Falling coefficients for Model SPARTAN7_LVCMOS33_S_12_HR: VFix=0.000000, RFix=0.000000
Printing Pulldown Rising coefficients for Model SPARTAN7_LVCMOS33_S_12_HR: VFix=0.000000, RFix=0.000000
Printing Pulldown Falling coefficients for Model SPARTAN7_LVCMOS33_S_12_HR: VFix=0.000000, RFix=0.000000
Generating model for SPARTAN7_LVCMOS33_S_16_HR

Printing Pullup Rising coefficients for Model SPARTAN7_LVCMOS33_S_16_HR: VFix=0.000000, RFix=0.000000
Printing Pullup Falling coefficients for Model SPARTAN7_LVCMOS33_S_16_HR: VFix=0.000000, RFix=0.000000
Printing Pulldown Rising coefficients for Model SPARTAN7_LVCMOS33_S_16_HR: VFix=0.000000, RFix=0.000000
Printing Pulldown Falling coefficients for Model SPARTAN7_LVCMOS33_S_16_HR: VFix=0.000000, RFix=0.000000
Generating model for SPARTAN7_LVCMOS33_S_4_HR

Printing Pullup Rising coefficients for Model SPARTAN7_LVCMOS33_S_4_HR: VFix=0.000000, RFix=0.000000
Printing Pullup Falling coefficients for Model SPARTAN7_LVCMOS33_S_4_HR: VFix=0.000000, RFix=0.000000
Printing Pulldown Rising coefficients for Model SPARTAN7_LVCMOS33_S_4_HR: VFix=0.000000, RFix=0.000000
Printing Pulldown Falling coefficients for Model SPARTAN7_LVCMOS33_S_4_HR: VFix=0.000000, RFix=0.000000
Generating model for SPARTAN7_LVCMOS33_S_8_HR

Printing Pullup Rising coefficients for Model SPARTAN7_LVCMOS33_S_8_HR: VFix=0.000000, RFix=0.000000
Printing Pullup Falling coefficients for Model SPARTAN7_LVCMOS33_S_8_HR: VFix=0.000000, RFix=0.000000
Printing Pulldown Rising coefficients for Model SPARTAN7_LVCMOS33_S_8_HR: VFix=0.000000, RFix=0.000000
Printing Pulldown Falling coefficients for Model SPARTAN7_LVCMOS33_S_8_HR: VFix=0.000000, RFix=0.000000
Generating model for SPARTAN7_LVDS_25_DT_HR_I

Generating model for SPARTAN7_LVDS_25_HR_I

Generating model for SPARTAN7_LVDS_25_HR_O

Printing Pullup Rising coefficients for Model SPARTAN7_LVDS_25_HR_O: VFix=0.000000, RFix=0.000000
Printing Pullup Falling coefficients for Model SPARTAN7_LVDS_25_HR_O: VFix=0.000000, RFix=0.000000
Printing Pulldown Rising coefficients for Model SPARTAN7_LVDS_25_HR_O: VFix=0.000000, RFix=0.000000
Printing Pulldown Falling coefficients for Model SPARTAN7_LVDS_25_HR_O: VFix=0.000000, RFix=0.000000
Generating model for SPARTAN7_LVTTL_F_12_HR

Printing Pullup Rising coefficients for Model SPARTAN7_LVTTL_F_12_HR: VFix=0.000000, RFix=0.000000
Printing Pullup Falling coefficients for Model SPARTAN7_LVTTL_F_12_HR: VFix=0.000000, RFix=0.000000
Printing Pulldown Rising coefficients for Model SPARTAN7_LVTTL_F_12_HR: VFix=0.000000, RFix=0.000000
Printing Pulldown Falling coefficients for Model SPARTAN7_LVTTL_F_12_HR: VFix=0.000000, RFix=0.000000
Generating model for SPARTAN7_LVTTL_F_16_HR

Printing Pullup Rising coefficients for Model SPARTAN7_LVTTL_F_16_HR: VFix=0.000000, RFix=0.000000
Printing Pullup Falling coefficients for Model SPARTAN7_LVTTL_F_16_HR: VFix=0.000000, RFix=0.000000
Printing Pulldown Rising coefficients for Model SPARTAN7_LVTTL_F_16_HR: VFix=0.000000, RFix=0.000000
Printing Pulldown Falling coefficients for Model SPARTAN7_LVTTL_F_16_HR: VFix=0.000000, RFix=0.000000
Generating model for SPARTAN7_LVTTL_F_24_HR

Printing Pullup Rising coefficients for Model SPARTAN7_LVTTL_F_24_HR: VFix=0.000000, RFix=0.000000
Printing Pullup Falling coefficients for Model SPARTAN7_LVTTL_F_24_HR: VFix=0.000000, RFix=0.000000
Printing Pulldown Rising coefficients for Model SPARTAN7_LVTTL_F_24_HR: VFix=0.000000, RFix=0.000000
Printing Pulldown Falling coefficients for Model SPARTAN7_LVTTL_F_24_HR: VFix=0.000000, RFix=0.000000
Generating model for SPARTAN7_LVTTL_F_4_HR

Printing Pullup Rising coefficients for Model SPARTAN7_LVTTL_F_4_HR: VFix=0.000000, RFix=0.000000
Printing Pullup Falling coefficients for Model SPARTAN7_LVTTL_F_4_HR: VFix=0.000000, RFix=0.000000
Printing Pulldown Rising coefficients for Model SPARTAN7_LVTTL_F_4_HR: VFix=0.000000, RFix=0.000000
Printing Pulldown Falling coefficients for Model SPARTAN7_LVTTL_F_4_HR: VFix=0.000000, RFix=0.000000
Generating model for SPARTAN7_LVTTL_F_8_HR

Printing Pullup Rising coefficients for Model SPARTAN7_LVTTL_F_8_HR: VFix=0.000000, RFix=0.000000
Printing Pullup Falling coefficients for Model SPARTAN7_LVTTL_F_8_HR: VFix=0.000000, RFix=0.000000
Printing Pulldown Rising coefficients for Model SPARTAN7_LVTTL_F_8_HR: VFix=0.000000, RFix=0.000000
Printing Pulldown Falling coefficients for Model SPARTAN7_LVTTL_F_8_HR: VFix=0.000000, RFix=0.000000
Generating model for SPARTAN7_LVTTL_S_12_HR

Printing Pullup Rising coefficients for Model SPARTAN7_LVTTL_S_12_HR: VFix=0.000000, RFix=0.000000
Printing Pullup Falling coefficients for Model SPARTAN7_LVTTL_S_12_HR: VFix=0.000000, RFix=0.000000
Printing Pulldown Rising coefficients for Model SPARTAN7_LVTTL_S_12_HR: VFix=0.000000, RFix=0.000000
Printing Pulldown Falling coefficients for Model SPARTAN7_LVTTL_S_12_HR: VFix=0.000000, RFix=0.000000
Generating model for SPARTAN7_LVTTL_S_16_HR

Printing Pullup Rising coefficients for Model SPARTAN7_LVTTL_S_16_HR: VFix=0.000000, RFix=0.000000
Printing Pullup Falling coefficients for Model SPARTAN7_LVTTL_S_16_HR: VFix=0.000000, RFix=0.000000
Printing Pulldown Rising coefficients for Model SPARTAN7_LVTTL_S_16_HR: VFix=0.000000, RFix=0.000000
Printing Pulldown Falling coefficients for Model SPARTAN7_LVTTL_S_16_HR: VFix=0.000000, RFix=0.000000
Generating model for SPARTAN7_LVTTL_S_24_HR

Printing Pullup Rising coefficients for Model SPARTAN7_LVTTL_S_24_HR: VFix=0.000000, RFix=0.000000
Printing Pullup Falling coefficients for Model SPARTAN7_LVTTL_S_24_HR: VFix=0.000000, RFix=0.000000
Printing Pulldown Rising coefficients for Model SPARTAN7_LVTTL_S_24_HR: VFix=0.000000, RFix=0.000000
Printing Pulldown Falling coefficients for Model SPARTAN7_LVTTL_S_24_HR: VFix=0.000000, RFix=0.000000
Generating model for SPARTAN7_LVTTL_S_4_HR

Printing Pullup Rising coefficients for Model SPARTAN7_LVTTL_S_4_HR: VFix=0.000000, RFix=0.000000
Printing Pullup Falling coefficients for Model SPARTAN7_LVTTL_S_4_HR: VFix=0.000000, RFix=0.000000
Printing Pulldown Rising coefficients for Model SPARTAN7_LVTTL_S_4_HR: VFix=0.000000, RFix=0.000000
Printing Pulldown Falling coefficients for Model SPARTAN7_LVTTL_S_4_HR: VFix=0.000000, RFix=0.000000
Generating model for SPARTAN7_LVTTL_S_8_HR

Printing Pullup Rising coefficients for Model SPARTAN7_LVTTL_S_8_HR: VFix=0.000000, RFix=0.000000
Printing Pullup Falling coefficients for Model SPARTAN7_LVTTL_S_8_HR: VFix=0.000000, RFix=0.000000
Printing Pulldown Rising coefficients for Model SPARTAN7_LVTTL_S_8_HR: VFix=0.000000, RFix=0.000000
Printing Pulldown Falling coefficients for Model SPARTAN7_LVTTL_S_8_HR: VFix=0.000000, RFix=0.000000
Generating model for SPARTAN7_MINI_LVDS_25_DT_HR_I

Generating model for SPARTAN7_MINI_LVDS_25_HR_I

Generating model for SPARTAN7_MINI_LVDS_25_HR_O

Printing Pullup Rising coefficients for Model SPARTAN7_MINI_LVDS_25_HR_O: VFix=0.000000, RFix=0.000000
Printing Pullup Falling coefficients for Model SPARTAN7_MINI_LVDS_25_HR_O: VFix=0.000000, RFix=0.000000
Printing Pulldown Rising coefficients for Model SPARTAN7_MINI_LVDS_25_HR_O: VFix=0.000000, RFix=0.000000
Printing Pulldown Falling coefficients for Model SPARTAN7_MINI_LVDS_25_HR_O: VFix=0.000000, RFix=0.000000
Generating model for SPARTAN7_MOBILE_DDR_F_HR

Printing Pullup Rising coefficients for Model SPARTAN7_MOBILE_DDR_F_HR: VFix=0.000000, RFix=0.000000
Printing Pullup Falling coefficients for Model SPARTAN7_MOBILE_DDR_F_HR: VFix=0.000000, RFix=0.000000
Printing Pulldown Rising coefficients for Model SPARTAN7_MOBILE_DDR_F_HR: VFix=0.000000, RFix=0.000000
Printing Pulldown Falling coefficients for Model SPARTAN7_MOBILE_DDR_F_HR: VFix=0.000000, RFix=0.000000
Generating model for SPARTAN7_MOBILE_DDR_S_HR

Printing Pullup Rising coefficients for Model SPARTAN7_MOBILE_DDR_S_HR: VFix=0.000000, RFix=0.000000
Printing Pullup Falling coefficients for Model SPARTAN7_MOBILE_DDR_S_HR: VFix=0.000000, RFix=0.000000
Printing Pulldown Rising coefficients for Model SPARTAN7_MOBILE_DDR_S_HR: VFix=0.000000, RFix=0.000000
Printing Pulldown Falling coefficients for Model SPARTAN7_MOBILE_DDR_S_HR: VFix=0.000000, RFix=0.000000
Generating model for SPARTAN7_PCI33_3_HR

Printing Pullup Rising coefficients for Model SPARTAN7_PCI33_3_HR: VFix=0.000000, RFix=0.000000
Printing Pullup Falling coefficients for Model SPARTAN7_PCI33_3_HR: VFix=0.000000, RFix=0.000000
Printing Pulldown Rising coefficients for Model SPARTAN7_PCI33_3_HR: VFix=0.000000, RFix=0.000000
Printing Pulldown Falling coefficients for Model SPARTAN7_PCI33_3_HR: VFix=0.000000, RFix=0.000000
Generating model for SPARTAN7_PKG

Generating model for SPARTAN7_PPDS_25_DT_HR_I

Generating model for SPARTAN7_PPDS_25_HR_I

Generating model for SPARTAN7_PPDS_25_HR_O

Printing Pullup Rising coefficients for Model SPARTAN7_PPDS_25_HR_O: VFix=0.000000, RFix=0.000000
Printing Pullup Falling coefficients for Model SPARTAN7_PPDS_25_HR_O: VFix=0.000000, RFix=0.000000
Printing Pulldown Rising coefficients for Model SPARTAN7_PPDS_25_HR_O: VFix=0.000000, RFix=0.000000
Printing Pulldown Falling coefficients for Model SPARTAN7_PPDS_25_HR_O: VFix=0.000000, RFix=0.000000
Generating model for SPARTAN7_RSDS_25_DT_HR_I

Generating model for SPARTAN7_RSDS_25_HR_I

Generating model for SPARTAN7_RSDS_25_HR_O

Printing Pullup Rising coefficients for Model SPARTAN7_RSDS_25_HR_O: VFix=0.000000, RFix=0.000000
Printing Pullup Falling coefficients for Model SPARTAN7_RSDS_25_HR_O: VFix=0.000000, RFix=0.000000
Printing Pulldown Rising coefficients for Model SPARTAN7_RSDS_25_HR_O: VFix=0.000000, RFix=0.000000
Printing Pulldown Falling coefficients for Model SPARTAN7_RSDS_25_HR_O: VFix=0.000000, RFix=0.000000
Generating model for SPARTAN7_rterm_dt_hr

Generating model for SPARTAN7_SSTL135_F_HR

Printing Pullup Rising coefficients for Model SPARTAN7_SSTL135_F_HR: VFix=0.000000, RFix=0.000000
Printing Pullup Falling coefficients for Model SPARTAN7_SSTL135_F_HR: VFix=0.000000, RFix=0.000000
Printing Pulldown Rising coefficients for Model SPARTAN7_SSTL135_F_HR: VFix=0.000000, RFix=0.000000
Printing Pulldown Falling coefficients for Model SPARTAN7_SSTL135_F_HR: VFix=0.000000, RFix=0.000000
Generating model for SPARTAN7_SSTL135_F_HR_IN40

Printing Pullup Rising coefficients for Model SPARTAN7_SSTL135_F_HR_IN40: VFix=0.000000, RFix=0.000000
Printing Pullup Falling coefficients for Model SPARTAN7_SSTL135_F_HR_IN40: VFix=0.000000, RFix=0.000000
Printing Pulldown Rising coefficients for Model SPARTAN7_SSTL135_F_HR_IN40: VFix=0.000000, RFix=0.000000
Printing Pulldown Falling coefficients for Model SPARTAN7_SSTL135_F_HR_IN40: VFix=0.000000, RFix=0.000000
Generating model for SPARTAN7_SSTL135_F_HR_IN50

Printing Pullup Rising coefficients for Model SPARTAN7_SSTL135_F_HR_IN50: VFix=0.000000, RFix=0.000000
Printing Pullup Falling coefficients for Model SPARTAN7_SSTL135_F_HR_IN50: VFix=0.000000, RFix=0.000000
Printing Pulldown Rising coefficients for Model SPARTAN7_SSTL135_F_HR_IN50: VFix=0.000000, RFix=0.000000
Printing Pulldown Falling coefficients for Model SPARTAN7_SSTL135_F_HR_IN50: VFix=0.000000, RFix=0.000000
Generating model for SPARTAN7_SSTL135_F_HR_IN60

Printing Pullup Rising coefficients for Model SPARTAN7_SSTL135_F_HR_IN60: VFix=0.000000, RFix=0.000000
Printing Pullup Falling coefficients for Model SPARTAN7_SSTL135_F_HR_IN60: VFix=0.000000, RFix=0.000000
Printing Pulldown Rising coefficients for Model SPARTAN7_SSTL135_F_HR_IN60: VFix=0.000000, RFix=0.000000
Printing Pulldown Falling coefficients for Model SPARTAN7_SSTL135_F_HR_IN60: VFix=0.000000, RFix=0.000000
Generating model for SPARTAN7_SSTL135_R_F_HR

Printing Pullup Rising coefficients for Model SPARTAN7_SSTL135_R_F_HR: VFix=0.000000, RFix=0.000000
Printing Pullup Falling coefficients for Model SPARTAN7_SSTL135_R_F_HR: VFix=0.000000, RFix=0.000000
Printing Pulldown Rising coefficients for Model SPARTAN7_SSTL135_R_F_HR: VFix=0.000000, RFix=0.000000
Printing Pulldown Falling coefficients for Model SPARTAN7_SSTL135_R_F_HR: VFix=0.000000, RFix=0.000000
Generating model for SPARTAN7_SSTL135_R_F_HR_IN40

Printing Pullup Rising coefficients for Model SPARTAN7_SSTL135_R_F_HR_IN40: VFix=0.000000, RFix=0.000000
Printing Pullup Falling coefficients for Model SPARTAN7_SSTL135_R_F_HR_IN40: VFix=0.000000, RFix=0.000000
Printing Pulldown Rising coefficients for Model SPARTAN7_SSTL135_R_F_HR_IN40: VFix=0.000000, RFix=0.000000
Printing Pulldown Falling coefficients for Model SPARTAN7_SSTL135_R_F_HR_IN40: VFix=0.000000, RFix=0.000000
Generating model for SPARTAN7_SSTL135_R_F_HR_IN50

Printing Pullup Rising coefficients for Model SPARTAN7_SSTL135_R_F_HR_IN50: VFix=0.000000, RFix=0.000000
Printing Pullup Falling coefficients for Model SPARTAN7_SSTL135_R_F_HR_IN50: VFix=0.000000, RFix=0.000000
Printing Pulldown Rising coefficients for Model SPARTAN7_SSTL135_R_F_HR_IN50: VFix=0.000000, RFix=0.000000
Printing Pulldown Falling coefficients for Model SPARTAN7_SSTL135_R_F_HR_IN50: VFix=0.000000, RFix=0.000000
Generating model for SPARTAN7_SSTL135_R_F_HR_IN60

Printing Pullup Rising coefficients for Model SPARTAN7_SSTL135_R_F_HR_IN60: VFix=0.000000, RFix=0.000000
Printing Pullup Falling coefficients for Model SPARTAN7_SSTL135_R_F_HR_IN60: VFix=0.000000, RFix=0.000000
Printing Pulldown Rising coefficients for Model SPARTAN7_SSTL135_R_F_HR_IN60: VFix=0.000000, RFix=0.000000
Printing Pulldown Falling coefficients for Model SPARTAN7_SSTL135_R_F_HR_IN60: VFix=0.000000, RFix=0.000000
Generating model for SPARTAN7_SSTL135_R_S_HR

Printing Pullup Rising coefficients for Model SPARTAN7_SSTL135_R_S_HR: VFix=0.000000, RFix=0.000000
Printing Pullup Falling coefficients for Model SPARTAN7_SSTL135_R_S_HR: VFix=0.000000, RFix=0.000000
Printing Pulldown Rising coefficients for Model SPARTAN7_SSTL135_R_S_HR: VFix=0.000000, RFix=0.000000
Printing Pulldown Falling coefficients for Model SPARTAN7_SSTL135_R_S_HR: VFix=0.000000, RFix=0.000000
Generating model for SPARTAN7_SSTL135_R_S_HR_IN40

Printing Pullup Rising coefficients for Model SPARTAN7_SSTL135_R_S_HR_IN40: VFix=0.000000, RFix=0.000000
Printing Pullup Falling coefficients for Model SPARTAN7_SSTL135_R_S_HR_IN40: VFix=0.000000, RFix=0.000000
Printing Pulldown Rising coefficients for Model SPARTAN7_SSTL135_R_S_HR_IN40: VFix=0.000000, RFix=0.000000
Printing Pulldown Falling coefficients for Model SPARTAN7_SSTL135_R_S_HR_IN40: VFix=0.000000, RFix=0.000000
Generating model for SPARTAN7_SSTL135_R_S_HR_IN50

Printing Pullup Rising coefficients for Model SPARTAN7_SSTL135_R_S_HR_IN50: VFix=0.000000, RFix=0.000000
Printing Pullup Falling coefficients for Model SPARTAN7_SSTL135_R_S_HR_IN50: VFix=0.000000, RFix=0.000000
Printing Pulldown Rising coefficients for Model SPARTAN7_SSTL135_R_S_HR_IN50: VFix=0.000000, RFix=0.000000
Printing Pulldown Falling coefficients for Model SPARTAN7_SSTL135_R_S_HR_IN50: VFix=0.000000, RFix=0.000000
Generating model for SPARTAN7_SSTL135_R_S_HR_IN60

Printing Pullup Rising coefficients for Model SPARTAN7_SSTL135_R_S_HR_IN60: VFix=0.000000, RFix=0.000000
Printing Pullup Falling coefficients for Model SPARTAN7_SSTL135_R_S_HR_IN60: VFix=0.000000, RFix=0.000000
Printing Pulldown Rising coefficients for Model SPARTAN7_SSTL135_R_S_HR_IN60: VFix=0.000000, RFix=0.000000
Printing Pulldown Falling coefficients for Model SPARTAN7_SSTL135_R_S_HR_IN60: VFix=0.000000, RFix=0.000000
Generating model for SPARTAN7_SSTL135_S_HR

Printing Pullup Rising coefficients for Model SPARTAN7_SSTL135_S_HR: VFix=0.000000, RFix=0.000000
Printing Pullup Falling coefficients for Model SPARTAN7_SSTL135_S_HR: VFix=0.000000, RFix=0.000000
Printing Pulldown Rising coefficients for Model SPARTAN7_SSTL135_S_HR: VFix=0.000000, RFix=0.000000
Printing Pulldown Falling coefficients for Model SPARTAN7_SSTL135_S_HR: VFix=0.000000, RFix=0.000000
Generating model for SPARTAN7_SSTL135_S_HR_IN40

Printing Pullup Rising coefficients for Model SPARTAN7_SSTL135_S_HR_IN40: VFix=0.000000, RFix=0.000000
Printing Pullup Falling coefficients for Model SPARTAN7_SSTL135_S_HR_IN40: VFix=0.000000, RFix=0.000000
Printing Pulldown Rising coefficients for Model SPARTAN7_SSTL135_S_HR_IN40: VFix=0.000000, RFix=0.000000
Printing Pulldown Falling coefficients for Model SPARTAN7_SSTL135_S_HR_IN40: VFix=0.000000, RFix=0.000000
Generating model for SPARTAN7_SSTL135_S_HR_IN50

Printing Pullup Rising coefficients for Model SPARTAN7_SSTL135_S_HR_IN50: VFix=0.000000, RFix=0.000000
Printing Pullup Falling coefficients for Model SPARTAN7_SSTL135_S_HR_IN50: VFix=0.000000, RFix=0.000000
Printing Pulldown Rising coefficients for Model SPARTAN7_SSTL135_S_HR_IN50: VFix=0.000000, RFix=0.000000
Printing Pulldown Falling coefficients for Model SPARTAN7_SSTL135_S_HR_IN50: VFix=0.000000, RFix=0.000000
Generating model for SPARTAN7_SSTL135_S_HR_IN60

Printing Pullup Rising coefficients for Model SPARTAN7_SSTL135_S_HR_IN60: VFix=0.000000, RFix=0.000000
Printing Pullup Falling coefficients for Model SPARTAN7_SSTL135_S_HR_IN60: VFix=0.000000, RFix=0.000000
Printing Pulldown Rising coefficients for Model SPARTAN7_SSTL135_S_HR_IN60: VFix=0.000000, RFix=0.000000
Printing Pulldown Falling coefficients for Model SPARTAN7_SSTL135_S_HR_IN60: VFix=0.000000, RFix=0.000000
Generating model for SPARTAN7_SSTL15_F_HR

Printing Pullup Rising coefficients for Model SPARTAN7_SSTL15_F_HR: VFix=0.000000, RFix=0.000000
Printing Pullup Falling coefficients for Model SPARTAN7_SSTL15_F_HR: VFix=0.000000, RFix=0.000000
Printing Pulldown Rising coefficients for Model SPARTAN7_SSTL15_F_HR: VFix=0.000000, RFix=0.000000
Printing Pulldown Falling coefficients for Model SPARTAN7_SSTL15_F_HR: VFix=0.000000, RFix=0.000000
Generating model for SPARTAN7_SSTL15_F_HR_IN40

Printing Pullup Rising coefficients for Model SPARTAN7_SSTL15_F_HR_IN40: VFix=0.000000, RFix=0.000000
Printing Pullup Falling coefficients for Model SPARTAN7_SSTL15_F_HR_IN40: VFix=0.000000, RFix=0.000000
Printing Pulldown Rising coefficients for Model SPARTAN7_SSTL15_F_HR_IN40: VFix=0.000000, RFix=0.000000
Printing Pulldown Falling coefficients for Model SPARTAN7_SSTL15_F_HR_IN40: VFix=0.000000, RFix=0.000000
Generating model for SPARTAN7_SSTL15_F_HR_IN50

Printing Pullup Rising coefficients for Model SPARTAN7_SSTL15_F_HR_IN50: VFix=0.000000, RFix=0.000000
Printing Pullup Falling coefficients for Model SPARTAN7_SSTL15_F_HR_IN50: VFix=0.000000, RFix=0.000000
Printing Pulldown Rising coefficients for Model SPARTAN7_SSTL15_F_HR_IN50: VFix=0.000000, RFix=0.000000
Printing Pulldown Falling coefficients for Model SPARTAN7_SSTL15_F_HR_IN50: VFix=0.000000, RFix=0.000000
Generating model for SPARTAN7_SSTL15_F_HR_IN60

Printing Pullup Rising coefficients for Model SPARTAN7_SSTL15_F_HR_IN60: VFix=0.000000, RFix=0.000000
Printing Pullup Falling coefficients for Model SPARTAN7_SSTL15_F_HR_IN60: VFix=0.000000, RFix=0.000000
Printing Pulldown Rising coefficients for Model SPARTAN7_SSTL15_F_HR_IN60: VFix=0.000000, RFix=0.000000
Printing Pulldown Falling coefficients for Model SPARTAN7_SSTL15_F_HR_IN60: VFix=0.000000, RFix=0.000000
Generating model for SPARTAN7_SSTL15_R_F_HR

Printing Pullup Rising coefficients for Model SPARTAN7_SSTL15_R_F_HR: VFix=0.000000, RFix=0.000000
Printing Pullup Falling coefficients for Model SPARTAN7_SSTL15_R_F_HR: VFix=0.000000, RFix=0.000000
Printing Pulldown Rising coefficients for Model SPARTAN7_SSTL15_R_F_HR: VFix=0.000000, RFix=0.000000
Printing Pulldown Falling coefficients for Model SPARTAN7_SSTL15_R_F_HR: VFix=0.000000, RFix=0.000000
Generating model for SPARTAN7_SSTL15_R_F_HR_IN40

Printing Pullup Rising coefficients for Model SPARTAN7_SSTL15_R_F_HR_IN40: VFix=0.000000, RFix=0.000000
Printing Pullup Falling coefficients for Model SPARTAN7_SSTL15_R_F_HR_IN40: VFix=0.000000, RFix=0.000000
Printing Pulldown Rising coefficients for Model SPARTAN7_SSTL15_R_F_HR_IN40: VFix=0.000000, RFix=0.000000
Printing Pulldown Falling coefficients for Model SPARTAN7_SSTL15_R_F_HR_IN40: VFix=0.000000, RFix=0.000000
Generating model for SPARTAN7_SSTL15_R_F_HR_IN50

Printing Pullup Rising coefficients for Model SPARTAN7_SSTL15_R_F_HR_IN50: VFix=0.000000, RFix=0.000000
Printing Pullup Falling coefficients for Model SPARTAN7_SSTL15_R_F_HR_IN50: VFix=0.000000, RFix=0.000000
Printing Pulldown Rising coefficients for Model SPARTAN7_SSTL15_R_F_HR_IN50: VFix=0.000000, RFix=0.000000
Printing Pulldown Falling coefficients for Model SPARTAN7_SSTL15_R_F_HR_IN50: VFix=0.000000, RFix=0.000000
Generating model for SPARTAN7_SSTL15_R_F_HR_IN60

Printing Pullup Rising coefficients for Model SPARTAN7_SSTL15_R_F_HR_IN60: VFix=0.000000, RFix=0.000000
Printing Pullup Falling coefficients for Model SPARTAN7_SSTL15_R_F_HR_IN60: VFix=0.000000, RFix=0.000000
Printing Pulldown Rising coefficients for Model SPARTAN7_SSTL15_R_F_HR_IN60: VFix=0.000000, RFix=0.000000
Printing Pulldown Falling coefficients for Model SPARTAN7_SSTL15_R_F_HR_IN60: VFix=0.000000, RFix=0.000000
Generating model for SPARTAN7_SSTL15_R_S_HR

Printing Pullup Rising coefficients for Model SPARTAN7_SSTL15_R_S_HR: VFix=0.000000, RFix=0.000000
Printing Pullup Falling coefficients for Model SPARTAN7_SSTL15_R_S_HR: VFix=0.000000, RFix=0.000000
Printing Pulldown Rising coefficients for Model SPARTAN7_SSTL15_R_S_HR: VFix=0.000000, RFix=0.000000
Printing Pulldown Falling coefficients for Model SPARTAN7_SSTL15_R_S_HR: VFix=0.000000, RFix=0.000000
Generating model for SPARTAN7_SSTL15_R_S_HR_IN40

Printing Pullup Rising coefficients for Model SPARTAN7_SSTL15_R_S_HR_IN40: VFix=0.000000, RFix=0.000000
Printing Pullup Falling coefficients for Model SPARTAN7_SSTL15_R_S_HR_IN40: VFix=0.000000, RFix=0.000000
Printing Pulldown Rising coefficients for Model SPARTAN7_SSTL15_R_S_HR_IN40: VFix=0.000000, RFix=0.000000
Printing Pulldown Falling coefficients for Model SPARTAN7_SSTL15_R_S_HR_IN40: VFix=0.000000, RFix=0.000000
Generating model for SPARTAN7_SSTL15_R_S_HR_IN50

Printing Pullup Rising coefficients for Model SPARTAN7_SSTL15_R_S_HR_IN50: VFix=0.000000, RFix=0.000000
Printing Pullup Falling coefficients for Model SPARTAN7_SSTL15_R_S_HR_IN50: VFix=0.000000, RFix=0.000000
Printing Pulldown Rising coefficients for Model SPARTAN7_SSTL15_R_S_HR_IN50: VFix=0.000000, RFix=0.000000
Printing Pulldown Falling coefficients for Model SPARTAN7_SSTL15_R_S_HR_IN50: VFix=0.000000, RFix=0.000000
Generating model for SPARTAN7_SSTL15_R_S_HR_IN60

Printing Pullup Rising coefficients for Model SPARTAN7_SSTL15_R_S_HR_IN60: VFix=0.000000, RFix=0.000000
Printing Pullup Falling coefficients for Model SPARTAN7_SSTL15_R_S_HR_IN60: VFix=0.000000, RFix=0.000000
Printing Pulldown Rising coefficients for Model SPARTAN7_SSTL15_R_S_HR_IN60: VFix=0.000000, RFix=0.000000
Printing Pulldown Falling coefficients for Model SPARTAN7_SSTL15_R_S_HR_IN60: VFix=0.000000, RFix=0.000000
Generating model for SPARTAN7_SSTL15_S_HR

Printing Pullup Rising coefficients for Model SPARTAN7_SSTL15_S_HR: VFix=0.000000, RFix=0.000000
Printing Pullup Falling coefficients for Model SPARTAN7_SSTL15_S_HR: VFix=0.000000, RFix=0.000000
Printing Pulldown Rising coefficients for Model SPARTAN7_SSTL15_S_HR: VFix=0.000000, RFix=0.000000
Printing Pulldown Falling coefficients for Model SPARTAN7_SSTL15_S_HR: VFix=0.000000, RFix=0.000000
Generating model for SPARTAN7_SSTL15_S_HR_IN40

Printing Pullup Rising coefficients for Model SPARTAN7_SSTL15_S_HR_IN40: VFix=0.000000, RFix=0.000000
Printing Pullup Falling coefficients for Model SPARTAN7_SSTL15_S_HR_IN40: VFix=0.000000, RFix=0.000000
Printing Pulldown Rising coefficients for Model SPARTAN7_SSTL15_S_HR_IN40: VFix=0.000000, RFix=0.000000
Printing Pulldown Falling coefficients for Model SPARTAN7_SSTL15_S_HR_IN40: VFix=0.000000, RFix=0.000000
Generating model for SPARTAN7_SSTL15_S_HR_IN50

Printing Pullup Rising coefficients for Model SPARTAN7_SSTL15_S_HR_IN50: VFix=0.000000, RFix=0.000000
Printing Pullup Falling coefficients for Model SPARTAN7_SSTL15_S_HR_IN50: VFix=0.000000, RFix=0.000000
Printing Pulldown Rising coefficients for Model SPARTAN7_SSTL15_S_HR_IN50: VFix=0.000000, RFix=0.000000
Printing Pulldown Falling coefficients for Model SPARTAN7_SSTL15_S_HR_IN50: VFix=0.000000, RFix=0.000000
Generating model for SPARTAN7_SSTL15_S_HR_IN60

Printing Pullup Rising coefficients for Model SPARTAN7_SSTL15_S_HR_IN60: VFix=0.000000, RFix=0.000000
Printing Pullup Falling coefficients for Model SPARTAN7_SSTL15_S_HR_IN60: VFix=0.000000, RFix=0.000000
Printing Pulldown Rising coefficients for Model SPARTAN7_SSTL15_S_HR_IN60: VFix=0.000000, RFix=0.000000
Printing Pulldown Falling coefficients for Model SPARTAN7_SSTL15_S_HR_IN60: VFix=0.000000, RFix=0.000000
Generating model for SPARTAN7_SSTL18_II_F_HR

Printing Pullup Rising coefficients for Model SPARTAN7_SSTL18_II_F_HR: VFix=0.000000, RFix=0.000000
Printing Pullup Falling coefficients for Model SPARTAN7_SSTL18_II_F_HR: VFix=0.000000, RFix=0.000000
Printing Pulldown Rising coefficients for Model SPARTAN7_SSTL18_II_F_HR: VFix=0.000000, RFix=0.000000
Printing Pulldown Falling coefficients for Model SPARTAN7_SSTL18_II_F_HR: VFix=0.000000, RFix=0.000000
Generating model for SPARTAN7_SSTL18_II_F_HR_IN40

Printing Pullup Rising coefficients for Model SPARTAN7_SSTL18_II_F_HR_IN40: VFix=0.000000, RFix=0.000000
Printing Pullup Falling coefficients for Model SPARTAN7_SSTL18_II_F_HR_IN40: VFix=0.000000, RFix=0.000000
Printing Pulldown Rising coefficients for Model SPARTAN7_SSTL18_II_F_HR_IN40: VFix=0.000000, RFix=0.000000
Printing Pulldown Falling coefficients for Model SPARTAN7_SSTL18_II_F_HR_IN40: VFix=0.000000, RFix=0.000000
Generating model for SPARTAN7_SSTL18_II_F_HR_IN50

Printing Pullup Rising coefficients for Model SPARTAN7_SSTL18_II_F_HR_IN50: VFix=0.000000, RFix=0.000000
Printing Pullup Falling coefficients for Model SPARTAN7_SSTL18_II_F_HR_IN50: VFix=0.000000, RFix=0.000000
Printing Pulldown Rising coefficients for Model SPARTAN7_SSTL18_II_F_HR_IN50: VFix=0.000000, RFix=0.000000
Printing Pulldown Falling coefficients for Model SPARTAN7_SSTL18_II_F_HR_IN50: VFix=0.000000, RFix=0.000000
Generating model for SPARTAN7_SSTL18_II_F_HR_IN60

Printing Pullup Rising coefficients for Model SPARTAN7_SSTL18_II_F_HR_IN60: VFix=0.000000, RFix=0.000000
Printing Pullup Falling coefficients for Model SPARTAN7_SSTL18_II_F_HR_IN60: VFix=0.000000, RFix=0.000000
Printing Pulldown Rising coefficients for Model SPARTAN7_SSTL18_II_F_HR_IN60: VFix=0.000000, RFix=0.000000
Printing Pulldown Falling coefficients for Model SPARTAN7_SSTL18_II_F_HR_IN60: VFix=0.000000, RFix=0.000000
Generating model for SPARTAN7_SSTL18_II_S_HR

Printing Pullup Rising coefficients for Model SPARTAN7_SSTL18_II_S_HR: VFix=0.000000, RFix=0.000000
Printing Pullup Falling coefficients for Model SPARTAN7_SSTL18_II_S_HR: VFix=0.000000, RFix=0.000000
Printing Pulldown Rising coefficients for Model SPARTAN7_SSTL18_II_S_HR: VFix=0.000000, RFix=0.000000
Printing Pulldown Falling coefficients for Model SPARTAN7_SSTL18_II_S_HR: VFix=0.000000, RFix=0.000000
Generating model for SPARTAN7_SSTL18_II_S_HR_IN40

Printing Pullup Rising coefficients for Model SPARTAN7_SSTL18_II_S_HR_IN40: VFix=0.000000, RFix=0.000000
Printing Pullup Falling coefficients for Model SPARTAN7_SSTL18_II_S_HR_IN40: VFix=0.000000, RFix=0.000000
Printing Pulldown Rising coefficients for Model SPARTAN7_SSTL18_II_S_HR_IN40: VFix=0.000000, RFix=0.000000
Printing Pulldown Falling coefficients for Model SPARTAN7_SSTL18_II_S_HR_IN40: VFix=0.000000, RFix=0.000000
Generating model for SPARTAN7_SSTL18_II_S_HR_IN50

Printing Pullup Rising coefficients for Model SPARTAN7_SSTL18_II_S_HR_IN50: VFix=0.000000, RFix=0.000000
Printing Pullup Falling coefficients for Model SPARTAN7_SSTL18_II_S_HR_IN50: VFix=0.000000, RFix=0.000000
Printing Pulldown Rising coefficients for Model SPARTAN7_SSTL18_II_S_HR_IN50: VFix=0.000000, RFix=0.000000
Printing Pulldown Falling coefficients for Model SPARTAN7_SSTL18_II_S_HR_IN50: VFix=0.000000, RFix=0.000000
Generating model for SPARTAN7_SSTL18_II_S_HR_IN60

Printing Pullup Rising coefficients for Model SPARTAN7_SSTL18_II_S_HR_IN60: VFix=0.000000, RFix=0.000000
Printing Pullup Falling coefficients for Model SPARTAN7_SSTL18_II_S_HR_IN60: VFix=0.000000, RFix=0.000000
Printing Pulldown Rising coefficients for Model SPARTAN7_SSTL18_II_S_HR_IN60: VFix=0.000000, RFix=0.000000
Printing Pulldown Falling coefficients for Model SPARTAN7_SSTL18_II_S_HR_IN60: VFix=0.000000, RFix=0.000000
Generating model for SPARTAN7_SSTL18_I_F_HR

Printing Pullup Rising coefficients for Model SPARTAN7_SSTL18_I_F_HR: VFix=0.000000, RFix=0.000000
Printing Pullup Falling coefficients for Model SPARTAN7_SSTL18_I_F_HR: VFix=0.000000, RFix=0.000000
Printing Pulldown Rising coefficients for Model SPARTAN7_SSTL18_I_F_HR: VFix=0.000000, RFix=0.000000
Printing Pulldown Falling coefficients for Model SPARTAN7_SSTL18_I_F_HR: VFix=0.000000, RFix=0.000000
Generating model for SPARTAN7_SSTL18_I_F_HR_IN40

Printing Pullup Rising coefficients for Model SPARTAN7_SSTL18_I_F_HR_IN40: VFix=0.000000, RFix=0.000000
Printing Pullup Falling coefficients for Model SPARTAN7_SSTL18_I_F_HR_IN40: VFix=0.000000, RFix=0.000000
Printing Pulldown Rising coefficients for Model SPARTAN7_SSTL18_I_F_HR_IN40: VFix=0.000000, RFix=0.000000
Printing Pulldown Falling coefficients for Model SPARTAN7_SSTL18_I_F_HR_IN40: VFix=0.000000, RFix=0.000000
Generating model for SPARTAN7_SSTL18_I_F_HR_IN50

Printing Pullup Rising coefficients for Model SPARTAN7_SSTL18_I_F_HR_IN50: VFix=0.000000, RFix=0.000000
Printing Pullup Falling coefficients for Model SPARTAN7_SSTL18_I_F_HR_IN50: VFix=0.000000, RFix=0.000000
Printing Pulldown Rising coefficients for Model SPARTAN7_SSTL18_I_F_HR_IN50: VFix=0.000000, RFix=0.000000
Printing Pulldown Falling coefficients for Model SPARTAN7_SSTL18_I_F_HR_IN50: VFix=0.000000, RFix=0.000000
Generating model for SPARTAN7_SSTL18_I_F_HR_IN60

Printing Pullup Rising coefficients for Model SPARTAN7_SSTL18_I_F_HR_IN60: VFix=0.000000, RFix=0.000000
Printing Pullup Falling coefficients for Model SPARTAN7_SSTL18_I_F_HR_IN60: VFix=0.000000, RFix=0.000000
Printing Pulldown Rising coefficients for Model SPARTAN7_SSTL18_I_F_HR_IN60: VFix=0.000000, RFix=0.000000
Printing Pulldown Falling coefficients for Model SPARTAN7_SSTL18_I_F_HR_IN60: VFix=0.000000, RFix=0.000000
Generating model for SPARTAN7_SSTL18_I_S_HR

Printing Pullup Rising coefficients for Model SPARTAN7_SSTL18_I_S_HR: VFix=0.000000, RFix=0.000000
Printing Pullup Falling coefficients for Model SPARTAN7_SSTL18_I_S_HR: VFix=0.000000, RFix=0.000000
Printing Pulldown Rising coefficients for Model SPARTAN7_SSTL18_I_S_HR: VFix=0.000000, RFix=0.000000
Printing Pulldown Falling coefficients for Model SPARTAN7_SSTL18_I_S_HR: VFix=0.000000, RFix=0.000000
Generating model for SPARTAN7_SSTL18_I_S_HR_IN40

Printing Pullup Rising coefficients for Model SPARTAN7_SSTL18_I_S_HR_IN40: VFix=0.000000, RFix=0.000000
Printing Pullup Falling coefficients for Model SPARTAN7_SSTL18_I_S_HR_IN40: VFix=0.000000, RFix=0.000000
Printing Pulldown Rising coefficients for Model SPARTAN7_SSTL18_I_S_HR_IN40: VFix=0.000000, RFix=0.000000
Printing Pulldown Falling coefficients for Model SPARTAN7_SSTL18_I_S_HR_IN40: VFix=0.000000, RFix=0.000000
Generating model for SPARTAN7_SSTL18_I_S_HR_IN50

Printing Pullup Rising coefficients for Model SPARTAN7_SSTL18_I_S_HR_IN50: VFix=0.000000, RFix=0.000000
Printing Pullup Falling coefficients for Model SPARTAN7_SSTL18_I_S_HR_IN50: VFix=0.000000, RFix=0.000000
Printing Pulldown Rising coefficients for Model SPARTAN7_SSTL18_I_S_HR_IN50: VFix=0.000000, RFix=0.000000
Printing Pulldown Falling coefficients for Model SPARTAN7_SSTL18_I_S_HR_IN50: VFix=0.000000, RFix=0.000000
Generating model for SPARTAN7_SSTL18_I_S_HR_IN60

Printing Pullup Rising coefficients for Model SPARTAN7_SSTL18_I_S_HR_IN60: VFix=0.000000, RFix=0.000000
Printing Pullup Falling coefficients for Model SPARTAN7_SSTL18_I_S_HR_IN60: VFix=0.000000, RFix=0.000000
Printing Pulldown Rising coefficients for Model SPARTAN7_SSTL18_I_S_HR_IN60: VFix=0.000000, RFix=0.000000
Printing Pulldown Falling coefficients for Model SPARTAN7_SSTL18_I_S_HR_IN60: VFix=0.000000, RFix=0.000000
Generating model for SPARTAN7_TMDS_33_HR_I

Generating model for SPARTAN7_TMDS_33_HR_O

Printing Pulldown Rising coefficients for Model SPARTAN7_TMDS_33_HR_O: VFix=3.300000, RFix=50.000000
Printing Pulldown Falling coefficients for Model SPARTAN7_TMDS_33_HR_O: VFix=3.300000, RFix=50.000000