(---------------------------------------------------------------------)
(                                                                     )
(    Dump Library Log                                                 )
(                                                                     )
(    Software Version : 23.1P001                                      )
(    Date/Time        : Mon Nov 20 21:52:17 2023                      )
(                                                                     )
(---------------------------------------------------------------------)


*** file: C:/Jeonghyun/GIT/PMOD2BNC/23_1/PMOD2BNC_SIMPLE_v1_0/PMOD2BNCSIMPLE_v1_06.brd ***



  *** Creating padstacks. ***

  BB_TOP_GND1 being dumped.

  BOTTOM_GND2 being dumped.

  0805RES being dumped.

  C240_H160 being dumped.

  C165_H110 being dumped.

  C225_H150 being dumped.

  VIA_13_20_W_SOLDER being dumped.

  VIA_25_30_W_SOLDER being dumped.

  S165_H110 being dumped.

  S225_H150 being dumped.

  BBBOTGND being dumped.

  BBTOPGND being dumped.

  TOP_GND1 being dumped.

  VIA being dumped.

  BB_BOTTOM_GND2 being dumped.


  *** Creating flash symbols (.dra and .fsm) ***

  ab00 being dumped.


  *** Creating package symbols (.dra and .psm) ***

  smafst_pcbn being dumped.

  717640112 being dumped.

  res_0805 being dumped.

  sma-r-ra being dumped.



*********************** Summary *********************
ERRORs reported:                           0

Number of padstacks dumped:               15
Number of package symbols dumped:          4
Number of flash symbols dumped:            1

Total number of symbols dumped:            5
*****************************************************

