(---------------------------------------------------------------------)
(                                                                     )
(    Dangling Line, Via and Antenna Report                            )
(                                                                     )
(    Drawing          : PMOD2BNC.brd                                  )
(    Software Version : 23.1P001                                      )
(    Date/Time        : Tue Nov  7 21:20:00 2023                      )
(                                                                     )
(---------------------------------------------------------------------)


Report methodology:
  - Dangling lines have at least one end not connected.
  - Dangling vias have one or no connection
      - Plus are not a test, thieving or netshort property via.
  - Antenna vias do not have connections on their start and end layers.
      - Plus they are not a thieving vias.
      - Optionally, VOLTAGE nets, testvias and through vias can be suppressed with
        the environment variable report_antennavia.
      - Section may be suppressed by variable report_noantennavia.
  - Not part of the current partition.
  - To suppress items in dangle report add the OK_DANGLE property to the via
    or connect line.

<< Dangling Lines >>  - Location marked with a star (*) is dangling.
  Net                 Layer                  Length       Location
  ------------------------------------------------------------------------------------------
  N13592               TOP                   0.0050      (1.7000 0.8000) to *(1.6950 0.8000)
  N13642               SIGNAL                0.0050      (1.7000 5.7000) to *(1.6950 5.7000)
  N13610               SIGNAL                0.0050      (1.7000 2.9000) to *(1.6950 2.9000)
  N13596               GND                   0.0050      (1.7000 1.5000) to *(1.6950 1.5000)
  N13626               SIGNAL                0.0050      (1.7000 4.3000) to *(1.6950 4.3000)
  N13604               SIGNAL                0.0050      (1.7000 2.2000) to *(1.6950 2.2000)
  N13636               SIGNAL                0.0050      (1.7000 5.0000) to *(1.6950 5.0000)
  N15358               GND                   0.0050      (3.5000 1.5000) to *(3.4950 1.5000)
  N15354               TOP                   0.0050      (3.5000 0.8000) to *(3.4950 0.8000)
  N15388               SIGNAL                0.0050      (3.5000 4.3000) to *(3.4950 4.3000)
  N15398               SIGNAL                0.0050      (3.5000 5.0000) to *(3.4950 5.0000)
  N15366               SIGNAL                0.0050      (3.5000 2.2000) to *(3.4950 2.2000)
  N15404               SIGNAL                0.0050      (3.5000 5.7000) to *(3.4950 5.7000)
  N15372               SIGNAL                0.0050      (3.5000 2.9000) to *(3.4950 2.9000)
  N08600               SIGNAL                0.0050      (0.8000 5.7000) to *(0.7950 5.7000)
  N08588               SIGNAL                0.0050      (0.8000 5.0000) to *(0.7950 5.0000)
  N08556               SIGNAL                0.0050      (0.8000 4.3000) to *(0.7950 4.3000)
  N08519               SIGNAL                0.0050      (0.8000 2.9000) to *(0.7950 2.9000)
  N08507               SIGNAL                0.0050      (0.8000 2.2000) to *(0.7950 2.2000)
  N08489               GND                   0.0050      (0.8000 1.5000) to *(0.7950 1.5000)
  N08480               TOP                   0.0050      (0.8000 0.8000) to *(0.7950 0.8000)
  N14473               TOP                   0.0050      (2.6000 0.8000) to *(2.5950 0.8000)
  N14485               SIGNAL                0.0050      (2.6000 2.2000) to *(2.5950 2.2000)
  N14477               GND                   0.0050      (2.6000 1.5000) to *(2.5950 1.5000)
  N14523               SIGNAL                0.0050      (2.6000 5.7000) to *(2.5950 5.7000)
  N14491               SIGNAL                0.0050      (2.6000 2.9000) to *(2.5950 2.9000)
  N14517               SIGNAL                0.0050      (2.6000 5.0000) to *(2.5950 5.0000)
  N14507               SIGNAL                0.0050      (2.6000 4.3000) to *(2.5950 4.3000)


<< Antenna Vias >>
  Net                  Padstack               Location            Layers
  ---------------------------------------------------------------------------
  GND                  VIA                  (0.3625 0.4000)  TOP/BOTTOM 
  GND                  VIA                  (0.4125 0.3750)  TOP/BOTTOM 
  GND                  VIA                  (0.4500 2.6500)  TOP/BOTTOM 
  GND                  VIA                  (0.4875 0.3750)  TOP/BOTTOM 
  GND                  VIA                  (0.5000 1.9500)  TOP/BOTTOM 
  GND                  VIA                  (0.5500 1.2750)  TOP/BOTTOM 
  GND                  VIA                  (0.6750 0.3500)  TOP/BOTTOM 
  GND                  VIA                  (0.7875 0.3500)  TOP/BOTTOM 
  GND                  VIA                  (0.8875 0.3500)  TOP/BOTTOM 
  GND                  VIA                  (1.0500 0.8000)  TOP/BOTTOM 
  GND                  VIA                  (1.0500 1.2500)  TOP/BOTTOM 
  GND                  VIA                  (1.0500 1.5250)  TOP/BOTTOM 
  GND                  VIA                  (1.0500 1.9500)  TOP/BOTTOM 
  GND                  VIA                  (1.0500 2.2250)  TOP/BOTTOM 
  GND                  VIA                  (1.0500 2.6500)  TOP/BOTTOM 
  GND                  VIA                  (1.0500 2.9500)  TOP/BOTTOM 
  GND                  VIA                  (1.0500 3.3500)  TOP/BOTTOM 
  GND                  VIA                  (1.1000 3.8000)  TOP/BOTTOM 
  GND                  VIA                  (1.1500 4.2000)  TOP/BOTTOM 
  GND                  VIA                  (1.2000 4.8500)  TOP/BOTTOM 
  GND                  VIA                  (1.2500 0.5750)  TOP/BOTTOM 
  GND                  VIA                  (1.2500 4.8500)  TOP/BOTTOM 
  GND                  VIA                  (1.2625 0.4000)  TOP/BOTTOM 
  GND                  VIA                  (1.3000 0.5750)  TOP/BOTTOM 
  GND                  VIA                  (1.3000 3.3500)  TOP/BOTTOM 
  GND                  VIA                  (1.3125 0.3750)  TOP/BOTTOM 
  GND                  VIA                  (1.3500 2.6500)  TOP/BOTTOM 
  GND                  VIA                  (1.3875 0.3750)  TOP/BOTTOM 
  GND                  VIA                  (1.4000 1.9500)  TOP/BOTTOM 
  GND                  VIA                  (1.4500 1.2750)  TOP/BOTTOM 
  GND                  VIA                  (1.5750 0.3500)  TOP/BOTTOM 
  GND                  VIA                  (1.6875 0.3500)  TOP/BOTTOM 
  GND                  VIA                  (1.7875 0.3500)  TOP/BOTTOM 
  GND                  VIA                  (1.9500 0.8000)  TOP/BOTTOM 
  GND                  VIA                  (1.9500 1.2500)  TOP/BOTTOM 
  GND                  VIA                  (1.9500 1.5250)  TOP/BOTTOM 
  GND                  VIA                  (1.9500 1.9500)  TOP/BOTTOM 
  GND                  VIA                  (1.9500 2.2250)  TOP/BOTTOM 
  GND                  VIA                  (1.9500 2.6500)  TOP/BOTTOM 
  GND                  VIA                  (1.9500 2.9500)  TOP/BOTTOM 
  GND                  VIA                  (1.9500 3.3500)  TOP/BOTTOM 
  GND                  VIA                  (2.0000 3.8000)  TOP/BOTTOM 
  GND                  VIA                  (2.0500 4.2000)  TOP/BOTTOM 
  GND                  VIA                  (2.1000 4.8500)  TOP/BOTTOM 
  GND                  VIA                  (2.1500 0.5750)  TOP/BOTTOM 
  GND                  VIA                  (2.1500 4.8500)  TOP/BOTTOM 
  GND                  VIA                  (2.1625 0.4000)  TOP/BOTTOM 
  GND                  VIA                  (2.2000 0.5750)  TOP/BOTTOM 
  GND                  VIA                  (2.2000 3.3500)  TOP/BOTTOM 
  GND                  VIA                  (2.2125 0.3750)  TOP/BOTTOM 
  GND                  VIA                  (2.2500 2.6500)  TOP/BOTTOM 
  GND                  VIA                  (2.2875 0.3750)  TOP/BOTTOM 
  GND                  VIA                  (2.3000 1.9500)  TOP/BOTTOM 
  GND                  VIA                  (2.3500 1.2750)  TOP/BOTTOM 
  GND                  VIA                  (2.4750 0.3500)  TOP/BOTTOM 
  GND                  VIA                  (2.5875 0.3500)  TOP/BOTTOM 
  GND                  VIA                  (2.6875 0.3500)  TOP/BOTTOM 
  GND                  VIA                  (2.8500 0.8000)  TOP/BOTTOM 
  GND                  VIA                  (2.8500 1.2500)  TOP/BOTTOM 
  GND                  VIA                  (2.8500 1.5250)  TOP/BOTTOM 
  GND                  VIA                  (2.8500 1.9500)  TOP/BOTTOM 
  GND                  VIA                  (2.8500 2.2250)  TOP/BOTTOM 
  GND                  VIA                  (2.8500 2.6500)  TOP/BOTTOM 
  GND                  VIA                  (2.8500 2.9500)  TOP/BOTTOM 
  GND                  VIA                  (2.8500 3.3500)  TOP/BOTTOM 
  GND                  VIA                  (2.9000 3.8000)  TOP/BOTTOM 
  GND                  VIA                  (2.9500 4.2000)  TOP/BOTTOM 
  GND                  VIA                  (3.0000 4.8500)  TOP/BOTTOM 
  GND                  VIA                  (3.0500 0.5750)  TOP/BOTTOM 
  GND                  VIA                  (3.0500 4.8500)  TOP/BOTTOM 
  GND                  VIA                  (3.0625 0.4000)  TOP/BOTTOM 
  GND                  VIA                  (3.1000 0.5750)  TOP/BOTTOM 
  GND                  VIA                  (3.1000 3.3500)  TOP/BOTTOM 
  GND                  VIA                  (3.1125 0.3750)  TOP/BOTTOM 
  GND                  VIA                  (3.1500 2.6500)  TOP/BOTTOM 
  GND                  VIA                  (3.1875 0.3750)  TOP/BOTTOM 
  GND                  VIA                  (3.2000 1.9500)  TOP/BOTTOM 
  GND                  VIA                  (3.2500 1.2750)  TOP/BOTTOM 
  GND                  VIA                  (3.3750 0.3500)  TOP/BOTTOM 
  GND                  VIA                  (3.4875 0.3500)  TOP/BOTTOM 
  GND                  VIA                  (3.5875 0.3500)  TOP/BOTTOM 
  GND                  VIA                  (3.7500 0.8000)  TOP/BOTTOM 
  GND                  VIA                  (3.7500 1.2500)  TOP/BOTTOM 
  GND                  VIA                  (3.7500 1.5250)  TOP/BOTTOM 
  GND                  VIA                  (3.7500 1.9500)  TOP/BOTTOM 
  GND                  VIA                  (3.7500 2.2250)  TOP/BOTTOM 
  GND                  VIA                  (3.7500 2.6500)  TOP/BOTTOM 
  GND                  VIA                  (3.7500 2.9500)  TOP/BOTTOM 
  GND                  VIA                  (3.7500 3.3500)  TOP/BOTTOM 
  GND                  VIA                  (3.8000 3.8000)  TOP/BOTTOM 
  GND                  VIA                  (3.8500 4.2000)  TOP/BOTTOM 
  GND                  VIA                  (3.9000 4.8500)  TOP/BOTTOM 
  GND                  VIA                  (3.9500 0.5750)  TOP/BOTTOM 
  GND                  VIA                  (3.9500 4.8500)  TOP/BOTTOM 

<< Summary >>
  Total dangling lines:      28
  Total dangling vias:        0
  Total antenna vias:        94
