(---------------------------------------------------------------------)
(                                                                     )
(    LOAD PHOTOPLOT DATA                                              )
(                                                                     )
(    Drawing          : PMOD2BNCSIMPLE_v1_06_65mil.brd                )
(    Software Version : 23.1P001                                      )
(    Date/Time        : Tue Nov 21 22:11:51 2023                      )
(                                                                     )
(---------------------------------------------------------------------)



Results from parameter file ...
    DEVICE-TYPE           GERBER_RS274X
    OUTPUT-UNITS          INCHES
    FILM-SIZE             2400000 1600000
    FORMAT                5.5
    ABORT-ON-ERROR        NO
    SCALE                 1
    SUPPRESS-LEAD-ZEROES  YES
    SUPPRESS-TRAIL-ZEROES NO
    SUPPRESS-EQUAL        YES
    UNDEF-APT-CONT        NO
Unable to open the aperture file.
LOAD GERBER DATA aborted.
