(---------------------------------------------------------------------)
(                                                                     )
(    NC DRILL Log                                                     )
(                                                                     )
(    Drawing          : PMOD2BNCSIMPLE_v1_06_62mil_cheap.brd          )
(    Software Version : 23.1P001                                      )
(    Date/Time        : Sun Dec 10 17:18:20 2023                      )
(                                                                     )
(---------------------------------------------------------------------)



 Processing NC Parameters file 'nc_param.txt' ...

 NC PARAMETERS
 -------------

 FORMAT   		5.5
 MACHINE-OFFSET		x:0.00000	y:0.00000   (inch)
 FEEDRATE		1
 COORDINATES		ABSOLUTE
 OUTPUT-UNITS		ENGLISH
 TOOL-ORDER		INCREASING
 REPEAT-CODES		YES
 SUPPRESS-LEAD-ZEROES	YES
 SUPPRESS-TRAIL-ZEROES	NO
 SUPPRESS-EQUAL		YES
 TOOL-SELECT		NO
 HEADER			none
 LEADER			12
 CODE			ASCII
 SEPARATE		NO
 SEPARATE-ROUTING	NO
 OPTIMIZE_DRILLING	NO
 ENHANCED_EXCELLON	NO
 SCALE			1.000000



 Drill files being output to directory 'C:/Jeonghyun/GIT/PMOD2BNC/23_1/PMOD2BNC_SIMPLE_v1_0' ...



     'PMOD2BNCSIMPLE_v1_06_62mil_cheap-1-4.drl' created for holes connecting TOP and BOTTOM
     --------------------------------------------------------------------------------------

           Num     Size      +/- Tolerance     Plating   Quantity

            1.  10.0000    0.0000/  0.0000      PLATED        990
            2.  43.3000    0.0000/  0.0000      PLATED         24
            3.  59.1000    0.0000/  0.0000      PLATED         16
            4.  63.0000    0.0000/  0.0000      PLATED         64
            5. 250.0000    0.0000/  0.0000  NON_PLATED          4

     ---- Total holes:                                       1098

     ---- Total head travel:              23.17 feet (7.06 meters)

