(---------------------------------------------------------------------)
(                                                                     )
(    ARTWORK LOG                                                      )
(                                                                     )
(    Drawing          : PMOD2BNCSIMPLE_v1_06_65mil_cheap.brd          )
(    Software Version : 23.1P001                                      )
(    Date/Time        : Thu Nov 30 21:30:10 2023                      )
(                                                                     )
(---------------------------------------------------------------------)


 ---- Photoplot outline rectangle not found; using drawing extents.



Results from parameter file ...
    DEVICE-TYPE           GERBER_RS274X
    OUTPUT-UNITS          INCHES
    FILM-SIZE             2400000 1600000
    FORMAT                5.5
    ABORT-ON-ERROR        NO
    SCALE                 1
    SUPPRESS-LEAD-ZEROES  YES
    SUPPRESS-TRAIL-ZEROES NO
    SUPPRESS-EQUAL        YES
    UNDEF-APT-CONT        NO



================================================================
     PROCESSING FILM < TOP >
     TO FILE < C:/Jeonghyun/GIT/PMOD2BNC/23_1/PMOD2BNC_SIMPLE_v1_0/TOP.art > ...
================================================================

  FILM PARAMETERS :
  ---------------------------------------------------------
  Undefined line width                0.0000
  Mirror code                         NONE
  Rotate angle                        NONE
  Offset x:                           0.0000
  Offset y:                           0.0000
  Plot negative                       NO
  Suppress unconnected internal pads  NO
  Draw holes only                     NO



  APERTURES USED:
  ---------------------------------------------------------
  TYPE       SIZE/NAME                   ROT   MIRROR MODE 
  ---------------------------------------------------------
  CIRCLE     0.00650                                  DARK 
  CIRCLE     0.02000                                  DARK 
  CIRCLE     0.05000                                  DARK 
  CIRCLE     0.06500                                  DARK 
  CIRCLE     0.09450                                  DARK 
  SQUARE     0.06500                     0.000 NO     DARK 
  SQUARE     0.08860                     0.000 NO     DARK 
  RECTANGLE  0.04530     x 0.05120      90.000 NO     DARK 

     TOP created.


================================================================
     PROCESSING FILM < GND1 >
     TO FILE < C:/Jeonghyun/GIT/PMOD2BNC/23_1/PMOD2BNC_SIMPLE_v1_0/GND1.art > ...
================================================================

  FILM PARAMETERS :
  ---------------------------------------------------------
  Undefined line width                0.0000
  Mirror code                         NONE
  Rotate angle                        NONE
  Offset x:                           0.0000
  Offset y:                           0.0000
  Plot negative                       NO
  Suppress unconnected internal pads  NO
  Draw holes only                     NO



  APERTURES USED:
  ---------------------------------------------------------
  TYPE       SIZE/NAME                   ROT   MIRROR MODE 
  ---------------------------------------------------------
  CIRCLE     0.00650                                  DARK 
  CIRCLE     0.02000                                  DARK 
  CIRCLE     0.05000                                  DARK 
  CIRCLE     0.06500                                  DARK 
  CIRCLE     0.09450                                  DARK 
  SQUARE     0.06500                     0.000 NO     DARK 
  SQUARE     0.08860                     0.000 NO     DARK 

     GND1 created.


================================================================
     PROCESSING FILM < GND2 >
     TO FILE < C:/Jeonghyun/GIT/PMOD2BNC/23_1/PMOD2BNC_SIMPLE_v1_0/GND2.art > ...
================================================================

  FILM PARAMETERS :
  ---------------------------------------------------------
  Undefined line width                0.0000
  Mirror code                         NONE
  Rotate angle                        NONE
  Offset x:                           0.0000
  Offset y:                           0.0000
  Plot negative                       NO
  Suppress unconnected internal pads  NO
  Draw holes only                     NO



  APERTURES USED:
  ---------------------------------------------------------
  TYPE       SIZE/NAME                   ROT   MIRROR MODE 
  ---------------------------------------------------------
  CIRCLE     0.00650                                  DARK 
  CIRCLE     0.02000                                  DARK 
  CIRCLE     0.05000                                  DARK 
  CIRCLE     0.06500                                  DARK 
  CIRCLE     0.09450                                  DARK 
  SQUARE     0.06500                     0.000 NO     DARK 
  SQUARE     0.08860                     0.000 NO     DARK 

     GND2 created.


================================================================
     PROCESSING FILM < BOTTOM >
     TO FILE < C:/Jeonghyun/GIT/PMOD2BNC/23_1/PMOD2BNC_SIMPLE_v1_0/BOTTOM.art > ...
================================================================

  FILM PARAMETERS :
  ---------------------------------------------------------
  Undefined line width                0.0000
  Mirror code                         NONE
  Rotate angle                        NONE
  Offset x:                           0.0000
  Offset y:                           0.0000
  Plot negative                       NO
  Suppress unconnected internal pads  NO
  Draw holes only                     NO



  APERTURES USED:
  ---------------------------------------------------------
  TYPE       SIZE/NAME                   ROT   MIRROR MODE 
  ---------------------------------------------------------
  CIRCLE     0.00650                                  DARK 
  CIRCLE     0.02000                                  DARK 
  CIRCLE     0.05000                                  DARK 
  CIRCLE     0.06500                                  DARK 
  CIRCLE     0.09450                                  DARK 
  SQUARE     0.06500                     0.000 NO     DARK 
  SQUARE     0.08860                     0.000 NO     DARK 
  RECTANGLE  0.04530     x 0.05120      90.000 NO     DARK 

     BOTTOM created.


================================================================
     PROCESSING FILM < Soldermask_Top >
     TO FILE < C:/Jeonghyun/GIT/PMOD2BNC/23_1/PMOD2BNC_SIMPLE_v1_0/Soldermask_Top.art > ...
================================================================

  FILM PARAMETERS :
  ---------------------------------------------------------
  Undefined line width                0.0000
  Mirror code                         NONE
  Rotate angle                        NONE
  Offset x:                           0.0000
  Offset y:                           0.0000
  Plot negative                       NO
  Suppress unconnected internal pads  NO
  Draw holes only                     NO



  APERTURES USED:
  ---------------------------------------------------------
  TYPE       SIZE/NAME                   ROT   MIRROR MODE 
  ---------------------------------------------------------
  CIRCLE     0.02000                                  DARK 
  CIRCLE     0.30000                                  DARK 
  RECTANGLE  0.04530     x 0.05120      90.000 NO     DARK 

     Soldermask_Top created.


================================================================
     PROCESSING FILM < Soldermask_Bottom >
     TO FILE < C:/Jeonghyun/GIT/PMOD2BNC/23_1/PMOD2BNC_SIMPLE_v1_0/Soldermask_Bottom.art > ...
================================================================

  FILM PARAMETERS :
  ---------------------------------------------------------
  Undefined line width                0.0000
  Mirror code                         NONE
  Rotate angle                        NONE
  Offset x:                           0.0000
  Offset y:                           0.0000
  Plot negative                       NO
  Suppress unconnected internal pads  NO
  Draw holes only                     NO



  APERTURES USED:
  ---------------------------------------------------------
  TYPE       SIZE/NAME                   ROT   MIRROR MODE 
  ---------------------------------------------------------
  CIRCLE     0.02000                                  DARK 
  CIRCLE     0.30000                                  DARK 
  RECTANGLE  0.04530     x 0.05120      90.000 NO     DARK 

     Soldermask_Bottom created.


================================================================
     PROCESSING FILM < Silkscreen_Top >
     TO FILE < C:/Jeonghyun/GIT/PMOD2BNC/23_1/PMOD2BNC_SIMPLE_v1_0/Silkscreen_Top.art > ...
================================================================

  FILM PARAMETERS :
  ---------------------------------------------------------
  Undefined line width                0.0050
  Mirror code                         NONE
  Rotate angle                        NONE
  Offset x:                           0.0000
  Offset y:                           0.0000
  Plot negative                       NO
  Suppress unconnected internal pads  NO
  Draw holes only                     NO

    WARNING: text composed 0 width line found at (0.1000 0.8000)
           ... using undefined line width of 0.0050

    WARNING: text having Multiple 0 width lines; all will be treated the same as the first.
           ... using undefined line width of 0.0050



  APERTURES USED:
  ---------------------------------------------------------
  TYPE       SIZE/NAME                   ROT   MIRROR MODE 
  ---------------------------------------------------------
  CIRCLE     0.00240                                  DARK 
  CIRCLE     0.00310                                  DARK 
  CIRCLE     0.00390                                  DARK 
  CIRCLE     0.00500                                  DARK 
  CIRCLE     0.00600                                  DARK 
  CIRCLE     0.00790                                  DARK 

     Silkscreen_Top created with warnings


================================================================
     PROCESSING FILM < Silkscreen_Bottom >
     TO FILE < C:/Jeonghyun/GIT/PMOD2BNC/23_1/PMOD2BNC_SIMPLE_v1_0/Silkscreen_Bottom.art > ...
================================================================

  FILM PARAMETERS :
  ---------------------------------------------------------
  Undefined line width                0.0050
  Mirror code                         NONE
  Rotate angle                        NONE
  Offset x:                           0.0000
  Offset y:                           0.0000
  Plot negative                       NO
  Suppress unconnected internal pads  NO
  Draw holes only                     NO



  APERTURES USED:
  ---------------------------------------------------------
  TYPE       SIZE/NAME                   ROT   MIRROR MODE 
  ---------------------------------------------------------
  CIRCLE     0.00500                                  DARK 

     Silkscreen_Bottom created.


================================================================
     PROCESSING FILM < Drill >
     TO FILE < C:/Jeonghyun/GIT/PMOD2BNC/23_1/PMOD2BNC_SIMPLE_v1_0/Drill.art > ...
================================================================

  FILM PARAMETERS :
  ---------------------------------------------------------
  Undefined line width                0.0050
  Mirror code                         NONE
  Rotate angle                        NONE
  Offset x:                           0.0000
  Offset y:                           0.0000
  Plot negative                       NO
  Suppress unconnected internal pads  NO
  Draw holes only                     NO

    WARNING: 0 width line found at (-0.4500 -3.1250)
           ... using undefined line width of 0.0050

    WARNING: Multiple 0 width lines; all will be treated the same as the first.
           ... using undefined line width of 0.0050



  APERTURES USED:
  ---------------------------------------------------------
  TYPE       SIZE/NAME                   ROT   MIRROR MODE 
  ---------------------------------------------------------
  CIRCLE     0.00500                                  DARK 

     Drill created with warnings


================================================================
     PROCESSING FILM < Outline >
     TO FILE < C:/Jeonghyun/GIT/PMOD2BNC/23_1/PMOD2BNC_SIMPLE_v1_0/Outline.art > ...
================================================================

  FILM PARAMETERS :
  ---------------------------------------------------------
  Undefined line width                0.0000
  Mirror code                         NONE
  Rotate angle                        NONE
  Offset x:                           0.0000
  Offset y:                           0.0000
  Plot negative                       NO
  Suppress unconnected internal pads  NO
  Draw holes only                     NO

    WARNING: rectangle or unfilled shape composed 0 width line found at (-0.3000 0.0000)
           ... ignored.



  APERTURES USED:  NONE
     Outline created with warnings


------------------------------------------------------
 SUMMARY:
        TOP created.
        GND1 created.
        GND2 created.
        BOTTOM created.
        Soldermask_Top created.
        Soldermask_Bottom created.
        Silkscreen_Top created with warnings
        Silkscreen_Bottom created.
        Drill created with warnings
        Outline created with warnings

 ARTWORK had warnings
