Performing UPREV on the database - C:/Jeonghyun/GIT/PMOD2BNC/16_6/PMOD2BNC_SIMPLE_v1_0/PMOD2BNCSIMPLE_v1_03.brd
================================================================================
   Performing dbdoctor16 to bring DB up to REV16
================================================================================
   Performing dbdoctor17 to bring DB up to REV17
------------------------------ Terminal Output ---------------------------------
------------------------------ Log File Output ---------------------------------
   (---------------------------------------------------------------------)
   (                                                                     )
   (    DBDOCTOR                                                         )
   (                                                                     )
   (    Drawing          : #Taaaaab15704.tmp                             )
   (    Software Version : 17.2S083                                      )
   (    Date/Time        : Fri Nov 10 14:23:37 2023                      )
   (                                                                     )
   (---------------------------------------------------------------------)
   
   
   
   WARNING:   WARNING(SPMHDB-42): Run batch DRC to regenerate DRC errs.
   
   1 warnings, 0 errors detected, 0 errors  fixed.
   
   
   <<< Design Uprev Warnings >>>
   
   Fri Nov 10 14:23:37 2023				Page     1
   
   
    Design outline not created.
--------------------------------------------------------------------------------
ERROR: Uprev of revision to REV17 found errors.
Revision to 18 is complete.
