INFO: Loaded existing device file 'C:\PJH\GIT\PMOD2BNC\16_6\IBIS_SIM_0\devices.dml'
INFO: Loaded existing device file 'C:\PJH\GIT\PMOD2BNC\16_6\IBIS_SIM_0\sigxp.dml'
INFO: Loaded existing device file 'C:\PJH\spartan7\spartan7\spartan7.dml'
INFO: Finished loading SigNoise device libraries
INFO: Clearing simulation data for "case0"
INFO: Using SigNoise run directory 'C:/PJH/GIT/PMOD2BNC/16_6/IBIS_SIM_0/sigxp.run'
INFO: Reading report definition file 'C:/Cadence/SPB_16.6/share/pcb/signal/reports.dat'.
INFO: Finished reading report definition file successfully.
INFO: Reading report definition file 'C:/Cadence/SPB_16.6/share/pcb/signal/custom_rep.dat'.
INFO: Finished reading report definition file successfully.
INFO: Simulation (ibis_sim_0 IO2 1) ibis_sim_0 IO2 1 Pulse Typ Reflection
INFO: Using waveform resolution 0.200000 ns.
INFO: Simulation (ibis_sim_0 IO2 1) ibis_sim_0 IO2 1 Pulse Typ Reflection finished
ANNOTATION: Tlsim Command used :  tlsim  -r 0.200000 -o "waveforms.sim" -dl "delay.dl" -dst "distortion.dst" -log "tlsim.log" -ocycle "cycle.msm" "main.spc"\n
INFO: Clearing simulation data for case0
INFO: Simulation (ibis_sim_0 IC1 H6) ibis_sim_0 IC1 H6 Pulse Typ Reflection
INFO: Using waveform resolution 0.200000 ns.
INFO: Simulation (ibis_sim_0 IC1 H6) ibis_sim_0 IC1 H6 Pulse Typ Reflection finished
ANNOTATION: Tlsim Command used :  tlsim  -r 0.200000 -o "waveforms.sim" -dl "delay.dl" -dst "distortion.dst" -log "tlsim.log" -ocycle "cycle.msm" "main.spc"\n
INFO: Clearing simulation data for case0
INFO: Simulation (ibis_sim_0 IO3 1) ibis_sim_0 IO3 1 Pulse Typ Reflection
INFO: Using waveform resolution 0.200000 ns.
INFO: Simulation (ibis_sim_0 IO3 1) ibis_sim_0 IO3 1 Pulse Typ Reflection finished
ANNOTATION: Tlsim Command used :  tlsim  -r 0.200000 -o "waveforms.sim" -dl "delay.dl" -dst "distortion.dst" -log "tlsim.log" -ocycle "cycle.msm" "main.spc"\n
INFO: Clearing simulation data for case0
INFO: Simulation (ibis_sim_0 IO2 1) ibis_sim_0 IO2 1 Pulse Typ Reflection
INFO: Using waveform resolution 0.200000 ns.
INFO: Simulation (ibis_sim_0 IO2 1) ibis_sim_0 IO2 1 Pulse Typ Reflection finished
ANNOTATION: Tlsim Command used :  tlsim  -e 4.000000e+001 -r 0.200000 -o "waveforms.sim" -dl "delay.dl" -dst "distortion.dst" -log "tlsim.log" -ocycle "cycle.msm" "main.spc"\n
INFO: Clearing simulation data for case0
INFO: Simulation (ibis_sim_0 IO2 1) ibis_sim_0 IO2 1 Pulse Typ Reflection
INFO: Using waveform resolution 0.100000 ns.
INFO: Simulation (ibis_sim_0 IO2 1) ibis_sim_0 IO2 1 Pulse Typ Reflection finished
ANNOTATION: Tlsim Command used :  tlsim  -e 6.000000e+001 -r 0.100000 -o "waveforms.sim" -dl "delay.dl" -dst "distortion.dst" -log "tlsim.log" -ocycle "cycle.msm" "main.spc"\n
INFO: Clearing simulation data for case0
INFO: Simulation (ibis_sim_0 IO2 1) ibis_sim_0 IO2 1 Pulse Typ Reflection
INFO: Using waveform resolution 0.100000 ns.
INFO: Simulation (ibis_sim_0 IO2 1) ibis_sim_0 IO2 1 Pulse Typ Reflection finished
ANNOTATION: Tlsim Command used :  tlsim  -e 6.000000e+001 -r 0.100000 -o "waveforms.sim" -dl "delay.dl" -dst "distortion.dst" -log "tlsim.log" -ocycle "cycle.msm" "main.spc"\n
INFO: Clearing simulation data for case0
INFO: Simulation (ibis_sim_0 IO2 1) ibis_sim_0 IO2 1 Pulse Typ Reflection
INFO: Using waveform resolution 0.100000 ns.
INFO: Simulation (ibis_sim_0 IO2 1) ibis_sim_0 IO2 1 Pulse Typ Reflection finished
ANNOTATION: Tlsim Command used :  tlsim  -e 6.000000e+001 -r 0.100000 -o "waveforms.sim" -dl "delay.dl" -dst "distortion.dst" -log "tlsim.log" -ocycle "cycle.msm" "main.spc"\n
INFO: Clearing simulation data for case0
INFO: Simulation (ibis_sim_0 IO2 1) ibis_sim_0 IO2 1 Pulse Typ Reflection
INFO: Using waveform resolution 0.100000 ns.
INFO: Simulation (ibis_sim_0 IO2 1) ibis_sim_0 IO2 1 Pulse Typ Reflection finished
ANNOTATION: Tlsim Command used :  tlsim  -e 1.000000e+002 -r 0.100000 -o "waveforms.sim" -dl "delay.dl" -dst "distortion.dst" -log "tlsim.log" -ocycle "cycle.msm" "main.spc"\n
INFO: Clearing simulation data for case0
INFO: Simulation (ibis_sim_0 IO2 1) ibis_sim_0 IO2 1 Pulse Typ Reflection
INFO: Using waveform resolution 0.100000 ns.
INFO: Simulation (ibis_sim_0 IO2 1) ibis_sim_0 IO2 1 Pulse Typ Reflection finished
ANNOTATION: Tlsim Command used :  tlsim  -e 8.000000e+001 -r 0.100000 -o "waveforms.sim" -dl "delay.dl" -dst "distortion.dst" -log "tlsim.log" -ocycle "cycle.msm" "main.spc"\n
INFO: Clearing simulation data for case0
INFO: Simulation (ibis_sim_0 IO2 1) ibis_sim_0 IO2 1 Pulse Typ Reflection
INFO: Using waveform resolution 0.100000 ns.
INFO: Simulation (ibis_sim_0 IO2 1) ibis_sim_0 IO2 1 Pulse Typ Reflection finished
ANNOTATION: Tlsim Command used :  tlsim  -e 8.000000e+001 -r 0.100000 -o "waveforms.sim" -dl "delay.dl" -dst "distortion.dst" -log "tlsim.log" -ocycle "cycle.msm" "main.spc"\n
INFO: Clearing simulation data for case0
INFO: Simulation (ibis_sim_0 IO2 1) ibis_sim_0 IO2 1 Pulse Typ Reflection
INFO: Using waveform resolution 0.100000 ns.
INFO: Simulation (ibis_sim_0 IO2 1) ibis_sim_0 IO2 1 Pulse Typ Reflection finished
ANNOTATION: Tlsim Command used :  tlsim  -e 8.000000e+001 -r 0.100000 -o "waveforms.sim" -dl "delay.dl" -dst "distortion.dst" -log "tlsim.log" -ocycle "cycle.msm" "main.spc"\n
INFO: Clearing simulation data for case0
INFO: Simulation (ibis_sim_0 IO2 1) ibis_sim_0 IO2 1 Pulse Typ Reflection
INFO: Using waveform resolution 0.100000 ns.
INFO: Simulation (ibis_sim_0 IO2 1) ibis_sim_0 IO2 1 Pulse Typ Reflection finished
ANNOTATION: Tlsim Command used :  tlsim  -e 8.000000e+001 -r 0.100000 -o "waveforms.sim" -dl "delay.dl" -dst "distortion.dst" -log "tlsim.log" -ocycle "cycle.msm" "main.spc"\n
INFO: Clearing simulation data for case0
INFO: Simulation (ibis_sim_0 IO2 1) ibis_sim_0 IO2 1 Pulse Typ Reflection
INFO: Using waveform resolution 0.100000 ns.
INFO: Simulation (ibis_sim_0 IO2 1) ibis_sim_0 IO2 1 Pulse Typ Reflection finished
ANNOTATION: Tlsim Command used :  tlsim  -e 8.000000e+001 -r 0.100000 -o "waveforms.sim" -dl "delay.dl" -dst "distortion.dst" -log "tlsim.log" -ocycle "cycle.msm" "main.spc"\n
INFO: Clearing simulation data for case0
INFO: Simulation (ibis_sim_0 IO2 1) ibis_sim_0 IO2 1 Pulse Typ Reflection
INFO: Using waveform resolution 0.100000 ns.
INFO: Simulation (ibis_sim_0 IO2 1) ibis_sim_0 IO2 1 Pulse Typ Reflection finished
ANNOTATION: Tlsim Command used :  tlsim  -e 8.000000e+001 -r 0.100000 -o "waveforms.sim" -dl "delay.dl" -dst "distortion.dst" -log "tlsim.log" -ocycle "cycle.msm" "main.spc"\n
INFO: Clearing simulation data for case0
INFO: Simulation (ibis_sim_0 IO2 1) ibis_sim_0 IO2 1 Pulse Typ Reflection
INFO: Using waveform resolution 0.100000 ns.
INFO: Simulation (ibis_sim_0 IO2 1) ibis_sim_0 IO2 1 Pulse Typ Reflection finished
ANNOTATION: Tlsim Command used :  tlsim  -e 2.000000e+003 -r 0.100000 -o "waveforms.sim" -dl "delay.dl" -dst "distortion.dst" -log "tlsim.log" -ocycle "cycle.msm" "main.spc"\n
INFO: Clearing simulation data for case0
INFO: Simulation (ibis_sim_0 IO2 1) ibis_sim_0 IO2 1 Pulse Typ Reflection
INFO: Using waveform resolution 0.100000 ns.
INFO: Simulation (ibis_sim_0 IO2 1) ibis_sim_0 IO2 1 Pulse Typ Reflection finished
ANNOTATION: Tlsim Command used :  tlsim  -e 4.200000e+002 -r 0.100000 -o "waveforms.sim" -dl "delay.dl" -dst "distortion.dst" -log "tlsim.log" -ocycle "cycle.msm" "main.spc"\n
INFO: Clearing simulation data for case0
INFO: Simulation (ibis_sim_0 IO2 1) ibis_sim_0 IO2 1 Pulse Typ Reflection
INFO: Using waveform resolution 0.100000 ns.
INFO: Simulation (ibis_sim_0 IO2 1) ibis_sim_0 IO2 1 Pulse Typ Reflection finished
ANNOTATION: Tlsim Command used :  tlsim  -e 4.200000e+002 -r 0.100000 -o "waveforms.sim" -dl "delay.dl" -dst "distortion.dst" -log "tlsim.log" -ocycle "cycle.msm" "main.spc"\n
INFO: Clearing simulation data for case0
INFO: Simulation (ibis_sim_0 IO2 1) ibis_sim_0 IO2 1 Pulse Typ Reflection
INFO: Using waveform resolution 0.100000 ns.
INFO: Simulation (ibis_sim_0 IO2 1) ibis_sim_0 IO2 1 Pulse Typ Reflection finished
ANNOTATION: Tlsim Command used :  tlsim  -e 4.200000e+002 -r 0.100000 -o "waveforms.sim" -dl "delay.dl" -dst "distortion.dst" -log "tlsim.log" -ocycle "cycle.msm" "main.spc"\n
INFO: Clearing simulation data for case0
INFO: Simulation (ibis_sim_0 IO2 1) ibis_sim_0 IO2 1 Pulse Typ Reflection
INFO: Using waveform resolution 0.100000 ns.
INFO: Simulation (ibis_sim_0 IO2 1) ibis_sim_0 IO2 1 Pulse Typ Reflection finished
ANNOTATION: Tlsim Command used :  tlsim  -e 4.200000e+002 -r 0.100000 -o "waveforms.sim" -dl "delay.dl" -dst "distortion.dst" -log "tlsim.log" -ocycle "cycle.msm" "main.spc"\n
INFO: Clearing simulation data for case0
INFO: Simulation (ibis_sim_0 IO2 1) ibis_sim_0 IO2 1 Pulse Typ Reflection
INFO: Using waveform resolution 0.100000 ns.
INFO: Simulation (ibis_sim_0 IO2 1) ibis_sim_0 IO2 1 Pulse Typ Reflection finished
ANNOTATION: Tlsim Command used :  tlsim  -e 4.200000e+002 -r 0.100000 -o "waveforms.sim" -dl "delay.dl" -dst "distortion.dst" -log "tlsim.log" -ocycle "cycle.msm" "main.spc"\n
INFO: Clearing simulation data for case0
INFO: Simulation (ibis_sim_0 IO2 1) ibis_sim_0 IO2 1 Pulse Typ Reflection
INFO: Using waveform resolution 0.100000 ns.
INFO: Simulation (ibis_sim_0 IO2 1) ibis_sim_0 IO2 1 Pulse Typ Reflection finished
ANNOTATION: Tlsim Command used :  tlsim  -e 4.200000e+002 -r 0.100000 -o "waveforms.sim" -dl "delay.dl" -dst "distortion.dst" -log "tlsim.log" -ocycle "cycle.msm" "main.spc"\n
INFO: Clearing simulation data for case0
INFO: Simulation (ibis_sim_0 IO2 1) ibis_sim_0 IO2 1 Pulse Typ Reflection
INFO: Using waveform resolution 0.100000 ns.
INFO: Simulation (ibis_sim_0 IO2 1) ibis_sim_0 IO2 1 Pulse Typ Reflection finished
ANNOTATION: Tlsim Command used :  tlsim  -e 1.200000e+003 -r 0.100000 -o "waveforms.sim" -dl "delay.dl" -dst "distortion.dst" -log "tlsim.log" -ocycle "cycle.msm" "main.spc"\n
INFO: Loaded existing interconnect file 'C:\PJH\GIT\PMOD2BNC\16_6\IBIS_SIM_0\interconn.iml'
INFO: Loaded existing interconnect file 'C:\Cadence\SPB_16.6\share\pcb\signal\cds_interconn.iml'
INFO: Finished loading SigNoise interconnect libraries
INFO: Clearing simulation data for case0
INFO: Simulation (ibis_sim_0 IO2 1) ibis_sim_0 IO2 1 Pulse Typ Reflection
INFO: Using waveform resolution 0.100000 ns.
INFO: Simulation (ibis_sim_0 IO2 1) ibis_sim_0 IO2 1 Pulse Typ Reflection finished
ANNOTATION: Tlsim Command used :  tlsim  -e 1.200000e+003 -r 0.100000 -o "waveforms.sim" -dl "delay.dl" -dst "distortion.dst" -log "tlsim.log" -ocycle "cycle.msm" "main.spc"\n
INFO: Clearing simulation data for case0
INFO: Simulation (ibis_sim_0 IO2 1) ibis_sim_0 IO2 1 Pulse Typ Reflection
INFO: Using waveform resolution 0.100000 ns.
INFO: Simulation (ibis_sim_0 IO2 1) ibis_sim_0 IO2 1 Pulse Typ Reflection finished
ANNOTATION: Tlsim Command used :  tlsim  -e 1.200000e+003 -r 0.100000 -o "waveforms.sim" -dl "delay.dl" -dst "distortion.dst" -log "tlsim.log" -ocycle "cycle.msm" "main.spc"\n
INFO: Clearing simulation data for case0
INFO: Simulation (ibis_sim_0 IO2 1) ibis_sim_0 IO2 1 Pulse Typ Reflection
INFO: Using waveform resolution 0.100000 ns.
INFO: Simulation (ibis_sim_0 IO2 1) ibis_sim_0 IO2 1 Pulse Typ Reflection finished
ANNOTATION: Tlsim Command used :  tlsim  -e 1.200000e+003 -r 0.100000 -o "waveforms.sim" -dl "delay.dl" -dst "distortion.dst" -log "tlsim.log" -ocycle "cycle.msm" "main.spc"\n
INFO: Clearing simulation data for case0
INFO: Simulation (ibis_sim_0 IO2 1) ibis_sim_0 IO2 1 Pulse Typ Reflection
INFO: Using waveform resolution 0.100000 ns.
INFO: Simulation (ibis_sim_0 IO2 1) ibis_sim_0 IO2 1 Pulse Typ Reflection finished
ANNOTATION: Tlsim Command used :  tlsim  -e 1.200000e+003 -r 0.100000 -o "waveforms.sim" -dl "delay.dl" -dst "distortion.dst" -log "tlsim.log" -ocycle "cycle.msm" "main.spc"\n
INFO: Clearing simulation data for case0
INFO: Simulation (ibis_sim_0 IO2 1) ibis_sim_0 IO2 1 Pulse Typ Reflection
INFO: Using waveform resolution 0.100000 ns.
INFO: Simulation (ibis_sim_0 IO2 1) ibis_sim_0 IO2 1 Pulse Typ Reflection finished
ANNOTATION: Tlsim Command used :  tlsim  -e 1.200000e+003 -r 0.100000 -o "waveforms.sim" -dl "delay.dl" -dst "distortion.dst" -log "tlsim.log" -ocycle "cycle.msm" "main.spc"\n
INFO: Clearing simulation data for case0
INFO: Simulation (ibis_sim_0 IO2 1) ibis_sim_0 IO2 1 Pulse Typ Reflection
INFO: Using waveform resolution 0.100000 ns.
INFO: Simulation (ibis_sim_0 IO2 1) ibis_sim_0 IO2 1 Pulse Typ Reflection finished
ANNOTATION: Tlsim Command used :  tlsim  -e 1.200000e+003 -r 0.100000 -o "waveforms.sim" -dl "delay.dl" -dst "distortion.dst" -log "tlsim.log" -ocycle "cycle.msm" "main.spc"\n
INFO: Clearing simulation data for case0
INFO: Simulation (ibis_sim_0 IO2 1) ibis_sim_0 IO2 1 Pulse Typ Reflection
INFO: Using waveform resolution 0.100000 ns.
INFO: Simulation (ibis_sim_0 IO2 1) ibis_sim_0 IO2 1 Pulse Typ Reflection finished
ANNOTATION: Tlsim Command used :  tlsim  -e 1.200000e+003 -r 0.100000 -o "waveforms.sim" -dl "delay.dl" -dst "distortion.dst" -log "tlsim.log" -ocycle "cycle.msm" "main.spc"\n
INFO: Clearing simulation data for case0
INFO: Simulation (ibis_sim_0 IO2 1) ibis_sim_0 IO2 1 Pulse Typ Reflection
INFO: Using waveform resolution 0.100000 ns.
INFO: Simulation (ibis_sim_0 IO2 1) ibis_sim_0 IO2 1 Pulse Typ Reflection finished
ANNOTATION: Tlsim Command used :  tlsim  -e 1.200000e+003 -r 0.100000 -o "waveforms.sim" -dl "delay.dl" -dst "distortion.dst" -log "tlsim.log" -ocycle "cycle.msm" "main.spc"\n
INFO: Clearing simulation data for case0
INFO: Simulation (ibis_sim_0 IO2 1) ibis_sim_0 IO2 1 Pulse Typ Reflection
INFO: Using waveform resolution 0.100000 ns.
INFO: Simulation (ibis_sim_0 IO2 1) ibis_sim_0 IO2 1 Pulse Typ Reflection finished
ANNOTATION: Tlsim Command used :  tlsim  -e 1.200000e+003 -r 0.100000 -o "waveforms.sim" -dl "delay.dl" -dst "distortion.dst" -log "tlsim.log" -ocycle "cycle.msm" "main.spc"\n
INFO: Clearing simulation data for case0
INFO: Simulation (ibis_sim_0 IO2 1) ibis_sim_0 IO2 1 Pulse Typ Reflection
INFO: Using waveform resolution 0.100000 ns.
INFO: Simulation (ibis_sim_0 IO2 1) ibis_sim_0 IO2 1 Pulse Typ Reflection finished
ANNOTATION: Tlsim Command used :  tlsim  -e 1.200000e+003 -r 0.100000 -o "waveforms.sim" -dl "delay.dl" -dst "distortion.dst" -log "tlsim.log" -ocycle "cycle.msm" "main.spc"\n
INFO: Simulation (ibis_sim_0 IO2 1) ibis_sim_0 IO2 1 Pulse Typ Reflection
INFO: Using waveform resolution 0.100000 ns.
INFO: Simulation (ibis_sim_0 IO2 1) ibis_sim_0 IO2 1 Pulse Typ Reflection finished
ANNOTATION: Tlsim Command used :  tlsim  -e 1.200000e+003 -r 0.100000 -o "C:/Users/ece/AppData/Local/Temp/#Taaaabt16576.tmp" -dl "C:/Users/ece/AppData/Local/Temp/#Taaaabu16576.tmp" -dst "C:/Users/ece/AppData/Local/Temp/#Taaaabv16576.tmp" -log "C:/Users/ece/AppData/Local/Temp/#Taaaabw16576.tmp" -ocycle "C:/Users
INFO: Simulation (ibis_sim_0 IO2 1) ibis_sim_0 IO2 1 Pulse Typ Reflection
INFO: Using waveform resolution 0.100000 ns.
INFO: Simulation (ibis_sim_0 IO2 1) ibis_sim_0 IO2 1 Pulse Typ Reflection finished
ANNOTATION: Tlsim Command used :  tlsim  -e 1.200000e+003 -r 0.100000 -o "C:/Users/ece/AppData/Local/Temp/#Taaaaci16576.tmp" -dl "C:/Users/ece/AppData/Local/Temp/#Taaaacj16576.tmp" -dst "C:/Users/ece/AppData/Local/Temp/#Taaaack16576.tmp" -log "C:/Users/ece/AppData/Local/Temp/#Taaaacl16576.tmp" -ocycle "C:/Users
INFO: Simulation (ibis_sim_0 IO2 1) ibis_sim_0 IO2 1 Pulse Typ Reflection
INFO: Using waveform resolution 0.100000 ns.
INFO: Simulation (ibis_sim_0 IO2 1) ibis_sim_0 IO2 1 Pulse Typ Reflection finished
ANNOTATION: Tlsim Command used :  tlsim  -e 1.200000e+003 -r 0.100000 -o "C:/Users/ece/AppData/Local/Temp/#Taaaacx16576.tmp" -dl "C:/Users/ece/AppData/Local/Temp/#Taaaacy16576.tmp" -dst "C:/Users/ece/AppData/Local/Temp/#Taaaacz16576.tmp" -log "C:/Users/ece/AppData/Local/Temp/#Taaaada16576.tmp" -ocycle "C:/Users
INFO: Simulation (ibis_sim_0 IO2 1) ibis_sim_0 IO2 1 Pulse Typ Reflection
INFO: Using waveform resolution 0.100000 ns.
INFO: Simulation (ibis_sim_0 IO2 1) ibis_sim_0 IO2 1 Pulse Typ Reflection finished
ANNOTATION: Tlsim Command used :  tlsim  -e 1.200000e+003 -r 0.100000 -o "C:/Users/ece/AppData/Local/Temp/#Taaaadm16576.tmp" -dl "C:/Users/ece/AppData/Local/Temp/#Taaaadn16576.tmp" -dst "C:/Users/ece/AppData/Local/Temp/#Taaaado16576.tmp" -log "C:/Users/ece/AppData/Local/Temp/#Taaaadp16576.tmp" -ocycle "C:/Users
INFO: Simulation (ibis_sim_0 IO2 1) ibis_sim_0 IO2 1 Pulse Typ Reflection
INFO: Using waveform resolution 0.100000 ns.
INFO: Simulation (ibis_sim_0 IO2 1) ibis_sim_0 IO2 1 Pulse Typ Reflection finished
ANNOTATION: Tlsim Command used :  tlsim  -e 1.200000e+003 -r 0.100000 -o "C:/Users/ece/AppData/Local/Temp/#Taaaaeb16576.tmp" -dl "C:/Users/ece/AppData/Local/Temp/#Taaaaec16576.tmp" -dst "C:/Users/ece/AppData/Local/Temp/#Taaaaed16576.tmp" -log "C:/Users/ece/AppData/Local/Temp/#Taaaaee16576.tmp" -ocycle "C:/Users
INFO: Simulation (ibis_sim_0 IO2 1) ibis_sim_0 IO2 1 Pulse Typ Reflection
INFO: Using waveform resolution 0.100000 ns.
INFO: Simulation (ibis_sim_0 IO2 1) ibis_sim_0 IO2 1 Pulse Typ Reflection finished
ANNOTATION: Tlsim Command used :  tlsim  -e 1.200000e+003 -r 0.100000 -o "C:/Users/ece/AppData/Local/Temp/#Taaaaeq16576.tmp" -dl "C:/Users/ece/AppData/Local/Temp/#Taaaaer16576.tmp" -dst "C:/Users/ece/AppData/Local/Temp/#Taaaaes16576.tmp" -log "C:/Users/ece/AppData/Local/Temp/#Taaaaet16576.tmp" -ocycle "C:/Users
INFO: Simulation (ibis_sim_0 IO2 1) ibis_sim_0 IO2 1 Pulse Typ Reflection
INFO: Using waveform resolution 0.100000 ns.
INFO: Simulation (ibis_sim_0 IO2 1) ibis_sim_0 IO2 1 Pulse Typ Reflection finished
ANNOTATION: Tlsim Command used :  tlsim  -e 1.200000e+003 -r 0.100000 -o "C:/Users/ece/AppData/Local/Temp/#Taaaaff16576.tmp" -dl "C:/Users/ece/AppData/Local/Temp/#Taaaafg16576.tmp" -dst "C:/Users/ece/AppData/Local/Temp/#Taaaafh16576.tmp" -log "C:/Users/ece/AppData/Local/Temp/#Taaaafi16576.tmp" -ocycle "C:/Users
INFO: Simulation (ibis_sim_0 IO2 1) ibis_sim_0 IO2 1 Pulse Typ Reflection
INFO: Using waveform resolution 0.100000 ns.
INFO: Simulation (ibis_sim_0 IO2 1) ibis_sim_0 IO2 1 Pulse Typ Reflection finished
ANNOTATION: Tlsim Command used :  tlsim  -e 1.200000e+003 -r 0.100000 -o "C:/Users/ece/AppData/Local/Temp/#Taaaafu16576.tmp" -dl "C:/Users/ece/AppData/Local/Temp/#Taaaafv16576.tmp" -dst "C:/Users/ece/AppData/Local/Temp/#Taaaafw16576.tmp" -log "C:/Users/ece/AppData/Local/Temp/#Taaaafx16576.tmp" -ocycle "C:/Users
INFO: Simulation (ibis_sim_0 IO2 1) ibis_sim_0 IO2 1 Pulse Typ Reflection
INFO: Using waveform resolution 0.100000 ns.
INFO: Simulation (ibis_sim_0 IO2 1) ibis_sim_0 IO2 1 Pulse Typ Reflection finished
ANNOTATION: Tlsim Command used :  tlsim  -e 1.200000e+003 -r 0.100000 -o "C:/Users/ece/AppData/Local/Temp/#Taaaagj16576.tmp" -dl "C:/Users/ece/AppData/Local/Temp/#Taaaagk16576.tmp" -dst "C:/Users/ece/AppData/Local/Temp/#Taaaagl16576.tmp" -log "C:/Users/ece/AppData/Local/Temp/#Taaaagm16576.tmp" -ocycle "C:/Users
INFO: Simulation (ibis_sim_0 IO2 1) ibis_sim_0 IO2 1 Pulse Typ Reflection
INFO: Using waveform resolution 0.100000 ns.
INFO: Simulation (ibis_sim_0 IO2 1) ibis_sim_0 IO2 1 Pulse Typ Reflection finished
ANNOTATION: Tlsim Command used :  tlsim  -e 1.200000e+003 -r 0.100000 -o "C:/Users/ece/AppData/Local/Temp/#Taaaagy16576.tmp" -dl "C:/Users/ece/AppData/Local/Temp/#Taaaagz16576.tmp" -dst "C:/Users/ece/AppData/Local/Temp/#Taaaaha16576.tmp" -log "C:/Users/ece/AppData/Local/Temp/#Taaaahb16576.tmp" -ocycle "C:/Users
INFO: Clearing simulation data for case0
INFO: Simulation (ibis_sim_0 IO2 1) ibis_sim_0 IO2 1 Pulse Typ Reflection
INFO: Using waveform resolution 0.100000 ns.
INFO: Simulation (ibis_sim_0 IO2 1) ibis_sim_0 IO2 1 Pulse Typ Reflection finished
ANNOTATION: Tlsim Command used :  tlsim  -e 1.200000e+003 -r 0.100000 -o "waveforms.sim" -dl "delay.dl" -dst "distortion.dst" -log "tlsim.log" -ocycle "cycle.msm" "main.spc"\n
INFO: Clearing simulation data for case0
INFO: Simulation (ibis_sim_0 IO2 1) ibis_sim_0 IO2 1 Pulse Typ Reflection
INFO: Using waveform resolution 0.100000 ns.
INFO: Simulation (ibis_sim_0 IO2 1) ibis_sim_0 IO2 1 Pulse Typ Reflection finished
ANNOTATION: Tlsim Command used :  tlsim  -e 1.200000e+003 -r 0.100000 -o "waveforms.sim" -dl "delay.dl" -dst "distortion.dst" -log "tlsim.log" -ocycle "cycle.msm" "main.spc"\n
INFO: Clearing simulation data for case0
INFO: Simulation (ibis_sim_0 IO2 1) ibis_sim_0 IO2 1 Pulse Typ Reflection
INFO: Using waveform resolution 0.100000 ns.
INFO: Simulation (ibis_sim_0 IO2 1) ibis_sim_0 IO2 1 Pulse Typ Reflection finished
ANNOTATION: Tlsim Command used :  tlsim  -e 1.200000e+003 -r 0.100000 -o "waveforms.sim" -dl "delay.dl" -dst "distortion.dst" -log "tlsim.log" -ocycle "cycle.msm" "main.spc"\n
INFO: Clearing simulation data for case0
INFO: Simulation (ibis_sim_0 IO2 1) ibis_sim_0 IO2 1 Pulse Typ Reflection
INFO: Using waveform resolution 0.100000 ns.
INFO: Simulation (ibis_sim_0 IO2 1) ibis_sim_0 IO2 1 Pulse Typ Reflection finished
ANNOTATION: Tlsim Command used :  tlsim  -e 1.200000e+003 -r 0.100000 -o "waveforms.sim" -dl "delay.dl" -dst "distortion.dst" -log "tlsim.log" -ocycle "cycle.msm" "main.spc"\n
INFO: Clearing simulation data for case0
INFO: Simulation (ibis_sim_0 IO2 1) ibis_sim_0 IO2 1 Pulse Typ Reflection
INFO: Using waveform resolution 0.100000 ns.
INFO: Simulation (ibis_sim_0 IO2 1) ibis_sim_0 IO2 1 Pulse Typ Reflection finished
ANNOTATION: Tlsim Command used :  tlsim  -e 1.200000e+003 -r 0.100000 -o "waveforms.sim" -dl "delay.dl" -dst "distortion.dst" -log "tlsim.log" -ocycle "cycle.msm" "main.spc"\n
INFO: Clearing simulation data for case0
INFO: Simulation (ibis_sim_0 IO2 1) ibis_sim_0 IO2 1 Pulse Typ Reflection
INFO: Using waveform resolution 0.100000 ns.
INFO: Simulation (ibis_sim_0 IO2 1) ibis_sim_0 IO2 1 Pulse Typ Reflection finished
ANNOTATION: Tlsim Command used :  tlsim  -e 1.200000e+003 -r 0.100000 -o "waveforms.sim" -dl "delay.dl" -dst "distortion.dst" -log "tlsim.log" -ocycle "cycle.msm" "main.spc"\n
INFO: Clearing simulation data for case0
INFO: Simulation (ibis_sim_0 IO2 1) ibis_sim_0 IO2 1 Pulse Typ Reflection
INFO: Using waveform resolution 0.100000 ns.
INFO: Simulation (ibis_sim_0 IO2 1) ibis_sim_0 IO2 1 Pulse Typ Reflection finished
ANNOTATION: Tlsim Command used :  tlsim  -e 1.200000e+003 -r 0.100000 -o "waveforms.sim" -dl "delay.dl" -dst "distortion.dst" -log "tlsim.log" -ocycle "cycle.msm" "main.spc"\n
