{ Using PSTWRITER 16.6.0 d001Jun-29-2023 at 01:23:24 }

#1 WARNING(ORCAP-36006): Part Name "C0603C104M3RACTM_C0603_C0603C104M3RACTM" is renamed to "C0603C104M3RACTM_C0603_C0603C10".
#2 WARNING(ORCAP-36006): Part Name "C0402C103K3RAC7411_C0402_C0402C103K3RAC7411" is renamed to "C0402C103K3RAC7411_C0402_C0402C".
#3 WARNING(ORCAP-36006): Part Name "C0603C105K4RAC_CAPC1608X90N_C0603C105K4RAC" is renamed to "C0603C105K4RAC_CAPC1608X90N_C06".
#4 WARNING(ORCAP-36006): Part Name "08053D334KAT2A_CAPC2012X140N_08053D334KAT2A" is renamed to "08053D334KAT2A_CAPC2012X140N_08".
#5 WARNING(ORCAP-36006): Part Name "MAL215375109E3_CAPAE450X450N_MAL215375109E3" is renamed to "MAL215375109E3_CAPAE450X450N_MA".
#6 WARNING(ORCAP-36006): Part Name "PESD4USB3B_TBSX_PESD4USB3BTBSX_PESD4USB3B_TBSX" is renamed to "PESD4USB3B_TBSX_PESD4USB3BTBSX_".
#7 WARNING(ORCAP-36006): Part Name "PESD12VS1UA_115_SOD2512X110N_PESD12VS1UA_115" is renamed to "PESD12VS1UA_115_SOD2512X110N_PE".
#8 WARNING(ORCAP-36006): Part Name "BLM18PG121SN1D_BLM18EG121SH1D_BLM18PG121SN1D" is renamed to "BLM18PG121SN1D_BLM18EG121SH1D_B".
#9 WARNING(ORCAP-36006): Part Name "NLVHC1G14DFT1G_SOT65P210X110-5N_NLVHC1G14DFT1G" is renamed to "NLVHC1G14DFT1G_SOT65P210X110-5N".
#10 WARNING(ORCAP-36006): Part Name "74LVC1G3157GW_125_74LVC1G3157GW125_74LVC1G3157GW_125" is renamed to "74LVC1G3157GW_125_74LVC1G3157GW".
#11 WARNING(ORCAP-36006): Part Name "SI8620BC_B_IS_SOIC127P600X175-8N_SI8620BC_B_IS" is renamed to "SI8620BC_B_IS_SOIC127P600X175-8".
#12 WARNING(ORCAP-36006): Part Name "74LVCH2T45DC_Q100H_74LVCH2T45DCQ100H_74LVCH2T45DC_Q100H" is renamed to "74LVCH2T45DC_Q100H_74LVCH2T45DC".
#13 WARNING(ORCAP-36006): Part Name "PESD4USB5B_TBRX_PESD4USB5BTBRX_PESD4USB5B_TBRX" is renamed to "PESD4USB5B_TBRX_PESD4USB5BTBRX_".
#14 WARNING(ORCAP-36006): Part Name "FDS8958B_SOIC127P600X175-8N_FDS8958B" is renamed to "FDS8958B_SOIC127P600X175-8N_FDS".
#15 WARNING(ORCAP-36006): Part Name "LD29150PTR_LD29150PTR_LD29150PTR" is renamed to "LD29150PTR_LD29150PTR_LD29150PT".
#16 WARNING(ORCAP-36006): Part Name "DS04_254_2_04BK_SMT_SOP254P990X430-8N_DS04_254_2_04BK_SMT" is renamed to "DS04_254_2_04BK_SMT_SOP254P990X".
#17 WARNING(ORCAP-36006): Part Name "TLP7920_D4_TP1_F_DIP762W60P254L966H485Q8N_TLP7920_D4_TP1_F" is renamed to "TLP7920_D4_TP1_F_DIP762W60P254L".
#18 WARNING(ORCAP-36006): Part Name "46207_1104_46207-YY_2_04_46207_1104" is renamed to "46207_1104_46207-YY_2_04_46207_".
#19 WARNING(ORCAP-36006): Part Name "5988260107F_LEDC3216X78N_5988260107F" is renamed to "5988260107F_LEDC3216X78N_598826".
#20 WARNING(ORCAP-36006): Part Name "NTGD4167CT1G_SOT95P275X110-6N_NTGD4167CT1G" is renamed to "NTGD4167CT1G_SOT95P275X110-6N_N".
#21 WARNING(ORCAP-36006): Part Name "NVR4501NT1G_SOT96P237X111-3N_NVR4501NT1G" is renamed to "NVR4501NT1G_SOT96P237X111-3N_NV".
#22 WARNING(ORCAP-36006): Part Name "ERA_8AEB1580V_RESC3216X70N_ERA_8AEB1580V" is renamed to "ERA_8AEB1580V_RESC3216X70N_ERA_".
#23 WARNING(ORCAP-36006): Part Name "RP73PF2A73R2BTDF_RESC2012X65N_RP73PF2A73R2BTDF" is renamed to "RP73PF2A73R2BTDF_RESC2012X65N_R".
#24 WARNING(ORCAP-36006): Part Name "RNCP1206FTD10K0_RESC3115X60N_RNCP1206FTD10K0" is renamed to "RNCP1206FTD10K0_RESC3115X60N_RN".
#25 WARNING(ORCAP-36006): Part Name "TNPU04021K00BZEP00_RESC1005X40N_TNPU04021K00BZEP00" is renamed to "TNPU04021K00BZEP00_RESC1005X40N".
#26 WARNING(ORCAP-36006): Part Name "ERA_3VEB5900V_ERA3KV__0603__ERA_3VEB5900V" is renamed to "ERA_3VEB5900V_ERA3KV__0603__ERA".
#27 WARNING(ORCAP-36006): Part Name "ERA_3VEB3240V_ERA3KV__0603__ERA_3VEB3240V" is renamed to "ERA_3VEB3240V_ERA3KV__0603__ERA".
#28 WARNING(ORCAP-36006): Part Name "DS04_254_2_01BK_SMT_TR_DS04254201BKSMTTR_DS04_254_2_01BK_SMT_TR" is renamed to "DS04_254_2_01BK_SMT_TR_DS042542".
INFO(ORCAP-36080): Scanning netlist files ...

Loading... C:\PJH\GIT\PMOD2BNC\16_6\PMOD2BNC_V1_0\allegro/pstchip.dat

Loading... C:\PJH\GIT\PMOD2BNC\16_6\PMOD2BNC_V1_0\allegro/pstchip.dat

Loading... C:\PJH\GIT\PMOD2BNC\16_6\PMOD2BNC_V1_0\allegro/pstxprt.dat

Loading... C:\PJH\GIT\PMOD2BNC\16_6\PMOD2BNC_V1_0\allegro/pstxnet.dat
packaging the design view...