(---------------------------------------------------------------------)
(                                                                     )
(    Clipboard Paste Session                                          )
(                                                                     )
(    Drawing          : PMOD2BNCSIMPLE_v1_02.brd                      )
(    Software Version : 16.6P004                                      )
(    Date/Time        : Sun Nov 05 17:10:20 2023                      )
(                                                                     )
(---------------------------------------------------------------------)


Netname "N00439" for via at (0.25 0.15) does not exist, create anyway.
WARNING(SPMHUT-48): Scaled value has been rounded off.
Netname "N00439" for via at (0.3 0.075) does not exist, create anyway.
Netname "N00439" for via at (0.25 0.3) does not exist, create anyway.
Netname "N00439" for via at (0.25 0.225) does not exist, create anyway.
Netname "N00439" for via at (1.05 0.075) does not exist, create anyway.
Netname "N00439" for via at (0.825 0.075) does not exist, create anyway.
Netname "N09864" for via at (1.15 0.15) does not exist, create anyway.
Netname "N09864" for via at (1.2 0.075) does not exist, create anyway.
Netname "N09864" for via at (1.15 0.225) does not exist, create anyway.
Netname "N09864" for via at (1.15 0.3) does not exist, create anyway.
Netname "N00439" for via at (1.175 0.425) does not exist, create anyway.
Netname "N00439" for via at (1.125 0.35) does not exist, create anyway.
Netname "N09864" for via at (1.95 0.075) does not exist, create anyway.
Netname "N09864" for via at (1.725 0.075) does not exist, create anyway.
Netname "N10733" for via at (2.05 0.15) does not exist, create anyway.
Netname "N10733" for via at (2.1 0.075) does not exist, create anyway.
Netname "N10733" for via at (2.05 0.225) does not exist, create anyway.
Netname "N10733" for via at (2.05 0.3) does not exist, create anyway.
Netname "N09864" for via at (2.075 0.425) does not exist, create anyway.
Netname "N09864" for via at (2.025 0.35) does not exist, create anyway.
Netname "N10733" for via at (2.85 0.075) does not exist, create anyway.
Netname "N10733" for via at (2.625 0.075) does not exist, create anyway.
Netname "N11602" for via at (2.95 0.15) does not exist, create anyway.
Netname "N11602" for via at (3.0 0.075) does not exist, create anyway.
Netname "N11602" for via at (2.95 0.225) does not exist, create anyway.
Netname "N11602" for via at (2.95 0.3) does not exist, create anyway.
Netname "N10733" for via at (2.975 0.425) does not exist, create anyway.
Netname "N10733" for via at (2.925 0.35) does not exist, create anyway.
Netname "N11602" for via at (3.75 0.075) does not exist, create anyway.
Netname "N11602" for via at (3.525 0.075) does not exist, create anyway.
Netname "N11602" for via at (3.875 0.425) does not exist, create anyway.
Netname "N11602" for via at (3.825 0.35) does not exist, create anyway.


Clipboard Paste Session Completed at Nov 05 17:10:24 2023
