(---------------------------------------------------------------------)
(                                                                     )
(    Allegro Netrev Import Logic                                      )
(                                                                     )
(    Drawing          : PMOD2BNCSIMPLE.brd                            )
(    Software Version : 16.6P004                                      )
(    Date/Time        : Sat Nov 04 16:50:12 2023                      )
(                                                                     )
(---------------------------------------------------------------------)


------ Directives ------

RIPUP_ETCH FALSE;
RIPUP_DELETE_FIRST_SEGMENT FALSE;
RIPUP_RETAIN_BONDWIRE FALSE;
RIPUP_SYMBOLS ALWAYS;
Missing symbol has error FALSE;
SCHEMATIC_DIRECTORY 'C:\GIT\PMOD2BNC\16_6\PMOD2BNC_SIMPLE_V1_0';
BOARD_DIRECTORY 'C:/GIT/PMOD2BNC/16_6/PMOD2BNC_SIMPLE_v1_0';
OLD_BOARD_NAME 'C:/GIT/PMOD2BNC/16_6/PMOD2BNC_SIMPLE_v1_0/PMOD2BNCSIMPLE.brd';
NEW_BOARD_NAME 'C:/GIT/PMOD2BNC/16_6/PMOD2BNC_SIMPLE_v1_0/PMOD2BNCSIMPLE.brd';

CmdLine: netrev.exe -y 1 -n -i C:\GIT\PMOD2BNC\16_6\PMOD2BNC_SIMPLE_V1_0 C:\GIT\PMOD2BNC\16_6\PMOD2BNC_SIMPLE_v1_0\PMOD2BNCSIMPLE.brd C:\GIT\PMOD2BNC\16_6\PMOD2BNC_SIMPLE_v1_0\PMOD2BNCSIMPLE.brd

------ Preparing to read pst files ------

Starting to read C:/GIT/PMOD2BNC/16_6/PMOD2BNC_SIMPLE_V1_0/pstchip.dat 
   Finished reading C:/GIT/PMOD2BNC/16_6/PMOD2BNC_SIMPLE_V1_0/pstchip.dat (00:00:00.05)
Starting to read C:/GIT/PMOD2BNC/16_6/PMOD2BNC_SIMPLE_V1_0/pstxprt.dat 
   Finished reading C:/GIT/PMOD2BNC/16_6/PMOD2BNC_SIMPLE_V1_0/pstxprt.dat (00:00:00.00)
Starting to read C:/GIT/PMOD2BNC/16_6/PMOD2BNC_SIMPLE_V1_0/pstxnet.dat 
   Finished reading C:/GIT/PMOD2BNC/16_6/PMOD2BNC_SIMPLE_V1_0/pstxnet.dat (00:00:00.00)

------ Oversights/Warnings/Errors ------


#1   WARNING(SPMHNI-192): Device/Symbol check warning detected. [help]

WARNING(SPMHNI-194): Symbol 'MP-13-22-1' for device 'MP-13-22-1_MP-13-22-1_MP-13-22-' not found in PSMPATH or must be "dbdoctor"ed.

#2   WARNING(SPMHNI-192): Device/Symbol check warning detected. [help]

WARNING(SPMHNI-194): Symbol '717640112' for device '71764_0114_717640112_71764_0114' not found in PSMPATH or must be "dbdoctor"ed.

------ Library Paths ------
MODULEPATH =  . 
           C:/Cadence/SPB_16.6/share/local/pcb/modules 

PSMPATH =  . 
           symbols 
           .. 
           ../symbols 
           C:/Cadence/SPB_16.6/share/local/pcb/symbols 
           C:/Cadence/SPB_16.6/share/pcb/pcb_lib/symbols 
           C:/Cadence/SPB_16.6/share/pcb/allegrolib/symbols 

PADPATH =  . 
           symbols 
           .. 
           ../symbols 
           C:/Cadence/SPB_16.6/share/local/pcb/padstacks 
           C:/Cadence/SPB_16.6/share/pcb/pcb_lib/symbols 
           C:/Cadence/SPB_16.6/share/pcb/allegrolib/symbols 
           C:/GIT/PMOD2BNC/16_6/PMOD2BNC_SIMPLE_v1_0/Library/BNC_MP-13-22-1 


------ Summary Statistics ------


netrev run on Nov 4 16:50:12 2023
   DESIGN NAME : 'PMOD2SIMPLE'
   PACKAGING ON Sep 10 2012 04:46:09

   COMPILE 'logic'
   CHECK_PIN_NAMES OFF
   CROSS_REFERENCE OFF
   FEEDBACK OFF
   INCREMENTAL OFF
   INTERFACE_TYPE PHYSICAL
   MAX_ERRORS 500
   MERGE_MINIMUM 5
   NET_NAME_CHARS '#%&()*+-./:=>?@[]^_`|'
   NET_NAME_LENGTH 24
   OVERSIGHTS ON
   REPLACE_CHECK OFF
   SINGLE_NODE_NETS ON
   SPLIT_MINIMUM 0
   SUPPRESS   20
   WARNINGS ON

 No error detected
 No oversight detected
  2 warnings detected

cpu time      0:00:40
elapsed time  0:00:00

