(---------------------------------------------------------------------)
(                                                                     )
(    IPC2581 Export                                                   )
(                                                                     )
(    Software Version : 23.1S003                                      )
(    Date/Time        : Tue Apr  2 18:48:30 2024                      )
(                                                                     )
(---------------------------------------------------------------------)




Collecting net list ...



Collecting padstack defintions ...



Collecting package defintions ...

WARNING: No PLACE_BOUND outline found for the package "M3HOLE", IGNORED.


Collecting component descriptions ...

WARNING: No PLACE_BOUND outline found for the symbol located at (4.8000, 4.0000), (SymbolName="M3HOLE"), IGNORED.
WARNING: No PLACE_BOUND outline found for the symbol located at (0.2000, 4.0000), (SymbolName="M3HOLE"), IGNORED.
WARNING: No PLACE_BOUND outline found for the symbol located at (4.8000, 0.2000), (SymbolName="M3HOLE"), IGNORED.
WARNING: No PLACE_BOUND outline found for the symbol located at (0.2000, 0.2000), (SymbolName="M3HOLE"), IGNORED.


Collecting BOM items ...



Property configuration file: C:/Jeonghyun/Lab/PMOD2BNC_v2/allegro/ipc2581_attr_config.atr
IPC2581 file: PMOD2BNC
IPC2581 version: IPC2581-B
BRD file: C:/Jeonghyun/Lab/PMOD2BNC_v2/allegro/PMOD2BNC.brd
IPC2581 units: INCH
Global package pin1 orientation: OTHER
Default symbol height: 0.15
Export drill information?: YES
Export backdrill information?: NO
Export BOM information?: YES
Export component descriptions?: YES
Export component packages?: YES
Export land patterns?: YES
Export device descriptions?: YES
Export net list?: YES
Export hierarchical layer/stack instance?: YES
Export Outer Copper Layers?: YES
Export Inner Layers?: YES
Export Documentation Layers?: YES
Export Miscellaneous Image Layers?: YES
Export SolderMask/SolderPaste Legend Layers?: YES
Export vector text?: YES
Export cavities?: NO
Export padstack definitions?: YES
Export zip file?: NO
a2ipc2581 complete.
