(---------------------------------------------------------------------)
(                                                                     )
(    DBDOCTOR                                                         )
(                                                                     )
(    Drawing          : SMAFST_PCBN.dra                               )
(    Software Version : 23.1P001                                      )
(    Date/Time        : Mon Nov 20 21:34:54 2023                      )
(                                                                     )
(---------------------------------------------------------------------)



0 warnings, 0 errors detected, 0 errors  fixed.
(---------------------------------------------------------------------)
(                                                                     )
(    DBDOCTOR                                                         )
(                                                                     )
(    Drawing          : s225_h150.Pad                                 )
(    Software Version : 23.1P001                                      )
(    Date/Time        : Mon Nov 20 21:45:36 2023                      )
(                                                                     )
(---------------------------------------------------------------------)



0 warnings, 0 errors detected, 0 errors  fixed.
